2024-02-19 02:38:07,457 [ERROR] LogOutputStream:75 - [STDERR_REDIRECT] 
2024-02-19 08:37:20,011 [INFO] Activator:176 - 


2024-02-19 08:37:20,013 [INFO] Activator:177 - !SESSION log4j initialized
2024-02-19 08:37:24,997 [ERROR] LogOutputStream:75 - [STDERR_REDIRECT] 
2024-02-19 08:37:25,876 [INFO] LogOutputStream:77 - [STDOUT_REDIRECT] 
2024-02-19 08:37:27,266 [INFO] LogOutputStream:77 - [STDOUT_REDIRECT] 
2024-02-19 08:37:29,829 [ERROR] LogOutputStream:75 - [STDERR_REDIRECT] [Fatal Error] :2:10: DOCTYPE is disallowed when the feature "http://apache.org/xml/features/disallow-doctype-decl" set to true.
2024-02-19 08:37:29,833 [ERROR] LogOutputStream:75 - [STDERR_REDIRECT] 
2024-02-19 08:37:30,162 [INFO] ApplicationProperties:184 - Using Application install path: /Applications/STM32CubeIDE.app/Contents/Eclipse/plugins/com.st.stm32cube.common.mx_6.10.0.202311202037
2024-02-19 08:37:30,174 [INFO] DbMcusXml:78 - Set database path to: /Applications/STM32CubeIDE.app/Contents/Eclipse/plugins/com.st.stm32cube.common.mx_6.10.0.202311202037//db//mcu/
2024-02-19 08:37:30,174 [INFO] ApiDb:274 - Set plugin database path to: /Applications/STM32CubeIDE.app/Contents/Eclipse/plugins/com.st.stm32cube.common.mx_6.10.0.202311202037//db//plugins/boardmanager/
2024-02-19 08:37:30,175 [WARN] ApiDb:259 - Overriding images path with different value:  => /Applications/STM32CubeIDE.app/Contents/Eclipse/plugins/com.st.stm32cube.common.mx_6.10.0.202311202037//db//plugins/mcufinder/images/
2024-02-19 08:37:30,180 [INFO] ApiDb:250 - Set database path to: /Users/chmnku/.stmcufinder/plugins/mcufinder//mcu/
2024-02-19 08:37:30,181 [INFO] DbMcusAds:125 - Set database path to: /Users/chmnku/.stmcufinder/plugins/mcufinder//mcu/
2024-02-19 08:37:30,182 [INFO] CrossReferenceDbSqlite:203 - Set database path to: /Users/chmnku/.stmcufinder/plugins/mcufinder//mcu/cs/
2024-02-19 08:37:30,316 [INFO] RulesReader:64 - Compatibility file has been processed (297 Rules)
2024-02-19 08:37:30,375 [INFO] DbMcusXml:78 - Set database path to: /Applications/STM32CubeIDE.app/Contents/Eclipse/plugins/com.st.stm32cube.common.mx_6.10.0.202311202037//db//mcu/
2024-02-19 08:37:30,375 [INFO] ApiDb:274 - Set plugin database path to: /Applications/STM32CubeIDE.app/Contents/Eclipse/plugins/com.st.stm32cube.common.mx_6.10.0.202311202037//db//plugins/boardmanager/
2024-02-19 08:37:30,376 [INFO] ApiDb:261 - Set plugin images path to: /Applications/STM32CubeIDE.app/Contents/Eclipse/plugins/com.st.stm32cube.common.mx_6.10.0.202311202037//db//plugins/mcufinder/images/
2024-02-19 08:37:30,376 [WARN] DbFile:41 - Overriding database path with different value: /Users/chmnku/.stmcufinder/plugins/mcufinder/ => /Users/chmnku/.stmcufinder/plugins/mcufinder
2024-02-19 08:37:30,376 [INFO] ApiDb:250 - Set database path to: /Users/chmnku/.stmcufinder/plugins/mcufinder//mcu/
2024-02-19 08:37:30,376 [WARN] DbFile:41 - Overriding database path with different value: /Users/chmnku/.stmcufinder/plugins/mcufinder/ => /Users/chmnku/.stmcufinder/plugins/mcufinder
2024-02-19 08:37:30,376 [INFO] DbMcusAds:125 - Set database path to: /Users/chmnku/.stmcufinder/plugins/mcufinder//mcu/
2024-02-19 08:37:30,377 [WARN] DbFile:41 - Overriding database path with different value: /Users/chmnku/.stmcufinder/plugins/mcufinder/ => /Users/chmnku/.stmcufinder/plugins/mcufinder
2024-02-19 08:37:30,377 [WARN] DbFile:41 - Overriding database path with different value: /Users/chmnku/.stmcufinder/plugins/mcufinder/ => /Users/chmnku/.stmcufinder/plugins/mcufinder
2024-02-19 08:37:30,377 [INFO] CrossReferenceDbSqlite:203 - Set database path to: /Users/chmnku/.stmcufinder/plugins/mcufinder//mcu/cs/
2024-02-19 08:37:30,456 [INFO] MainPanel:264 - HeapMemory: 271581184
2024-02-19 08:37:30,539 [INFO] DbMcusXml:78 - Set database path to: /Applications/STM32CubeIDE.app/Contents/Eclipse/plugins/com.st.stm32cube.common.mx_6.10.0.202311202037//db//mcu/
2024-02-19 08:37:30,540 [INFO] ApiDb:274 - Set plugin database path to: /Applications/STM32CubeIDE.app/Contents/Eclipse/plugins/com.st.stm32cube.common.mx_6.10.0.202311202037//db//plugins/boardmanager/
2024-02-19 08:37:30,540 [INFO] ApiDb:261 - Set plugin images path to: /Applications/STM32CubeIDE.app/Contents/Eclipse/plugins/com.st.stm32cube.common.mx_6.10.0.202311202037//db//plugins/mcufinder/images/
2024-02-19 08:37:30,540 [WARN] DbFile:41 - Overriding database path with different value: /Users/chmnku/.stmcufinder/plugins/mcufinder/ => /Users/chmnku/.stmcufinder/plugins/mcufinder
2024-02-19 08:37:30,540 [INFO] ApiDb:250 - Set database path to: /Users/chmnku/.stmcufinder/plugins/mcufinder//mcu/
2024-02-19 08:37:30,541 [WARN] DbFile:41 - Overriding database path with different value: /Users/chmnku/.stmcufinder/plugins/mcufinder/ => /Users/chmnku/.stmcufinder/plugins/mcufinder
2024-02-19 08:37:30,541 [INFO] DbMcusAds:125 - Set database path to: /Users/chmnku/.stmcufinder/plugins/mcufinder//mcu/
2024-02-19 08:37:30,541 [WARN] DbFile:41 - Overriding database path with different value: /Users/chmnku/.stmcufinder/plugins/mcufinder/ => /Users/chmnku/.stmcufinder/plugins/mcufinder
2024-02-19 08:37:30,541 [WARN] DbFile:41 - Overriding database path with different value: /Users/chmnku/.stmcufinder/plugins/mcufinder/ => /Users/chmnku/.stmcufinder/plugins/mcufinder
2024-02-19 08:37:30,541 [INFO] CrossReferenceDbSqlite:203 - Set database path to: /Users/chmnku/.stmcufinder/plugins/mcufinder//mcu/cs/
2024-02-19 08:37:30,560 [INFO] ApplicationProperties:184 - Using Application install path: /Applications/STM32CubeIDE.app/Contents/Eclipse/plugins/com.st.stm32cube.common.mx_6.10.0.202311202037
2024-02-19 08:37:30,561 [INFO] PluginManage:196 - Search for loadable plugins [exclusion list=, ]
2024-02-19 08:37:30,564 [INFO] PluginManage:310 - Check plugin analytics
2024-02-19 08:37:30,964 [INFO] AnalyticsPlugin:253 - Accepted Software Licenses: STM32CubeMX.6.10.0
2024-02-19 08:37:30,966 [INFO] AnalyticsPlugin:255 - Accepted CMSIS Pack Licenses: 
2024-02-19 08:37:30,966 [INFO] AnalyticsPlugin:257 - Accepted Firmware Licenses: FW.F4.1.28.0
2024-02-19 08:37:30,984 [INFO] PluginManage:359 - Loaded plugin analytics (category:tool,tabindex:-1)
2024-02-19 08:37:30,985 [INFO] PluginManage:310 - Check plugin cadmodel
2024-02-19 08:37:31,478 [INFO] CADModel:105 - Init CAD model plugin
2024-02-19 08:37:31,479 [INFO] PluginManage:359 - Loaded plugin cadmodel (category:power,tabindex:5)
2024-02-19 08:37:31,480 [INFO] PluginManage:310 - Check plugin clock
2024-02-19 08:37:31,492 [INFO] PluginManage:359 - Loaded plugin clock (category:base,tabindex:2)
2024-02-19 08:37:31,492 [INFO] PluginManage:310 - Check plugin ddr
2024-02-19 08:37:31,494 [INFO] PluginManage:359 - Loaded plugin ddr (category:tool,tabindex:6)
2024-02-19 08:37:31,496 [INFO] PluginManage:310 - Check plugin filemanager
2024-02-19 08:37:31,678 [INFO] PluginManage:359 - Loaded plugin filemanager (category:base,tabindex:10)
2024-02-19 08:37:31,679 [INFO] PluginManage:310 - Check plugin ipmanager
2024-02-19 08:37:31,689 [INFO] PluginManage:359 - Loaded plugin ipmanager (category:base,tabindex:5)
2024-02-19 08:37:31,690 [INFO] PluginManage:310 - Check plugin lpbam
2024-02-19 08:37:31,709 [INFO] PluginManage:359 - Loaded plugin lpbam (category:base,tabindex:0)
2024-02-19 08:37:31,709 [INFO] PluginManage:310 - Check plugin memorymap
2024-02-19 08:37:31,723 [INFO] PluginManage:359 - Loaded plugin memorymap (category:base,tabindex:4)
2024-02-19 08:37:31,724 [INFO] PluginManage:310 - Check plugin pinoutandconfiguration
2024-02-19 08:37:31,731 [INFO] PluginManage:359 - Loaded plugin pinoutandconfiguration (category:base,tabindex:1)
2024-02-19 08:37:31,732 [INFO] PluginManage:310 - Check plugin pinoutconfig
2024-02-19 08:37:31,882 [WARN] SupportedApi:132 - Cannot load RTOS API schema: s4s-elt-must-match.1: The content of 'definitions' must match (annotation?, (simpleType | complexType)?, (unique | key | keyref)*)). A problem was found starting at: attribute.
2024-02-19 08:37:32,117 [INFO] PluginManage:359 - Loaded plugin pinoutconfig (category:base,tabindex:0)
2024-02-19 08:37:32,118 [INFO] PluginManage:310 - Check plugin power
2024-02-19 08:37:32,140 [INFO] PluginManage:359 - Loaded plugin power (category:power,tabindex:4)
2024-02-19 08:37:32,140 [INFO] PluginManage:310 - Check plugin projectmanager
2024-02-19 08:37:32,176 [INFO] PluginManage:359 - Loaded plugin projectmanager (category:projectmanager,tabindex:3)
2024-02-19 08:37:32,176 [INFO] PluginManage:310 - Check plugin thirdparty
2024-02-19 08:37:32,431 [INFO] PluginManage:359 - Loaded plugin thirdparty (category:base,tabindex:-1)
2024-02-19 08:37:32,431 [WARN] IntegrityCheckThread:84 - waiting for thirdparty lock release [integrity check]
2024-02-19 08:37:32,432 [INFO] IntegrityCheckThread:86 - entering critical section [integrity check]
2024-02-19 08:37:32,432 [INFO] PluginManage:310 - Check plugin tools
2024-02-19 08:37:32,435 [INFO] ThirdPartyUpdaterWithRetryManager:70 - Updater plugin not ready yet. [1/15]
2024-02-19 08:37:32,438 [INFO] PluginManage:359 - Loaded plugin tools (category:base,tabindex:7)
2024-02-19 08:37:32,438 [INFO] PluginManage:310 - Check plugin tutovideos
2024-02-19 08:37:32,716 [INFO] PluginManage:359 - Loaded plugin tutovideos (category:base,tabindex:-1)
2024-02-19 08:37:32,719 [INFO] PluginManage:310 - Check plugin updater
2024-02-19 08:37:32,744 [INFO] PluginManage:359 - Loaded plugin updater (category:base,tabindex:12)
2024-02-19 08:37:32,746 [INFO] PluginManage:310 - Check plugin userauth
2024-02-19 08:37:32,758 [INFO] UserAuth:114 - Init User Auth plugin
2024-02-19 08:37:32,758 [INFO] PluginManage:359 - Loaded plugin userauth (category:base,tabindex:14)
2024-02-19 08:37:32,759 [INFO] PluginManage:283 - PluginManage : Loaded plugins [17]
2024-02-19 08:37:33,391 [INFO] PinOutPanel:1499 - setPackage(No Configuration,No Configuration)
2024-02-19 08:37:33,518 [INFO] CADModel:165 - CPN selected for project level
2024-02-19 08:37:33,518 [INFO] CADModel:114 - Register for checkConnection events
2024-02-19 08:37:33,533 [INFO] IPUIPlugin:80 - create IPUIPlugin
2024-02-19 08:37:33,534 [INFO] PluginManager:220 - loadIPPluginJar : add mdma
2024-02-19 08:37:33,541 [INFO] IPUIPlugin:80 - create IPUIPlugin
2024-02-19 08:37:33,541 [INFO] PluginManager:220 - loadIPPluginJar : add freertos
2024-02-19 08:37:33,545 [INFO] IPUIPlugin:80 - create IPUIPlugin
2024-02-19 08:37:33,545 [INFO] PluginManager:220 - loadIPPluginJar : add gic
2024-02-19 08:37:33,555 [INFO] IPUIPlugin:80 - create IPUIPlugin
2024-02-19 08:37:33,556 [INFO] PluginManager:220 - loadIPPluginJar : add adc
2024-02-19 08:37:33,559 [INFO] IPUIPlugin:80 - create IPUIPlugin
2024-02-19 08:37:33,560 [INFO] PluginManager:220 - loadIPPluginJar : add gtzc
2024-02-19 08:37:33,561 [INFO] IPUIPlugin:80 - create IPUIPlugin
2024-02-19 08:37:33,561 [INFO] PluginManager:220 - loadIPPluginJar : add quadspi
2024-02-19 08:37:33,562 [INFO] IPUIPlugin:80 - create IPUIPlugin
2024-02-19 08:37:33,563 [INFO] PluginManager:220 - loadIPPluginJar : add aes
2024-02-19 08:37:33,564 [INFO] IPUIPlugin:80 - create IPUIPlugin
2024-02-19 08:37:33,565 [INFO] PluginManager:220 - loadIPPluginJar : add pdm2pcm
2024-02-19 08:37:33,566 [INFO] IPUIPlugin:80 - create IPUIPlugin
2024-02-19 08:37:33,566 [INFO] PluginManager:220 - loadIPPluginJar : add hash
2024-02-19 08:37:33,567 [INFO] IPUIPlugin:80 - create IPUIPlugin
2024-02-19 08:37:33,568 [INFO] PluginManager:220 - loadIPPluginJar : add tim
2024-02-19 08:37:33,569 [INFO] IPUIPlugin:80 - create IPUIPlugin
2024-02-19 08:37:33,569 [INFO] PluginManager:220 - loadIPPluginJar : add tsc
2024-02-19 08:37:33,570 [INFO] IPUIPlugin:80 - create IPUIPlugin
2024-02-19 08:37:33,570 [INFO] PluginManager:220 - loadIPPluginJar : add ts
2024-02-19 08:37:33,572 [INFO] IPUIPlugin:80 - create IPUIPlugin
2024-02-19 08:37:33,572 [INFO] PluginManager:220 - loadIPPluginJar : add can
2024-02-19 08:37:33,574 [INFO] IPUIPlugin:80 - create IPUIPlugin
2024-02-19 08:37:33,575 [INFO] PluginManager:220 - loadIPPluginJar : add dma3
2024-02-19 08:37:33,576 [INFO] IPUIPlugin:80 - create IPUIPlugin
2024-02-19 08:37:33,576 [INFO] PluginManager:220 - loadIPPluginJar : add dfsdm
2024-02-19 08:37:33,577 [INFO] IPUIPlugin:80 - create IPUIPlugin
2024-02-19 08:37:33,577 [INFO] PluginManager:220 - loadIPPluginJar : add spi
2024-02-19 08:37:33,579 [INFO] IPUIPlugin:80 - create IPUIPlugin
2024-02-19 08:37:33,580 [INFO] PluginManager:220 - loadIPPluginJar : add gfxmmu
2024-02-19 08:37:33,581 [INFO] IPUIPlugin:80 - create IPUIPlugin
2024-02-19 08:37:33,581 [INFO] PluginManager:220 - loadIPPluginJar : add genericplugin
2024-02-19 08:37:33,582 [INFO] IPUIPlugin:80 - create IPUIPlugin
2024-02-19 08:37:33,582 [INFO] PluginManager:220 - loadIPPluginJar : add cryp
2024-02-19 08:37:33,585 [INFO] IPUIPlugin:80 - create IPUIPlugin
2024-02-19 08:37:33,586 [INFO] PluginManager:220 - loadIPPluginJar : add gpio
2024-02-19 08:37:33,587 [INFO] IPUIPlugin:80 - create IPUIPlugin
2024-02-19 08:37:33,587 [INFO] PluginManager:220 - loadIPPluginJar : add comp
2024-02-19 08:37:33,588 [INFO] IPUIPlugin:80 - create IPUIPlugin
2024-02-19 08:37:33,589 [INFO] PluginManager:220 - loadIPPluginJar : add tracer_emb
2024-02-19 08:37:33,591 [INFO] IPUIPlugin:80 - create IPUIPlugin
2024-02-19 08:37:33,592 [INFO] PluginManager:220 - loadIPPluginJar : add openamp
2024-02-19 08:37:33,595 [INFO] IPUIPlugin:80 - create IPUIPlugin
2024-02-19 08:37:33,595 [INFO] PluginManager:220 - loadIPPluginJar : add stm32_wpan
2024-02-19 08:37:33,599 [INFO] IPUIPlugin:80 - create IPUIPlugin
2024-02-19 08:37:33,609 [INFO] PluginManager:220 - loadIPPluginJar : add plateformsettings
2024-02-19 08:37:33,613 [INFO] IPUIPlugin:80 - create IPUIPlugin
2024-02-19 08:37:33,613 [INFO] PluginManager:220 - loadIPPluginJar : add ipddr
2024-02-19 08:37:33,615 [INFO] IPUIPlugin:80 - create IPUIPlugin
2024-02-19 08:37:33,615 [INFO] PluginManager:220 - loadIPPluginJar : add usart
2024-02-19 08:37:33,616 [INFO] IPUIPlugin:80 - create IPUIPlugin
2024-02-19 08:37:33,617 [INFO] PluginManager:220 - loadIPPluginJar : add ltdc
2024-02-19 08:37:33,619 [INFO] IPUIPlugin:80 - create IPUIPlugin
2024-02-19 08:37:33,619 [INFO] PluginManager:220 - loadIPPluginJar : add nvic
2024-02-19 08:37:33,620 [INFO] IPUIPlugin:80 - create IPUIPlugin
2024-02-19 08:37:33,620 [INFO] PluginManager:220 - loadIPPluginJar : add fatfs
2024-02-19 08:37:33,626 [INFO] IPUIPlugin:80 - create IPUIPlugin
2024-02-19 08:37:33,626 [INFO] PluginManager:220 - loadIPPluginJar : add linkedlist
2024-02-19 08:37:33,630 [INFO] IPUIPlugin:80 - create IPUIPlugin
2024-02-19 08:37:33,630 [INFO] PluginManager:220 - loadIPPluginJar : add dma
2024-02-19 08:37:33,632 [INFO] IPUIPlugin:80 - create IPUIPlugin
2024-02-19 08:37:33,632 [INFO] PluginManager:220 - loadIPPluginJar : add fmc
2024-02-19 08:37:33,633 [INFO] IPUIPlugin:80 - create IPUIPlugin
2024-02-19 08:37:33,634 [INFO] PluginManager:220 - loadIPPluginJar : add i2s
2024-02-19 08:37:33,635 [INFO] IPUIPlugin:80 - create IPUIPlugin
2024-02-19 08:37:33,635 [INFO] PluginManager:220 - loadIPPluginJar : add ucpd
2024-02-19 08:37:33,637 [INFO] IPUIPlugin:80 - create IPUIPlugin
2024-02-19 08:37:33,637 [INFO] PluginManager:220 - loadIPPluginJar : add lorawan
2024-02-19 08:37:33,638 [INFO] IPUIPlugin:80 - create IPUIPlugin
2024-02-19 08:37:33,638 [INFO] PluginManager:220 - loadIPPluginJar : add opamp
2024-02-19 08:37:33,639 [INFO] IPUIPlugin:80 - create IPUIPlugin
2024-02-19 08:37:33,640 [INFO] PluginManager:220 - loadIPPluginJar : add i3c
2024-02-19 08:37:33,641 [INFO] IPUIPlugin:80 - create IPUIPlugin
2024-02-19 08:37:33,641 [INFO] PluginManager:220 - loadIPPluginJar : add touchsensing
2024-02-19 08:37:33,642 [INFO] IPUIPlugin:80 - create IPUIPlugin
2024-02-19 08:37:33,643 [INFO] PluginManager:220 - loadIPPluginJar : add i2c
2024-02-19 08:37:33,645 [INFO] IPUIPlugin:80 - create IPUIPlugin
2024-02-19 08:37:33,645 [INFO] PluginManager:220 - loadIPPluginJar : add resmgrutility
2024-02-19 08:37:33,646 [INFO] IPUIPlugin:80 - create IPUIPlugin
2024-02-19 08:37:33,646 [INFO] PluginManager:220 - loadIPPluginJar : add sai
2024-02-19 08:37:33,648 [INFO] IPUIPlugin:80 - create IPUIPlugin
2024-02-19 08:37:33,648 [INFO] PluginManager:220 - loadIPPluginJar : add usbx
2024-02-19 08:37:33,800 [INFO] CADModel:165 - CPN selected for project level
2024-02-19 08:37:33,801 [INFO] CADModel:114 - Register for checkConnection events
2024-02-19 08:37:33,801 [FATAL] Updater:308 - Updater called before beeing initialized
2024-02-19 08:37:33,801 [ERROR] CADModel:125 - Updater not yet initialized, retry later 
2024-02-19 08:37:34,121 [INFO] CADModel:165 - CPN selected for project level
2024-02-19 08:37:34,121 [INFO] CADModel:114 - Register for checkConnection events
2024-02-19 08:37:34,122 [FATAL] Updater:308 - Updater called before beeing initialized
2024-02-19 08:37:34,122 [ERROR] CADModel:125 - Updater not yet initialized, retry later 
2024-02-19 08:37:34,124 [FATAL] Updater:308 - Updater called before beeing initialized
2024-02-19 08:37:34,287 [FATAL] Updater:308 - Updater called before beeing initialized
2024-02-19 08:37:34,294 [INFO] DbMcusAds:53 - JSON generation date=Wed Nov 29 19:52:27 KST 2023 (1701255147349)
2024-02-19 08:37:34,295 [FATAL] Updater:308 - Updater called before beeing initialized
2024-02-19 08:37:34,358 [WARN] DetailPanel:346 - Failed to get advertising image, set to default
2024-02-19 08:37:34,515 [FATAL] Updater:308 - Updater called before beeing initialized
2024-02-19 08:37:34,527 [FATAL] Updater:308 - Updater called before beeing initialized
2024-02-19 08:37:34,527 [FATAL] Updater:308 - Updater called before beeing initialized
2024-02-19 08:37:34,528 [WARN] DetailPanel:346 - Failed to get advertising image, set to default
2024-02-19 08:37:34,538 [FATAL] Updater:308 - Updater called before beeing initialized
2024-02-19 08:37:34,652 [ERROR] Updater:1120 - MainUpdater not yet initialized. External WinMGr cannot be set.
2024-02-19 08:37:34,693 [INFO] Updater:1056 - Updater Version found : 6.10.0
2024-02-19 08:37:34,709 [INFO] ApplicationProperties:184 - Using Application install path: /Applications/STM32CubeIDE.app/Contents/Eclipse/plugins/com.st.stm32cube.common.mx_6.10.0.202311202037
2024-02-19 08:37:35,441 [INFO] ThirdPartyUpdaterWithRetryManager:70 - Updater plugin not ready yet. [2/15]
2024-02-19 08:37:35,928 [INFO] MainUpdater:2873 - connection check result : 10
2024-02-19 08:37:35,928 [INFO] MainUpdater:290 - Updater Check For Update Now.
2024-02-19 08:37:35,929 [INFO] MicroXplorer:498 - Change Database Version : DB.6.0.100
2024-02-19 08:37:35,937 [INFO] McuFinderGlobals:63 - Set McuFinder mode to 2 (CubeIDE integrated)
2024-02-19 08:37:35,937 [INFO] UserAuth:180 - activating auth plugin
2024-02-19 08:37:35,948 [INFO] UserAuth:404 - Internet connection configuration mode: 1
2024-02-19 08:37:35,966 [INFO] JxBrowserEngine:152 - Initiate JxBrowser Engine with user profile folder
2024-02-19 08:37:36,199 [INFO] CheckServerUpdateThread:120 - End of CheckServer Thread
2024-02-19 08:37:38,592 [WARN] PackLoader:240 - Cannot read IP mode file for STMicroelectronics.X-CUBE-SMBUS.2.1.0
2024-02-19 08:37:38,616 [WARN] PackLoader:240 - Cannot read IP mode file for STMicroelectronics.X-CUBE-TOUCHGFX.4.23.0
2024-02-19 08:37:38,669 [WARN] PackLoader:240 - Cannot read IP mode file for STMicroelectronics.X-CUBE-AZRTOS-F7.1.1.0
2024-02-19 08:37:38,717 [WARN] PackLoader:240 - Cannot read IP mode file for STMicroelectronics.FP-SNS-MOTENV1.4.3.2
2024-02-19 08:37:38,781 [WARN] PackLoader:240 - Cannot read IP mode file for STMicroelectronics.FP-SNS-FLIGHT1.5.0.2
2024-02-19 08:37:38,839 [WARN] PackLoader:240 - Cannot read IP mode file for STMicroelectronics.X-CUBE-DISPLAY.3.0.0
2024-02-19 08:37:38,902 [WARN] PackLoader:240 - Cannot read IP mode file for STMicroelectronics.X-CUBE-BLE1.7.0.0
2024-02-19 08:37:38,945 [WARN] PackLoader:240 - Cannot read IP mode file for emotas.I-CUBE-CANOPEN.1.3.0
2024-02-19 08:37:38,972 [WARN] PackLoader:240 - Cannot read IP mode file for STMicroelectronics.FP-SNS-SMARTAG2.1.2.0
2024-02-19 08:37:38,995 [INFO] LogOutputStream:77 - [STDOUT_REDIRECT] 1 : Invalid condition id : UX_CORESTACK_Condition cause : null
2024-02-19 08:37:38,998 [INFO] LogOutputStream:77 - [STDOUT_REDIRECT] 1 : Invalid condition id : UX_CORESTACK_Condition cause : null
2024-02-19 08:37:38,999 [INFO] LogOutputStream:77 - [STDOUT_REDIRECT] 1 : Invalid condition id : UX_CORESTACK_Condition cause : null
2024-02-19 08:37:38,999 [INFO] LogOutputStream:77 - [STDOUT_REDIRECT] 1 : Invalid condition id : UX_CORESTACK_Condition cause : null
2024-02-19 08:37:39,000 [INFO] LogOutputStream:77 - [STDOUT_REDIRECT] 1 : Invalid condition id : UX_CORESTACK_Condition cause : null
2024-02-19 08:37:39,011 [WARN] PackLoader:240 - Cannot read IP mode file for STMicroelectronics.X-CUBE-AZRTOS-WL.2.0.0
2024-02-19 08:37:39,034 [WARN] PackLoader:240 - Cannot read IP mode file for WES.I-CUBE-Cesium.1.3.0
2024-02-19 08:37:39,046 [WARN] PackLoader:240 - Cannot read IP mode file for STMicroelectronics.X-CUBE-BLE2.3.3.0
2024-02-19 08:37:39,061 [WARN] PackLoader:240 - Cannot read IP mode file for STMicroelectronics.X-CUBE-ALGOBUILD.1.3.0
2024-02-19 08:37:39,129 [WARN] PackLoader:240 - Cannot read IP mode file for STMicroelectronics.X-CUBE-AZRTOS-G0.1.1.0
2024-02-19 08:37:39,178 [WARN] PackLoader:240 - Cannot read IP mode file for STMicroelectronics.X-CUBE-NFC4.3.0.0
2024-02-19 08:37:39,251 [WARN] PackLoader:240 - Cannot read IP mode file for STMicroelectronics.X-CUBE-BLEMGR.3.0.0
2024-02-19 08:37:39,272 [WARN] PackLoader:240 - Cannot read IP mode file for STMicroelectronics.FP-ATR-SIGFOX1.3.2.0
2024-02-19 08:37:39,281 [WARN] PackLoader:240 - Cannot read IP mode file for STMicroelectronics.X-CUBE-EEPRMA1.5.1.0
2024-02-19 08:37:39,362 [WARN] PackLoader:240 - Cannot read IP mode file for SEGGER.I-CUBE-embOS.1.3.1
2024-02-19 08:37:39,434 [WARN] PackLoader:240 - Cannot read IP mode file for STMicroelectronics.X-CUBE-GNSS1.6.0.0
2024-02-19 08:37:39,472 [WARN] PackLoader:240 - Cannot read IP mode file for STMicroelectronics.X-CUBE-AZRTOS-F4.1.1.0
2024-02-19 08:37:39,501 [WARN] PackLoader:240 - Cannot read IP mode file for wolfSSL.I-CUBE-wolfSSL.5.6.6
2024-02-19 08:37:39,533 [WARN] PackLoader:240 - Cannot read IP mode file for STMicroelectronics.X-CUBE-AZRTOS-L5.2.0.0
2024-02-19 08:37:39,546 [WARN] PackLoader:240 - Cannot read IP mode file for ITTIA_DB.I-CUBE-ITTIADB.8.8.0
2024-02-19 08:37:39,555 [WARN] PackLoader:240 - Cannot read IP mode file for STMicroelectronics.X-CUBE-NFC7.1.0.1
2024-02-19 08:37:39,578 [WARN] PackLoader:240 - Cannot read IP mode file for STMicroelectronics.X-CUBE-NFC6.3.0.0
2024-02-19 08:37:39,599 [WARN] PackLoader:240 - Cannot read IP mode file for STMicroelectronics.X-CUBE-AI.8.1.0
2024-02-19 08:37:39,628 [WARN] ConditionMgr:438 - getConditionDescription Invalid condition id : LAN8742 Phy interface Condition cause : null
2024-02-19 08:37:39,630 [WARN] PackLoader:240 - Cannot read IP mode file for STMicroelectronics.X-CUBE-AZRTOS-L4.2.0.0
2024-02-19 08:37:39,636 [WARN] ConditionMgr:1039 - genDependencies : Invalid condition id : LAN8742 Phy interface Condition cause : null
2024-02-19 08:37:39,637 [WARN] ConditionMgr:1039 - genDependencies : Invalid condition id : LAN8742 Phy interface Condition cause : null
2024-02-19 08:37:39,638 [WARN] ConditionMgr:1039 - genDependencies : Invalid condition id : LAN8742 Phy interface Condition cause : null
2024-02-19 08:37:39,648 [WARN] PackLoader:240 - Cannot read IP mode file for STMicroelectronics.X-CUBE-SFXS2LP1.4.0.0
2024-02-19 08:37:39,683 [WARN] ConditionMgr:438 - getConditionDescription Invalid condition id : UX DEVICE CLASS RTOS Condition cause : null
2024-02-19 08:37:39,683 [WARN] ConditionMgr:438 - getConditionDescription Invalid condition id : UX DEVICE CLASS RTOS Condition cause : null
2024-02-19 08:37:39,688 [WARN] PackLoader:240 - Cannot read IP mode file for STMicroelectronics.X-CUBE-AZRTOS-WB.2.0.0
2024-02-19 08:37:39,690 [WARN] ConditionMgr:1039 - genDependencies : Invalid condition id : UX DEVICE CLASS RTOS Condition cause : null
2024-02-19 08:37:39,691 [WARN] ConditionMgr:1039 - genDependencies : Invalid condition id : UX DEVICE CLASS RTOS Condition cause : null
2024-02-19 08:37:39,696 [WARN] ConditionMgr:1039 - genDependencies : Invalid condition id : UX DEVICE CLASS RTOS Condition cause : null
2024-02-19 08:37:39,697 [WARN] ConditionMgr:1039 - genDependencies : Invalid condition id : UX DEVICE CLASS RTOS Condition cause : null
2024-02-19 08:37:39,697 [WARN] ConditionMgr:1039 - genDependencies : Invalid condition id : UX DEVICE CLASS RTOS Condition cause : null
2024-02-19 08:37:39,718 [WARN] PackLoader:240 - Cannot read IP mode file for STMicroelectronics.X-CUBE-SUBG2.5.0.0
2024-02-19 08:37:39,754 [WARN] PackLoader:240 - Cannot read IP mode file for STMicroelectronics.X-CUBE-AZRTOS-G4.2.0.0
2024-02-19 08:37:39,786 [WARN] PackLoader:240 - Cannot read IP mode file for Infineon.AIROC-Wi-Fi-Bluetooth-STM32.1.5.1
2024-02-19 08:37:39,805 [WARN] PackLoader:240 - Cannot read IP mode file for STMicroelectronics.FP-SNS-MOTENVWB1.1.3.1
2024-02-19 08:37:39,814 [WARN] PackLoader:240 - Cannot read IP mode file for STMicroelectronics.X-CUBE-ISPU.2.0.0
2024-02-19 08:37:39,883 [WARN] PackLoader:240 - Cannot read IP mode file for STMicroelectronics.X-CUBE-MEMS1.10.0.0
2024-02-19 08:37:40,005 [WARN] PackLoader:240 - Cannot read IP mode file for STMicroelectronics.X-CUBE-FREERTOS.1.1.0
2024-02-19 08:37:40,020 [WARN] PackLoader:240 - Cannot read IP mode file for portGmbH.I-Cube-SoM-uGOAL.1.1.0
2024-02-19 08:37:40,028 [WARN] PackLoader:240 - Cannot read IP mode file for STMicroelectronics.X-CUBE-ALS.1.0.1
2024-02-19 08:37:40,032 [WARN] PackLoader:240 - Cannot read IP mode file for STMicroelectronics.FP-ATR-ASTRA1.2.0.0
2024-02-19 08:37:40,051 [WARN] PackLoader:240 - Cannot read IP mode file for STMicroelectronics.X-CUBE-TOF1.3.4.0
2024-02-19 08:37:40,112 [WARN] PackLoader:240 - Cannot read IP mode file for STMicroelectronics.X-CUBE-AZRTOS-H7.3.2.0
2024-02-19 08:37:40,121 [INFO] ThirdParty:978 - Integrity check success = true
2024-02-19 08:37:40,121 [INFO] IntegrityCheckThread:100 - exiting critical section [integrity check]
2024-02-19 08:37:40,121 [INFO] IntegrityCheckThread:103 - End integrity checks thread
2024-02-19 08:37:40,947 [INFO] WebApp:161 - Instantiating new browser for Auth
2024-02-19 08:37:42,164 [INFO] WebApp:780 - Register for checkConnection events
2024-02-19 08:37:42,164 [INFO] WebApp:414 - Apply proxy settings
2024-02-19 08:37:42,172 [INFO] WebApp:459 - Chromium authenticates against Manually configured proxy
2024-02-19 08:37:42,199 [INFO] WebApp:467 - Username used for proxy authentication: 
2024-02-19 08:37:42,370 [INFO] WebApp:192 - Starting web application
2024-02-19 08:37:42,372 [INFO] WebApp:544 - Web application path used /Applications/STM32CubeIDE.app/Contents/Eclipse/plugins/com.st.stm32cube.common.mx_6.10.0.202311202037/db/plugins/mcufinder/reactClient1/index.html
2024-02-19 08:38:03,963 [ERROR] LogOutputStream:75 - [STDERR_REDIRECT] SLF4J: Failed to load class "org.slf4j.impl.StaticLoggerBinder".
2024-02-19 08:38:03,966 [ERROR] LogOutputStream:75 - [STDERR_REDIRECT] SLF4J: Defaulting to no-operation (NOP) logger implementation
2024-02-19 08:38:03,966 [ERROR] LogOutputStream:75 - [STDERR_REDIRECT] SLF4J: See http://www.slf4j.org/codes.html#StaticLoggerBinder for further details.
2024-02-19 17:47:04,940 [ERROR] LogOutputStream:75 - [STDERR_REDIRECT] 
2024-02-19 18:39:46,589 [INFO] Activator:176 - 


2024-02-19 18:39:46,591 [INFO] Activator:177 - !SESSION log4j initialized
2024-02-19 18:39:53,875 [ERROR] LogOutputStream:75 - [STDERR_REDIRECT] 
2024-02-19 18:39:54,736 [INFO] LogOutputStream:77 - [STDOUT_REDIRECT] 
2024-02-19 18:39:56,463 [INFO] LogOutputStream:77 - [STDOUT_REDIRECT] 
2024-02-19 18:39:58,330 [ERROR] LogOutputStream:75 - [STDERR_REDIRECT] [Fatal Error] :2:10: DOCTYPE is disallowed when the feature "http://apache.org/xml/features/disallow-doctype-decl" set to true.
2024-02-19 18:39:58,332 [ERROR] LogOutputStream:75 - [STDERR_REDIRECT] 
2024-02-19 18:39:58,982 [INFO] ApplicationProperties:184 - Using Application install path: /Applications/STM32CubeIDE.app/Contents/Eclipse/plugins/com.st.stm32cube.common.mx_6.10.0.202311202037
2024-02-19 18:39:58,995 [INFO] DbMcusXml:78 - Set database path to: /Applications/STM32CubeIDE.app/Contents/Eclipse/plugins/com.st.stm32cube.common.mx_6.10.0.202311202037//db//mcu/
2024-02-19 18:39:58,995 [INFO] ApiDb:274 - Set plugin database path to: /Applications/STM32CubeIDE.app/Contents/Eclipse/plugins/com.st.stm32cube.common.mx_6.10.0.202311202037//db//plugins/boardmanager/
2024-02-19 18:39:58,996 [WARN] ApiDb:259 - Overriding images path with different value:  => /Applications/STM32CubeIDE.app/Contents/Eclipse/plugins/com.st.stm32cube.common.mx_6.10.0.202311202037//db//plugins/mcufinder/images/
2024-02-19 18:39:59,004 [INFO] ApiDb:250 - Set database path to: /Users/chmnku/.stmcufinder/plugins/mcufinder//mcu/
2024-02-19 18:39:59,005 [INFO] DbMcusAds:125 - Set database path to: /Users/chmnku/.stmcufinder/plugins/mcufinder//mcu/
2024-02-19 18:39:59,006 [INFO] CrossReferenceDbSqlite:203 - Set database path to: /Users/chmnku/.stmcufinder/plugins/mcufinder//mcu/cs/
2024-02-19 18:39:59,164 [INFO] RulesReader:64 - Compatibility file has been processed (297 Rules)
2024-02-19 18:39:59,222 [INFO] DbMcusXml:78 - Set database path to: /Applications/STM32CubeIDE.app/Contents/Eclipse/plugins/com.st.stm32cube.common.mx_6.10.0.202311202037//db//mcu/
2024-02-19 18:39:59,223 [INFO] ApiDb:274 - Set plugin database path to: /Applications/STM32CubeIDE.app/Contents/Eclipse/plugins/com.st.stm32cube.common.mx_6.10.0.202311202037//db//plugins/boardmanager/
2024-02-19 18:39:59,223 [INFO] ApiDb:261 - Set plugin images path to: /Applications/STM32CubeIDE.app/Contents/Eclipse/plugins/com.st.stm32cube.common.mx_6.10.0.202311202037//db//plugins/mcufinder/images/
2024-02-19 18:39:59,223 [WARN] DbFile:41 - Overriding database path with different value: /Users/chmnku/.stmcufinder/plugins/mcufinder/ => /Users/chmnku/.stmcufinder/plugins/mcufinder
2024-02-19 18:39:59,223 [INFO] ApiDb:250 - Set database path to: /Users/chmnku/.stmcufinder/plugins/mcufinder//mcu/
2024-02-19 18:39:59,223 [WARN] DbFile:41 - Overriding database path with different value: /Users/chmnku/.stmcufinder/plugins/mcufinder/ => /Users/chmnku/.stmcufinder/plugins/mcufinder
2024-02-19 18:39:59,223 [INFO] DbMcusAds:125 - Set database path to: /Users/chmnku/.stmcufinder/plugins/mcufinder//mcu/
2024-02-19 18:39:59,224 [WARN] DbFile:41 - Overriding database path with different value: /Users/chmnku/.stmcufinder/plugins/mcufinder/ => /Users/chmnku/.stmcufinder/plugins/mcufinder
2024-02-19 18:39:59,224 [WARN] DbFile:41 - Overriding database path with different value: /Users/chmnku/.stmcufinder/plugins/mcufinder/ => /Users/chmnku/.stmcufinder/plugins/mcufinder
2024-02-19 18:39:59,224 [INFO] CrossReferenceDbSqlite:203 - Set database path to: /Users/chmnku/.stmcufinder/plugins/mcufinder//mcu/cs/
2024-02-19 18:39:59,355 [INFO] MainPanel:264 - HeapMemory: 268435456
2024-02-19 18:39:59,440 [INFO] DbMcusXml:78 - Set database path to: /Applications/STM32CubeIDE.app/Contents/Eclipse/plugins/com.st.stm32cube.common.mx_6.10.0.202311202037//db//mcu/
2024-02-19 18:39:59,440 [INFO] ApiDb:274 - Set plugin database path to: /Applications/STM32CubeIDE.app/Contents/Eclipse/plugins/com.st.stm32cube.common.mx_6.10.0.202311202037//db//plugins/boardmanager/
2024-02-19 18:39:59,440 [INFO] ApiDb:261 - Set plugin images path to: /Applications/STM32CubeIDE.app/Contents/Eclipse/plugins/com.st.stm32cube.common.mx_6.10.0.202311202037//db//plugins/mcufinder/images/
2024-02-19 18:39:59,440 [WARN] DbFile:41 - Overriding database path with different value: /Users/chmnku/.stmcufinder/plugins/mcufinder/ => /Users/chmnku/.stmcufinder/plugins/mcufinder
2024-02-19 18:39:59,441 [INFO] ApiDb:250 - Set database path to: /Users/chmnku/.stmcufinder/plugins/mcufinder//mcu/
2024-02-19 18:39:59,441 [WARN] DbFile:41 - Overriding database path with different value: /Users/chmnku/.stmcufinder/plugins/mcufinder/ => /Users/chmnku/.stmcufinder/plugins/mcufinder
2024-02-19 18:39:59,441 [INFO] DbMcusAds:125 - Set database path to: /Users/chmnku/.stmcufinder/plugins/mcufinder//mcu/
2024-02-19 18:39:59,441 [WARN] DbFile:41 - Overriding database path with different value: /Users/chmnku/.stmcufinder/plugins/mcufinder/ => /Users/chmnku/.stmcufinder/plugins/mcufinder
2024-02-19 18:39:59,441 [WARN] DbFile:41 - Overriding database path with different value: /Users/chmnku/.stmcufinder/plugins/mcufinder/ => /Users/chmnku/.stmcufinder/plugins/mcufinder
2024-02-19 18:39:59,441 [INFO] CrossReferenceDbSqlite:203 - Set database path to: /Users/chmnku/.stmcufinder/plugins/mcufinder//mcu/cs/
2024-02-19 18:39:59,462 [INFO] ApplicationProperties:184 - Using Application install path: /Applications/STM32CubeIDE.app/Contents/Eclipse/plugins/com.st.stm32cube.common.mx_6.10.0.202311202037
2024-02-19 18:39:59,463 [INFO] PluginManage:196 - Search for loadable plugins [exclusion list=, ]
2024-02-19 18:39:59,465 [INFO] PluginManage:310 - Check plugin analytics
2024-02-19 18:39:59,706 [INFO] AnalyticsPlugin:253 - Accepted Software Licenses: STM32CubeMX.6.10.0
2024-02-19 18:39:59,706 [INFO] AnalyticsPlugin:255 - Accepted CMSIS Pack Licenses: 
2024-02-19 18:39:59,706 [INFO] AnalyticsPlugin:257 - Accepted Firmware Licenses: FW.F4.1.28.0
2024-02-19 18:39:59,711 [INFO] PluginManage:359 - Loaded plugin analytics (category:tool,tabindex:-1)
2024-02-19 18:39:59,713 [INFO] PluginManage:310 - Check plugin cadmodel
2024-02-19 18:40:00,219 [INFO] CADModel:105 - Init CAD model plugin
2024-02-19 18:40:00,219 [INFO] PluginManage:359 - Loaded plugin cadmodel (category:power,tabindex:5)
2024-02-19 18:40:00,220 [INFO] PluginManage:310 - Check plugin clock
2024-02-19 18:40:00,236 [INFO] PluginManage:359 - Loaded plugin clock (category:base,tabindex:2)
2024-02-19 18:40:00,237 [INFO] PluginManage:310 - Check plugin ddr
2024-02-19 18:40:00,239 [INFO] PluginManage:359 - Loaded plugin ddr (category:tool,tabindex:6)
2024-02-19 18:40:00,239 [INFO] PluginManage:310 - Check plugin filemanager
2024-02-19 18:40:00,419 [INFO] PluginManage:359 - Loaded plugin filemanager (category:base,tabindex:10)
2024-02-19 18:40:00,419 [INFO] PluginManage:310 - Check plugin ipmanager
2024-02-19 18:40:00,429 [INFO] PluginManage:359 - Loaded plugin ipmanager (category:base,tabindex:5)
2024-02-19 18:40:00,429 [INFO] PluginManage:310 - Check plugin lpbam
2024-02-19 18:40:00,440 [INFO] PluginManage:359 - Loaded plugin lpbam (category:base,tabindex:0)
2024-02-19 18:40:00,440 [INFO] PluginManage:310 - Check plugin memorymap
2024-02-19 18:40:00,449 [INFO] PluginManage:359 - Loaded plugin memorymap (category:base,tabindex:4)
2024-02-19 18:40:00,449 [INFO] PluginManage:310 - Check plugin pinoutandconfiguration
2024-02-19 18:40:00,453 [INFO] PluginManage:359 - Loaded plugin pinoutandconfiguration (category:base,tabindex:1)
2024-02-19 18:40:00,453 [INFO] PluginManage:310 - Check plugin pinoutconfig
2024-02-19 18:40:00,541 [WARN] SupportedApi:132 - Cannot load RTOS API schema: s4s-elt-must-match.1: The content of 'definitions' must match (annotation?, (simpleType | complexType)?, (unique | key | keyref)*)). A problem was found starting at: attribute.
2024-02-19 18:40:00,696 [INFO] PluginManage:359 - Loaded plugin pinoutconfig (category:base,tabindex:0)
2024-02-19 18:40:00,696 [INFO] PluginManage:310 - Check plugin power
2024-02-19 18:40:00,711 [INFO] PluginManage:359 - Loaded plugin power (category:power,tabindex:4)
2024-02-19 18:40:00,711 [INFO] PluginManage:310 - Check plugin projectmanager
2024-02-19 18:40:00,756 [INFO] PluginManage:359 - Loaded plugin projectmanager (category:projectmanager,tabindex:3)
2024-02-19 18:40:00,757 [INFO] PluginManage:310 - Check plugin thirdparty
2024-02-19 18:40:01,007 [INFO] PluginManage:359 - Loaded plugin thirdparty (category:base,tabindex:-1)
2024-02-19 18:40:01,007 [WARN] IntegrityCheckThread:84 - waiting for thirdparty lock release [integrity check]
2024-02-19 18:40:01,010 [INFO] PluginManage:310 - Check plugin tools
2024-02-19 18:40:01,011 [INFO] IntegrityCheckThread:86 - entering critical section [integrity check]
2024-02-19 18:40:01,014 [INFO] ThirdPartyUpdaterWithRetryManager:70 - Updater plugin not ready yet. [1/15]
2024-02-19 18:40:01,018 [INFO] PluginManage:359 - Loaded plugin tools (category:base,tabindex:7)
2024-02-19 18:40:01,018 [INFO] PluginManage:310 - Check plugin tutovideos
2024-02-19 18:40:01,186 [INFO] PluginManage:359 - Loaded plugin tutovideos (category:base,tabindex:-1)
2024-02-19 18:40:01,186 [INFO] PluginManage:310 - Check plugin updater
2024-02-19 18:40:01,202 [INFO] PluginManage:359 - Loaded plugin updater (category:base,tabindex:12)
2024-02-19 18:40:01,203 [INFO] PluginManage:310 - Check plugin userauth
2024-02-19 18:40:01,208 [INFO] UserAuth:114 - Init User Auth plugin
2024-02-19 18:40:01,209 [INFO] PluginManage:359 - Loaded plugin userauth (category:base,tabindex:14)
2024-02-19 18:40:01,209 [INFO] PluginManage:283 - PluginManage : Loaded plugins [17]
2024-02-19 18:40:01,519 [INFO] PinOutPanel:1499 - setPackage(No Configuration,No Configuration)
2024-02-19 18:40:01,595 [INFO] CADModel:165 - CPN selected for project level
2024-02-19 18:40:01,595 [INFO] CADModel:114 - Register for checkConnection events
2024-02-19 18:40:01,605 [INFO] IPUIPlugin:80 - create IPUIPlugin
2024-02-19 18:40:01,606 [INFO] PluginManager:220 - loadIPPluginJar : add mdma
2024-02-19 18:40:01,611 [INFO] IPUIPlugin:80 - create IPUIPlugin
2024-02-19 18:40:01,611 [INFO] PluginManager:220 - loadIPPluginJar : add freertos
2024-02-19 18:40:01,614 [INFO] IPUIPlugin:80 - create IPUIPlugin
2024-02-19 18:40:01,614 [INFO] PluginManager:220 - loadIPPluginJar : add gic
2024-02-19 18:40:01,619 [INFO] IPUIPlugin:80 - create IPUIPlugin
2024-02-19 18:40:01,620 [INFO] PluginManager:220 - loadIPPluginJar : add adc
2024-02-19 18:40:01,622 [INFO] IPUIPlugin:80 - create IPUIPlugin
2024-02-19 18:40:01,622 [INFO] PluginManager:220 - loadIPPluginJar : add gtzc
2024-02-19 18:40:01,623 [INFO] IPUIPlugin:80 - create IPUIPlugin
2024-02-19 18:40:01,623 [INFO] PluginManager:220 - loadIPPluginJar : add quadspi
2024-02-19 18:40:01,624 [INFO] IPUIPlugin:80 - create IPUIPlugin
2024-02-19 18:40:01,624 [INFO] PluginManager:220 - loadIPPluginJar : add aes
2024-02-19 18:40:01,626 [INFO] IPUIPlugin:80 - create IPUIPlugin
2024-02-19 18:40:01,626 [INFO] PluginManager:220 - loadIPPluginJar : add pdm2pcm
2024-02-19 18:40:01,627 [INFO] IPUIPlugin:80 - create IPUIPlugin
2024-02-19 18:40:01,627 [INFO] PluginManager:220 - loadIPPluginJar : add hash
2024-02-19 18:40:01,628 [INFO] IPUIPlugin:80 - create IPUIPlugin
2024-02-19 18:40:01,628 [INFO] PluginManager:220 - loadIPPluginJar : add tim
2024-02-19 18:40:01,629 [INFO] IPUIPlugin:80 - create IPUIPlugin
2024-02-19 18:40:01,629 [INFO] PluginManager:220 - loadIPPluginJar : add tsc
2024-02-19 18:40:01,630 [INFO] IPUIPlugin:80 - create IPUIPlugin
2024-02-19 18:40:01,630 [INFO] PluginManager:220 - loadIPPluginJar : add ts
2024-02-19 18:40:01,632 [INFO] IPUIPlugin:80 - create IPUIPlugin
2024-02-19 18:40:01,632 [INFO] PluginManager:220 - loadIPPluginJar : add can
2024-02-19 18:40:01,634 [INFO] IPUIPlugin:80 - create IPUIPlugin
2024-02-19 18:40:01,634 [INFO] PluginManager:220 - loadIPPluginJar : add dma3
2024-02-19 18:40:01,636 [INFO] IPUIPlugin:80 - create IPUIPlugin
2024-02-19 18:40:01,636 [INFO] PluginManager:220 - loadIPPluginJar : add dfsdm
2024-02-19 18:40:01,637 [INFO] IPUIPlugin:80 - create IPUIPlugin
2024-02-19 18:40:01,637 [INFO] PluginManager:220 - loadIPPluginJar : add spi
2024-02-19 18:40:01,638 [INFO] IPUIPlugin:80 - create IPUIPlugin
2024-02-19 18:40:01,638 [INFO] PluginManager:220 - loadIPPluginJar : add gfxmmu
2024-02-19 18:40:01,639 [INFO] IPUIPlugin:80 - create IPUIPlugin
2024-02-19 18:40:01,639 [INFO] PluginManager:220 - loadIPPluginJar : add genericplugin
2024-02-19 18:40:01,641 [INFO] IPUIPlugin:80 - create IPUIPlugin
2024-02-19 18:40:01,641 [INFO] PluginManager:220 - loadIPPluginJar : add cryp
2024-02-19 18:40:01,643 [INFO] IPUIPlugin:80 - create IPUIPlugin
2024-02-19 18:40:01,643 [INFO] PluginManager:220 - loadIPPluginJar : add gpio
2024-02-19 18:40:01,645 [INFO] IPUIPlugin:80 - create IPUIPlugin
2024-02-19 18:40:01,645 [INFO] PluginManager:220 - loadIPPluginJar : add comp
2024-02-19 18:40:01,646 [INFO] IPUIPlugin:80 - create IPUIPlugin
2024-02-19 18:40:01,647 [INFO] PluginManager:220 - loadIPPluginJar : add tracer_emb
2024-02-19 18:40:01,648 [INFO] IPUIPlugin:80 - create IPUIPlugin
2024-02-19 18:40:01,649 [INFO] PluginManager:220 - loadIPPluginJar : add openamp
2024-02-19 18:40:01,652 [INFO] IPUIPlugin:80 - create IPUIPlugin
2024-02-19 18:40:01,652 [INFO] PluginManager:220 - loadIPPluginJar : add stm32_wpan
2024-02-19 18:40:01,656 [INFO] IPUIPlugin:80 - create IPUIPlugin
2024-02-19 18:40:01,659 [INFO] PluginManager:220 - loadIPPluginJar : add plateformsettings
2024-02-19 18:40:01,661 [INFO] IPUIPlugin:80 - create IPUIPlugin
2024-02-19 18:40:01,662 [INFO] PluginManager:220 - loadIPPluginJar : add ipddr
2024-02-19 18:40:01,663 [INFO] IPUIPlugin:80 - create IPUIPlugin
2024-02-19 18:40:01,664 [INFO] PluginManager:220 - loadIPPluginJar : add usart
2024-02-19 18:40:01,665 [INFO] IPUIPlugin:80 - create IPUIPlugin
2024-02-19 18:40:01,665 [INFO] PluginManager:220 - loadIPPluginJar : add ltdc
2024-02-19 18:40:01,667 [INFO] IPUIPlugin:80 - create IPUIPlugin
2024-02-19 18:40:01,667 [INFO] PluginManager:220 - loadIPPluginJar : add nvic
2024-02-19 18:40:01,668 [INFO] IPUIPlugin:80 - create IPUIPlugin
2024-02-19 18:40:01,668 [INFO] PluginManager:220 - loadIPPluginJar : add fatfs
2024-02-19 18:40:01,672 [INFO] IPUIPlugin:80 - create IPUIPlugin
2024-02-19 18:40:01,672 [INFO] PluginManager:220 - loadIPPluginJar : add linkedlist
2024-02-19 18:40:01,676 [INFO] IPUIPlugin:80 - create IPUIPlugin
2024-02-19 18:40:01,676 [INFO] PluginManager:220 - loadIPPluginJar : add dma
2024-02-19 18:40:01,678 [INFO] IPUIPlugin:80 - create IPUIPlugin
2024-02-19 18:40:01,678 [INFO] PluginManager:220 - loadIPPluginJar : add fmc
2024-02-19 18:40:01,680 [INFO] IPUIPlugin:80 - create IPUIPlugin
2024-02-19 18:40:01,680 [INFO] PluginManager:220 - loadIPPluginJar : add i2s
2024-02-19 18:40:01,681 [INFO] IPUIPlugin:80 - create IPUIPlugin
2024-02-19 18:40:01,681 [INFO] PluginManager:220 - loadIPPluginJar : add ucpd
2024-02-19 18:40:01,683 [INFO] IPUIPlugin:80 - create IPUIPlugin
2024-02-19 18:40:01,683 [INFO] PluginManager:220 - loadIPPluginJar : add lorawan
2024-02-19 18:40:01,685 [INFO] IPUIPlugin:80 - create IPUIPlugin
2024-02-19 18:40:01,685 [INFO] PluginManager:220 - loadIPPluginJar : add opamp
2024-02-19 18:40:01,687 [INFO] IPUIPlugin:80 - create IPUIPlugin
2024-02-19 18:40:01,687 [INFO] PluginManager:220 - loadIPPluginJar : add i3c
2024-02-19 18:40:01,689 [INFO] IPUIPlugin:80 - create IPUIPlugin
2024-02-19 18:40:01,689 [INFO] PluginManager:220 - loadIPPluginJar : add touchsensing
2024-02-19 18:40:01,690 [INFO] IPUIPlugin:80 - create IPUIPlugin
2024-02-19 18:40:01,690 [INFO] PluginManager:220 - loadIPPluginJar : add i2c
2024-02-19 18:40:01,692 [INFO] IPUIPlugin:80 - create IPUIPlugin
2024-02-19 18:40:01,692 [INFO] PluginManager:220 - loadIPPluginJar : add resmgrutility
2024-02-19 18:40:01,694 [INFO] IPUIPlugin:80 - create IPUIPlugin
2024-02-19 18:40:01,694 [INFO] PluginManager:220 - loadIPPluginJar : add sai
2024-02-19 18:40:01,696 [INFO] IPUIPlugin:80 - create IPUIPlugin
2024-02-19 18:40:01,696 [INFO] PluginManager:220 - loadIPPluginJar : add usbx
2024-02-19 18:40:01,816 [INFO] CADModel:165 - CPN selected for project level
2024-02-19 18:40:01,816 [INFO] CADModel:114 - Register for checkConnection events
2024-02-19 18:40:01,817 [FATAL] Updater:308 - Updater called before beeing initialized
2024-02-19 18:40:01,817 [ERROR] CADModel:125 - Updater not yet initialized, retry later 
2024-02-19 18:40:02,073 [INFO] CADModel:165 - CPN selected for project level
2024-02-19 18:40:02,073 [INFO] CADModel:114 - Register for checkConnection events
2024-02-19 18:40:02,073 [FATAL] Updater:308 - Updater called before beeing initialized
2024-02-19 18:40:02,073 [ERROR] CADModel:125 - Updater not yet initialized, retry later 
2024-02-19 18:40:02,132 [FATAL] Updater:308 - Updater called before beeing initialized
2024-02-19 18:40:02,332 [FATAL] Updater:308 - Updater called before beeing initialized
2024-02-19 18:40:02,342 [INFO] DbMcusAds:53 - JSON generation date=Wed Nov 29 19:52:27 KST 2023 (1701255147349)
2024-02-19 18:40:02,344 [FATAL] Updater:308 - Updater called before beeing initialized
2024-02-19 18:40:02,408 [WARN] DetailPanel:346 - Failed to get advertising image, set to default
2024-02-19 18:40:02,474 [FATAL] Updater:308 - Updater called before beeing initialized
2024-02-19 18:40:02,476 [FATAL] Updater:308 - Updater called before beeing initialized
2024-02-19 18:40:02,476 [FATAL] Updater:308 - Updater called before beeing initialized
2024-02-19 18:40:02,476 [WARN] DetailPanel:346 - Failed to get advertising image, set to default
2024-02-19 18:40:02,477 [FATAL] Updater:308 - Updater called before beeing initialized
2024-02-19 18:40:02,545 [ERROR] Updater:1120 - MainUpdater not yet initialized. External WinMGr cannot be set.
2024-02-19 18:40:02,582 [INFO] Updater:1056 - Updater Version found : 6.10.0
2024-02-19 18:40:02,596 [INFO] ApplicationProperties:184 - Using Application install path: /Applications/STM32CubeIDE.app/Contents/Eclipse/plugins/com.st.stm32cube.common.mx_6.10.0.202311202037
2024-02-19 18:40:03,949 [INFO] MainUpdater:2873 - connection check result : 10
2024-02-19 18:40:03,951 [INFO] MainUpdater:290 - Updater Check For Update Now.
2024-02-19 18:40:03,951 [INFO] MicroXplorer:498 - Change Database Version : DB.6.0.100
2024-02-19 18:40:03,962 [INFO] McuFinderGlobals:63 - Set McuFinder mode to 2 (CubeIDE integrated)
2024-02-19 18:40:03,963 [INFO] UserAuth:180 - activating auth plugin
2024-02-19 18:40:03,976 [INFO] UserAuth:404 - Internet connection configuration mode: 1
2024-02-19 18:40:03,990 [INFO] JxBrowserEngine:152 - Initiate JxBrowser Engine with user profile folder
2024-02-19 18:40:04,020 [WARN] MainUpdater:1194 - Updater busy. Cannot search thirdparties
2024-02-19 18:40:04,020 [INFO] ThirdPartyUpdaterWithRetryManager:96 - Updater plugin is busy. [1/15]
2024-02-19 18:40:04,230 [INFO] CheckServerUpdateThread:120 - End of CheckServer Thread
2024-02-19 18:40:07,200 [WARN] PackLoader:240 - Cannot read IP mode file for STMicroelectronics.X-CUBE-SMBUS.2.1.0
2024-02-19 18:40:07,238 [WARN] PackLoader:240 - Cannot read IP mode file for STMicroelectronics.X-CUBE-TOUCHGFX.4.23.0
2024-02-19 18:40:07,350 [WARN] PackLoader:240 - Cannot read IP mode file for STMicroelectronics.X-CUBE-AZRTOS-F7.1.1.0
2024-02-19 18:40:07,396 [WARN] PackLoader:240 - Cannot read IP mode file for STMicroelectronics.FP-SNS-MOTENV1.4.3.2
2024-02-19 18:40:07,442 [WARN] PackLoader:240 - Cannot read IP mode file for STMicroelectronics.FP-SNS-FLIGHT1.5.0.2
2024-02-19 18:40:07,457 [WARN] PackLoader:240 - Cannot read IP mode file for STMicroelectronics.X-CUBE-DISPLAY.3.0.0
2024-02-19 18:40:07,516 [WARN] PackLoader:240 - Cannot read IP mode file for STMicroelectronics.X-CUBE-BLE1.7.0.0
2024-02-19 18:40:07,534 [WARN] PackLoader:240 - Cannot read IP mode file for emotas.I-CUBE-CANOPEN.1.3.0
2024-02-19 18:40:07,556 [WARN] PackLoader:240 - Cannot read IP mode file for STMicroelectronics.FP-SNS-SMARTAG2.1.2.0
2024-02-19 18:40:07,601 [INFO] LogOutputStream:77 - [STDOUT_REDIRECT] 1 : Invalid condition id : UX_CORESTACK_Condition cause : null
2024-02-19 18:40:07,605 [INFO] LogOutputStream:77 - [STDOUT_REDIRECT] 1 : Invalid condition id : UX_CORESTACK_Condition cause : null
2024-02-19 18:40:07,606 [INFO] LogOutputStream:77 - [STDOUT_REDIRECT] 1 : Invalid condition id : UX_CORESTACK_Condition cause : null
2024-02-19 18:40:07,608 [INFO] LogOutputStream:77 - [STDOUT_REDIRECT] 1 : Invalid condition id : UX_CORESTACK_Condition cause : null
2024-02-19 18:40:07,609 [INFO] LogOutputStream:77 - [STDOUT_REDIRECT] 1 : Invalid condition id : UX_CORESTACK_Condition cause : null
2024-02-19 18:40:07,627 [WARN] PackLoader:240 - Cannot read IP mode file for STMicroelectronics.X-CUBE-AZRTOS-WL.2.0.0
2024-02-19 18:40:07,675 [WARN] PackLoader:240 - Cannot read IP mode file for WES.I-CUBE-Cesium.1.3.0
2024-02-19 18:40:07,697 [WARN] PackLoader:240 - Cannot read IP mode file for STMicroelectronics.X-CUBE-BLE2.3.3.0
2024-02-19 18:40:07,728 [WARN] PackLoader:240 - Cannot read IP mode file for STMicroelectronics.X-CUBE-ALGOBUILD.1.3.0
2024-02-19 18:40:07,789 [WARN] PackLoader:240 - Cannot read IP mode file for STMicroelectronics.X-CUBE-AZRTOS-G0.1.1.0
2024-02-19 18:40:07,818 [WARN] PackLoader:240 - Cannot read IP mode file for STMicroelectronics.X-CUBE-NFC4.3.0.0
2024-02-19 18:40:07,888 [WARN] PackLoader:240 - Cannot read IP mode file for STMicroelectronics.X-CUBE-BLEMGR.3.0.0
2024-02-19 18:40:07,936 [WARN] PackLoader:240 - Cannot read IP mode file for STMicroelectronics.FP-ATR-SIGFOX1.3.2.0
2024-02-19 18:40:07,968 [WARN] PackLoader:240 - Cannot read IP mode file for STMicroelectronics.X-CUBE-EEPRMA1.5.1.0
2024-02-19 18:40:08,137 [WARN] PackLoader:240 - Cannot read IP mode file for SEGGER.I-CUBE-embOS.1.3.1
2024-02-19 18:40:08,336 [WARN] PackLoader:240 - Cannot read IP mode file for STMicroelectronics.X-CUBE-GNSS1.6.0.0
2024-02-19 18:40:08,446 [WARN] PackLoader:240 - Cannot read IP mode file for STMicroelectronics.X-CUBE-AZRTOS-F4.1.1.0
2024-02-19 18:40:08,489 [WARN] PackLoader:240 - Cannot read IP mode file for wolfSSL.I-CUBE-wolfSSL.5.6.6
2024-02-19 18:40:08,534 [WARN] PackLoader:240 - Cannot read IP mode file for STMicroelectronics.X-CUBE-AZRTOS-L5.2.0.0
2024-02-19 18:40:08,561 [WARN] PackLoader:240 - Cannot read IP mode file for ITTIA_DB.I-CUBE-ITTIADB.8.8.0
2024-02-19 18:40:08,579 [WARN] PackLoader:240 - Cannot read IP mode file for STMicroelectronics.X-CUBE-NFC7.1.0.1
2024-02-19 18:40:08,634 [WARN] PackLoader:240 - Cannot read IP mode file for STMicroelectronics.X-CUBE-NFC6.3.0.0
2024-02-19 18:40:08,675 [WARN] PackLoader:240 - Cannot read IP mode file for STMicroelectronics.X-CUBE-AI.8.1.0
2024-02-19 18:40:08,733 [WARN] ConditionMgr:438 - getConditionDescription Invalid condition id : LAN8742 Phy interface Condition cause : null
2024-02-19 18:40:08,736 [WARN] PackLoader:240 - Cannot read IP mode file for STMicroelectronics.X-CUBE-AZRTOS-L4.2.0.0
2024-02-19 18:40:08,751 [WARN] ConditionMgr:1039 - genDependencies : Invalid condition id : LAN8742 Phy interface Condition cause : null
2024-02-19 18:40:08,753 [WARN] ConditionMgr:1039 - genDependencies : Invalid condition id : LAN8742 Phy interface Condition cause : null
2024-02-19 18:40:08,755 [WARN] ConditionMgr:1039 - genDependencies : Invalid condition id : LAN8742 Phy interface Condition cause : null
2024-02-19 18:40:08,787 [WARN] PackLoader:240 - Cannot read IP mode file for STMicroelectronics.X-CUBE-SFXS2LP1.4.0.0
2024-02-19 18:40:08,852 [WARN] ConditionMgr:438 - getConditionDescription Invalid condition id : UX DEVICE CLASS RTOS Condition cause : null
2024-02-19 18:40:08,852 [WARN] ConditionMgr:438 - getConditionDescription Invalid condition id : UX DEVICE CLASS RTOS Condition cause : null
2024-02-19 18:40:08,858 [WARN] PackLoader:240 - Cannot read IP mode file for STMicroelectronics.X-CUBE-AZRTOS-WB.2.0.0
2024-02-19 18:40:08,865 [WARN] ConditionMgr:1039 - genDependencies : Invalid condition id : UX DEVICE CLASS RTOS Condition cause : null
2024-02-19 18:40:08,869 [WARN] ConditionMgr:1039 - genDependencies : Invalid condition id : UX DEVICE CLASS RTOS Condition cause : null
2024-02-19 18:40:08,871 [WARN] ConditionMgr:1039 - genDependencies : Invalid condition id : UX DEVICE CLASS RTOS Condition cause : null
2024-02-19 18:40:08,872 [WARN] ConditionMgr:1039 - genDependencies : Invalid condition id : UX DEVICE CLASS RTOS Condition cause : null
2024-02-19 18:40:08,873 [WARN] ConditionMgr:1039 - genDependencies : Invalid condition id : UX DEVICE CLASS RTOS Condition cause : null
2024-02-19 18:40:08,896 [WARN] PackLoader:240 - Cannot read IP mode file for STMicroelectronics.X-CUBE-SUBG2.5.0.0
2024-02-19 18:40:08,956 [WARN] PackLoader:240 - Cannot read IP mode file for STMicroelectronics.X-CUBE-AZRTOS-G4.2.0.0
2024-02-19 18:40:09,038 [WARN] PackLoader:240 - Cannot read IP mode file for Infineon.AIROC-Wi-Fi-Bluetooth-STM32.1.5.1
2024-02-19 18:40:09,073 [WARN] PackLoader:240 - Cannot read IP mode file for STMicroelectronics.FP-SNS-MOTENVWB1.1.3.1
2024-02-19 18:40:09,094 [WARN] PackLoader:240 - Cannot read IP mode file for STMicroelectronics.X-CUBE-ISPU.2.0.0
2024-02-19 18:40:09,115 [INFO] WebApp:161 - Instantiating new browser for Auth
2024-02-19 18:40:09,195 [WARN] PackLoader:240 - Cannot read IP mode file for STMicroelectronics.X-CUBE-MEMS1.10.0.0
2024-02-19 18:40:09,313 [WARN] PackLoader:240 - Cannot read IP mode file for STMicroelectronics.X-CUBE-FREERTOS.1.1.0
2024-02-19 18:40:09,323 [WARN] PackLoader:240 - Cannot read IP mode file for portGmbH.I-Cube-SoM-uGOAL.1.1.0
2024-02-19 18:40:09,332 [WARN] PackLoader:240 - Cannot read IP mode file for STMicroelectronics.X-CUBE-ALS.1.0.1
2024-02-19 18:40:09,336 [WARN] PackLoader:240 - Cannot read IP mode file for STMicroelectronics.FP-ATR-ASTRA1.2.0.0
2024-02-19 18:40:09,352 [WARN] PackLoader:240 - Cannot read IP mode file for STMicroelectronics.X-CUBE-TOF1.3.4.0
2024-02-19 18:40:09,403 [WARN] PackLoader:240 - Cannot read IP mode file for STMicroelectronics.X-CUBE-AZRTOS-H7.3.2.0
2024-02-19 18:40:09,410 [INFO] ThirdParty:978 - Integrity check success = true
2024-02-19 18:40:09,410 [INFO] IntegrityCheckThread:100 - exiting critical section [integrity check]
2024-02-19 18:40:09,410 [INFO] IntegrityCheckThread:103 - End integrity checks thread
2024-02-19 18:40:10,325 [INFO] WebApp:780 - Register for checkConnection events
2024-02-19 18:40:10,325 [INFO] WebApp:414 - Apply proxy settings
2024-02-19 18:40:10,334 [INFO] WebApp:459 - Chromium authenticates against Manually configured proxy
2024-02-19 18:40:10,359 [INFO] WebApp:467 - Username used for proxy authentication: 
2024-02-19 18:40:10,522 [INFO] WebApp:192 - Starting web application
2024-02-19 18:40:10,523 [INFO] WebApp:544 - Web application path used /Applications/STM32CubeIDE.app/Contents/Eclipse/plugins/com.st.stm32cube.common.mx_6.10.0.202311202037/db/plugins/mcufinder/reactClient1/index.html
2024-02-19 18:40:32,083 [ERROR] LogOutputStream:75 - [STDERR_REDIRECT] SLF4J: Failed to load class "org.slf4j.impl.StaticLoggerBinder".
2024-02-19 18:40:32,085 [ERROR] LogOutputStream:75 - [STDERR_REDIRECT] SLF4J: Defaulting to no-operation (NOP) logger implementation
2024-02-19 18:40:32,085 [ERROR] LogOutputStream:75 - [STDERR_REDIRECT] SLF4J: See http://www.slf4j.org/codes.html#StaticLoggerBinder for further details.
