2024-02-27 16:18:49,129 [INFO] Activator:176 - 


2024-02-27 16:18:49,136 [INFO] Activator:177 - !SESSION log4j initialized
2024-02-27 16:18:54,130 [ERROR] LogOutputStream:75 - [STDERR_REDIRECT] 
2024-02-27 16:18:54,774 [INFO] LogOutputStream:77 - [STDOUT_REDIRECT] 
2024-02-27 16:18:56,260 [INFO] LogOutputStream:77 - [STDOUT_REDIRECT] 
2024-02-27 16:18:57,443 [INFO] ApplicationProperties:184 - Using Application install path: /Applications/STM32CubeIDE.app/Contents/Eclipse/plugins/com.st.stm32cube.common.mx_6.10.0.202311202037
2024-02-27 16:18:57,456 [INFO] DbMcusXml:78 - Set database path to: /Applications/STM32CubeIDE.app/Contents/Eclipse/plugins/com.st.stm32cube.common.mx_6.10.0.202311202037//db//mcu/
2024-02-27 16:18:57,456 [INFO] ApiDb:274 - Set plugin database path to: /Applications/STM32CubeIDE.app/Contents/Eclipse/plugins/com.st.stm32cube.common.mx_6.10.0.202311202037//db//plugins/boardmanager/
2024-02-27 16:18:57,457 [WARN] ApiDb:259 - Overriding images path with different value:  => /Applications/STM32CubeIDE.app/Contents/Eclipse/plugins/com.st.stm32cube.common.mx_6.10.0.202311202037//db//plugins/mcufinder/images/
2024-02-27 16:18:57,463 [INFO] ApiDb:250 - Set database path to: /Users/chmnku/.stmcufinder/plugins/mcufinder//mcu/
2024-02-27 16:18:57,464 [INFO] DbMcusAds:125 - Set database path to: /Users/chmnku/.stmcufinder/plugins/mcufinder//mcu/
2024-02-27 16:18:57,466 [INFO] CrossReferenceDbSqlite:203 - Set database path to: /Users/chmnku/.stmcufinder/plugins/mcufinder//mcu/cs/
2024-02-27 16:18:57,606 [INFO] RulesReader:64 - Compatibility file has been processed (297 Rules)
2024-02-27 16:18:57,734 [INFO] DbMcusXml:78 - Set database path to: /Applications/STM32CubeIDE.app/Contents/Eclipse/plugins/com.st.stm32cube.common.mx_6.10.0.202311202037//db//mcu/
2024-02-27 16:18:57,735 [INFO] ApiDb:274 - Set plugin database path to: /Applications/STM32CubeIDE.app/Contents/Eclipse/plugins/com.st.stm32cube.common.mx_6.10.0.202311202037//db//plugins/boardmanager/
2024-02-27 16:18:57,736 [INFO] ApiDb:261 - Set plugin images path to: /Applications/STM32CubeIDE.app/Contents/Eclipse/plugins/com.st.stm32cube.common.mx_6.10.0.202311202037//db//plugins/mcufinder/images/
2024-02-27 16:18:57,739 [WARN] DbFile:41 - Overriding database path with different value: /Users/chmnku/.stmcufinder/plugins/mcufinder/ => /Users/chmnku/.stmcufinder/plugins/mcufinder
2024-02-27 16:18:57,739 [INFO] ApiDb:250 - Set database path to: /Users/chmnku/.stmcufinder/plugins/mcufinder//mcu/
2024-02-27 16:18:57,739 [WARN] DbFile:41 - Overriding database path with different value: /Users/chmnku/.stmcufinder/plugins/mcufinder/ => /Users/chmnku/.stmcufinder/plugins/mcufinder
2024-02-27 16:18:57,739 [INFO] DbMcusAds:125 - Set database path to: /Users/chmnku/.stmcufinder/plugins/mcufinder//mcu/
2024-02-27 16:18:57,739 [WARN] DbFile:41 - Overriding database path with different value: /Users/chmnku/.stmcufinder/plugins/mcufinder/ => /Users/chmnku/.stmcufinder/plugins/mcufinder
2024-02-27 16:18:57,739 [WARN] DbFile:41 - Overriding database path with different value: /Users/chmnku/.stmcufinder/plugins/mcufinder/ => /Users/chmnku/.stmcufinder/plugins/mcufinder
2024-02-27 16:18:57,740 [INFO] CrossReferenceDbSqlite:203 - Set database path to: /Users/chmnku/.stmcufinder/plugins/mcufinder//mcu/cs/
2024-02-27 16:18:57,760 [ERROR] LogOutputStream:75 - [STDERR_REDIRECT] [Fatal Error] :2:10: DOCTYPE is disallowed when the feature "http://apache.org/xml/features/disallow-doctype-decl" set to true.
2024-02-27 16:18:57,771 [ERROR] LogOutputStream:75 - [STDERR_REDIRECT] 
2024-02-27 16:18:57,827 [INFO] MainPanel:264 - HeapMemory: 295698432
2024-02-27 16:18:57,895 [INFO] DbMcusXml:78 - Set database path to: /Applications/STM32CubeIDE.app/Contents/Eclipse/plugins/com.st.stm32cube.common.mx_6.10.0.202311202037//db//mcu/
2024-02-27 16:18:57,895 [INFO] ApiDb:274 - Set plugin database path to: /Applications/STM32CubeIDE.app/Contents/Eclipse/plugins/com.st.stm32cube.common.mx_6.10.0.202311202037//db//plugins/boardmanager/
2024-02-27 16:18:57,895 [INFO] ApiDb:261 - Set plugin images path to: /Applications/STM32CubeIDE.app/Contents/Eclipse/plugins/com.st.stm32cube.common.mx_6.10.0.202311202037//db//plugins/mcufinder/images/
2024-02-27 16:18:57,896 [WARN] DbFile:41 - Overriding database path with different value: /Users/chmnku/.stmcufinder/plugins/mcufinder/ => /Users/chmnku/.stmcufinder/plugins/mcufinder
2024-02-27 16:18:57,896 [INFO] ApiDb:250 - Set database path to: /Users/chmnku/.stmcufinder/plugins/mcufinder//mcu/
2024-02-27 16:18:57,896 [WARN] DbFile:41 - Overriding database path with different value: /Users/chmnku/.stmcufinder/plugins/mcufinder/ => /Users/chmnku/.stmcufinder/plugins/mcufinder
2024-02-27 16:18:57,896 [INFO] DbMcusAds:125 - Set database path to: /Users/chmnku/.stmcufinder/plugins/mcufinder//mcu/
2024-02-27 16:18:57,896 [WARN] DbFile:41 - Overriding database path with different value: /Users/chmnku/.stmcufinder/plugins/mcufinder/ => /Users/chmnku/.stmcufinder/plugins/mcufinder
2024-02-27 16:18:57,896 [WARN] DbFile:41 - Overriding database path with different value: /Users/chmnku/.stmcufinder/plugins/mcufinder/ => /Users/chmnku/.stmcufinder/plugins/mcufinder
2024-02-27 16:18:57,896 [INFO] CrossReferenceDbSqlite:203 - Set database path to: /Users/chmnku/.stmcufinder/plugins/mcufinder//mcu/cs/
2024-02-27 16:18:57,908 [INFO] ApplicationProperties:184 - Using Application install path: /Applications/STM32CubeIDE.app/Contents/Eclipse/plugins/com.st.stm32cube.common.mx_6.10.0.202311202037
2024-02-27 16:18:57,909 [INFO] PluginManage:196 - Search for loadable plugins [exclusion list=, ]
2024-02-27 16:18:57,909 [INFO] PluginManage:310 - Check plugin analytics
2024-02-27 16:18:58,084 [INFO] AnalyticsPlugin:253 - Accepted Software Licenses: STM32CubeMX.6.10.0
2024-02-27 16:18:58,085 [INFO] AnalyticsPlugin:255 - Accepted CMSIS Pack Licenses: 
2024-02-27 16:18:58,085 [INFO] AnalyticsPlugin:257 - Accepted Firmware Licenses: FW.F4.1.28.0
2024-02-27 16:18:58,100 [INFO] PluginManage:359 - Loaded plugin analytics (category:tool,tabindex:-1)
2024-02-27 16:18:58,100 [INFO] PluginManage:310 - Check plugin cadmodel
2024-02-27 16:18:58,290 [INFO] CADModel:105 - Init CAD model plugin
2024-02-27 16:18:58,290 [INFO] PluginManage:359 - Loaded plugin cadmodel (category:power,tabindex:5)
2024-02-27 16:18:58,291 [INFO] PluginManage:310 - Check plugin clock
2024-02-27 16:18:58,301 [INFO] PluginManage:359 - Loaded plugin clock (category:base,tabindex:2)
2024-02-27 16:18:58,301 [INFO] PluginManage:310 - Check plugin ddr
2024-02-27 16:18:58,302 [INFO] PluginManage:359 - Loaded plugin ddr (category:tool,tabindex:6)
2024-02-27 16:18:58,303 [INFO] PluginManage:310 - Check plugin filemanager
2024-02-27 16:18:58,418 [INFO] PluginManage:359 - Loaded plugin filemanager (category:base,tabindex:10)
2024-02-27 16:18:58,418 [INFO] PluginManage:310 - Check plugin ipmanager
2024-02-27 16:18:58,424 [INFO] PluginManage:359 - Loaded plugin ipmanager (category:base,tabindex:5)
2024-02-27 16:18:58,425 [INFO] PluginManage:310 - Check plugin lpbam
2024-02-27 16:18:58,432 [INFO] PluginManage:359 - Loaded plugin lpbam (category:base,tabindex:0)
2024-02-27 16:18:58,432 [INFO] PluginManage:310 - Check plugin memorymap
2024-02-27 16:18:58,439 [INFO] PluginManage:359 - Loaded plugin memorymap (category:base,tabindex:4)
2024-02-27 16:18:58,439 [INFO] PluginManage:310 - Check plugin pinoutandconfiguration
2024-02-27 16:18:58,442 [INFO] PluginManage:359 - Loaded plugin pinoutandconfiguration (category:base,tabindex:1)
2024-02-27 16:18:58,442 [INFO] PluginManage:310 - Check plugin pinoutconfig
2024-02-27 16:18:58,514 [WARN] SupportedApi:132 - Cannot load RTOS API schema: s4s-elt-must-match.1: The content of 'definitions' must match (annotation?, (simpleType | complexType)?, (unique | key | keyref)*)). A problem was found starting at: attribute.
2024-02-27 16:18:58,613 [INFO] PluginManage:359 - Loaded plugin pinoutconfig (category:base,tabindex:0)
2024-02-27 16:18:58,613 [INFO] PluginManage:310 - Check plugin power
2024-02-27 16:18:58,622 [INFO] PluginManage:359 - Loaded plugin power (category:power,tabindex:4)
2024-02-27 16:18:58,622 [INFO] PluginManage:310 - Check plugin projectmanager
2024-02-27 16:18:58,641 [INFO] PluginManage:359 - Loaded plugin projectmanager (category:projectmanager,tabindex:3)
2024-02-27 16:18:58,641 [INFO] PluginManage:310 - Check plugin thirdparty
2024-02-27 16:18:58,743 [INFO] PluginManage:359 - Loaded plugin thirdparty (category:base,tabindex:-1)
2024-02-27 16:18:58,743 [INFO] PluginManage:310 - Check plugin tools
2024-02-27 16:18:58,743 [WARN] IntegrityCheckThread:84 - waiting for thirdparty lock release [integrity check]
2024-02-27 16:18:58,744 [INFO] IntegrityCheckThread:86 - entering critical section [integrity check]
2024-02-27 16:18:58,745 [INFO] ThirdPartyUpdaterWithRetryManager:70 - Updater plugin not ready yet. [1/15]
2024-02-27 16:18:58,745 [INFO] PluginManage:359 - Loaded plugin tools (category:base,tabindex:7)
2024-02-27 16:18:58,745 [INFO] PluginManage:310 - Check plugin tutovideos
2024-02-27 16:18:58,945 [INFO] PluginManage:359 - Loaded plugin tutovideos (category:base,tabindex:-1)
2024-02-27 16:18:58,947 [INFO] PluginManage:310 - Check plugin updater
2024-02-27 16:18:58,971 [INFO] PluginManage:359 - Loaded plugin updater (category:base,tabindex:12)
2024-02-27 16:18:58,972 [INFO] PluginManage:310 - Check plugin userauth
2024-02-27 16:18:58,978 [INFO] UserAuth:114 - Init User Auth plugin
2024-02-27 16:18:58,978 [INFO] PluginManage:359 - Loaded plugin userauth (category:base,tabindex:14)
2024-02-27 16:18:58,979 [INFO] PluginManage:283 - PluginManage : Loaded plugins [17]
2024-02-27 16:18:59,158 [INFO] PinOutPanel:1499 - setPackage(No Configuration,No Configuration)
2024-02-27 16:18:59,221 [INFO] CADModel:165 - CPN selected for project level
2024-02-27 16:18:59,222 [INFO] CADModel:114 - Register for checkConnection events
2024-02-27 16:18:59,238 [INFO] IPUIPlugin:80 - create IPUIPlugin
2024-02-27 16:18:59,239 [INFO] PluginManager:220 - loadIPPluginJar : add mdma
2024-02-27 16:18:59,246 [INFO] IPUIPlugin:80 - create IPUIPlugin
2024-02-27 16:18:59,246 [INFO] PluginManager:220 - loadIPPluginJar : add freertos
2024-02-27 16:18:59,252 [INFO] IPUIPlugin:80 - create IPUIPlugin
2024-02-27 16:18:59,252 [INFO] PluginManager:220 - loadIPPluginJar : add gic
2024-02-27 16:18:59,259 [INFO] IPUIPlugin:80 - create IPUIPlugin
2024-02-27 16:18:59,259 [INFO] PluginManager:220 - loadIPPluginJar : add adc
2024-02-27 16:18:59,262 [INFO] IPUIPlugin:80 - create IPUIPlugin
2024-02-27 16:18:59,262 [INFO] PluginManager:220 - loadIPPluginJar : add gtzc
2024-02-27 16:18:59,263 [INFO] IPUIPlugin:80 - create IPUIPlugin
2024-02-27 16:18:59,264 [INFO] PluginManager:220 - loadIPPluginJar : add quadspi
2024-02-27 16:18:59,265 [INFO] IPUIPlugin:80 - create IPUIPlugin
2024-02-27 16:18:59,265 [INFO] PluginManager:220 - loadIPPluginJar : add aes
2024-02-27 16:18:59,268 [INFO] IPUIPlugin:80 - create IPUIPlugin
2024-02-27 16:18:59,268 [INFO] PluginManager:220 - loadIPPluginJar : add pdm2pcm
2024-02-27 16:18:59,269 [INFO] IPUIPlugin:80 - create IPUIPlugin
2024-02-27 16:18:59,270 [INFO] PluginManager:220 - loadIPPluginJar : add hash
2024-02-27 16:18:59,271 [INFO] IPUIPlugin:80 - create IPUIPlugin
2024-02-27 16:18:59,271 [INFO] PluginManager:220 - loadIPPluginJar : add tim
2024-02-27 16:18:59,272 [INFO] IPUIPlugin:80 - create IPUIPlugin
2024-02-27 16:18:59,272 [INFO] PluginManager:220 - loadIPPluginJar : add tsc
2024-02-27 16:18:59,272 [INFO] IPUIPlugin:80 - create IPUIPlugin
2024-02-27 16:18:59,272 [INFO] PluginManager:220 - loadIPPluginJar : add ts
2024-02-27 16:18:59,274 [INFO] IPUIPlugin:80 - create IPUIPlugin
2024-02-27 16:18:59,274 [INFO] PluginManager:220 - loadIPPluginJar : add can
2024-02-27 16:18:59,275 [INFO] IPUIPlugin:80 - create IPUIPlugin
2024-02-27 16:18:59,275 [INFO] PluginManager:220 - loadIPPluginJar : add dma3
2024-02-27 16:18:59,276 [INFO] IPUIPlugin:80 - create IPUIPlugin
2024-02-27 16:18:59,276 [INFO] PluginManager:220 - loadIPPluginJar : add dfsdm
2024-02-27 16:18:59,276 [INFO] IPUIPlugin:80 - create IPUIPlugin
2024-02-27 16:18:59,276 [INFO] PluginManager:220 - loadIPPluginJar : add spi
2024-02-27 16:18:59,277 [INFO] IPUIPlugin:80 - create IPUIPlugin
2024-02-27 16:18:59,277 [INFO] PluginManager:220 - loadIPPluginJar : add gfxmmu
2024-02-27 16:18:59,278 [INFO] IPUIPlugin:80 - create IPUIPlugin
2024-02-27 16:18:59,278 [INFO] PluginManager:220 - loadIPPluginJar : add genericplugin
2024-02-27 16:18:59,279 [INFO] IPUIPlugin:80 - create IPUIPlugin
2024-02-27 16:18:59,279 [INFO] PluginManager:220 - loadIPPluginJar : add cryp
2024-02-27 16:18:59,280 [INFO] IPUIPlugin:80 - create IPUIPlugin
2024-02-27 16:18:59,281 [INFO] PluginManager:220 - loadIPPluginJar : add gpio
2024-02-27 16:18:59,282 [INFO] IPUIPlugin:80 - create IPUIPlugin
2024-02-27 16:18:59,282 [INFO] PluginManager:220 - loadIPPluginJar : add comp
2024-02-27 16:18:59,283 [INFO] IPUIPlugin:80 - create IPUIPlugin
2024-02-27 16:18:59,283 [INFO] PluginManager:220 - loadIPPluginJar : add tracer_emb
2024-02-27 16:18:59,285 [INFO] IPUIPlugin:80 - create IPUIPlugin
2024-02-27 16:18:59,285 [INFO] PluginManager:220 - loadIPPluginJar : add openamp
2024-02-27 16:18:59,287 [INFO] IPUIPlugin:80 - create IPUIPlugin
2024-02-27 16:18:59,287 [INFO] PluginManager:220 - loadIPPluginJar : add stm32_wpan
2024-02-27 16:18:59,290 [INFO] IPUIPlugin:80 - create IPUIPlugin
2024-02-27 16:18:59,300 [INFO] PluginManager:220 - loadIPPluginJar : add plateformsettings
2024-02-27 16:18:59,302 [INFO] IPUIPlugin:80 - create IPUIPlugin
2024-02-27 16:18:59,302 [INFO] PluginManager:220 - loadIPPluginJar : add ipddr
2024-02-27 16:18:59,303 [INFO] IPUIPlugin:80 - create IPUIPlugin
2024-02-27 16:18:59,304 [INFO] PluginManager:220 - loadIPPluginJar : add usart
2024-02-27 16:18:59,304 [INFO] IPUIPlugin:80 - create IPUIPlugin
2024-02-27 16:18:59,305 [INFO] PluginManager:220 - loadIPPluginJar : add ltdc
2024-02-27 16:18:59,306 [INFO] IPUIPlugin:80 - create IPUIPlugin
2024-02-27 16:18:59,306 [INFO] PluginManager:220 - loadIPPluginJar : add nvic
2024-02-27 16:18:59,307 [INFO] IPUIPlugin:80 - create IPUIPlugin
2024-02-27 16:18:59,307 [INFO] PluginManager:220 - loadIPPluginJar : add fatfs
2024-02-27 16:18:59,310 [INFO] IPUIPlugin:80 - create IPUIPlugin
2024-02-27 16:18:59,310 [INFO] PluginManager:220 - loadIPPluginJar : add linkedlist
2024-02-27 16:18:59,313 [INFO] IPUIPlugin:80 - create IPUIPlugin
2024-02-27 16:18:59,313 [INFO] PluginManager:220 - loadIPPluginJar : add dma
2024-02-27 16:18:59,315 [INFO] IPUIPlugin:80 - create IPUIPlugin
2024-02-27 16:18:59,316 [INFO] PluginManager:220 - loadIPPluginJar : add fmc
2024-02-27 16:18:59,317 [INFO] IPUIPlugin:80 - create IPUIPlugin
2024-02-27 16:18:59,318 [INFO] PluginManager:220 - loadIPPluginJar : add i2s
2024-02-27 16:18:59,318 [INFO] IPUIPlugin:80 - create IPUIPlugin
2024-02-27 16:18:59,318 [INFO] PluginManager:220 - loadIPPluginJar : add ucpd
2024-02-27 16:18:59,319 [INFO] IPUIPlugin:80 - create IPUIPlugin
2024-02-27 16:18:59,319 [INFO] PluginManager:220 - loadIPPluginJar : add lorawan
2024-02-27 16:18:59,320 [INFO] IPUIPlugin:80 - create IPUIPlugin
2024-02-27 16:18:59,320 [INFO] PluginManager:220 - loadIPPluginJar : add opamp
2024-02-27 16:18:59,321 [INFO] IPUIPlugin:80 - create IPUIPlugin
2024-02-27 16:18:59,322 [INFO] PluginManager:220 - loadIPPluginJar : add i3c
2024-02-27 16:18:59,323 [INFO] IPUIPlugin:80 - create IPUIPlugin
2024-02-27 16:18:59,323 [INFO] PluginManager:220 - loadIPPluginJar : add touchsensing
2024-02-27 16:18:59,324 [INFO] IPUIPlugin:80 - create IPUIPlugin
2024-02-27 16:18:59,324 [INFO] PluginManager:220 - loadIPPluginJar : add i2c
2024-02-27 16:18:59,327 [INFO] IPUIPlugin:80 - create IPUIPlugin
2024-02-27 16:18:59,327 [INFO] PluginManager:220 - loadIPPluginJar : add resmgrutility
2024-02-27 16:18:59,328 [INFO] IPUIPlugin:80 - create IPUIPlugin
2024-02-27 16:18:59,328 [INFO] PluginManager:220 - loadIPPluginJar : add sai
2024-02-27 16:18:59,329 [INFO] IPUIPlugin:80 - create IPUIPlugin
2024-02-27 16:18:59,329 [INFO] PluginManager:220 - loadIPPluginJar : add usbx
2024-02-27 16:18:59,520 [INFO] CADModel:165 - CPN selected for project level
2024-02-27 16:18:59,520 [INFO] CADModel:114 - Register for checkConnection events
2024-02-27 16:18:59,520 [FATAL] Updater:308 - Updater called before beeing initialized
2024-02-27 16:18:59,520 [ERROR] CADModel:125 - Updater not yet initialized, retry later 
2024-02-27 16:18:59,723 [INFO] CADModel:165 - CPN selected for project level
2024-02-27 16:18:59,724 [INFO] CADModel:114 - Register for checkConnection events
2024-02-27 16:18:59,724 [FATAL] Updater:308 - Updater called before beeing initialized
2024-02-27 16:18:59,724 [ERROR] CADModel:125 - Updater not yet initialized, retry later 
2024-02-27 16:18:59,728 [FATAL] Updater:308 - Updater called before beeing initialized
2024-02-27 16:18:59,917 [FATAL] Updater:308 - Updater called before beeing initialized
2024-02-27 16:18:59,925 [INFO] DbMcusAds:53 - JSON generation date=Wed Nov 29 19:52:27 KST 2023 (1701255147349)
2024-02-27 16:18:59,926 [FATAL] Updater:308 - Updater called before beeing initialized
2024-02-27 16:18:59,972 [WARN] DetailPanel:346 - Failed to get advertising image, set to default
2024-02-27 16:19:00,031 [FATAL] Updater:308 - Updater called before beeing initialized
2024-02-27 16:19:00,034 [FATAL] Updater:308 - Updater called before beeing initialized
2024-02-27 16:19:00,034 [FATAL] Updater:308 - Updater called before beeing initialized
2024-02-27 16:19:00,034 [WARN] DetailPanel:346 - Failed to get advertising image, set to default
2024-02-27 16:19:00,036 [FATAL] Updater:308 - Updater called before beeing initialized
2024-02-27 16:19:00,100 [ERROR] Updater:1120 - MainUpdater not yet initialized. External WinMGr cannot be set.
2024-02-27 16:19:00,126 [INFO] Updater:1056 - Updater Version found : 6.10.0
2024-02-27 16:19:00,136 [INFO] ApplicationProperties:184 - Using Application install path: /Applications/STM32CubeIDE.app/Contents/Eclipse/plugins/com.st.stm32cube.common.mx_6.10.0.202311202037
2024-02-27 16:19:01,339 [INFO] MainUpdater:2873 - connection check result : 10
2024-02-27 16:19:01,342 [INFO] MainUpdater:290 - Updater Check For Update Now.
2024-02-27 16:19:01,343 [INFO] MicroXplorer:498 - Change Database Version : DB.6.0.100
2024-02-27 16:19:01,352 [INFO] McuFinderGlobals:63 - Set McuFinder mode to 2 (CubeIDE integrated)
2024-02-27 16:19:01,353 [INFO] UserAuth:180 - activating auth plugin
2024-02-27 16:19:01,365 [INFO] UserAuth:404 - Internet connection configuration mode: 1
2024-02-27 16:19:01,377 [INFO] JxBrowserEngine:152 - Initiate JxBrowser Engine with user profile folder
2024-02-27 16:19:01,571 [INFO] CheckServerUpdateThread:120 - End of CheckServer Thread
2024-02-27 16:19:01,873 [WARN] PackLoader:240 - Cannot read IP mode file for STMicroelectronics.X-CUBE-SMBUS.2.1.0
2024-02-27 16:19:01,893 [WARN] PackLoader:240 - Cannot read IP mode file for STMicroelectronics.X-CUBE-TOUCHGFX.4.23.0
2024-02-27 16:19:01,935 [WARN] PackLoader:240 - Cannot read IP mode file for STMicroelectronics.X-CUBE-AZRTOS-F7.1.1.0
2024-02-27 16:19:01,978 [WARN] PackLoader:240 - Cannot read IP mode file for STMicroelectronics.FP-SNS-MOTENV1.4.3.2
2024-02-27 16:19:02,012 [WARN] PackLoader:240 - Cannot read IP mode file for STMicroelectronics.FP-SNS-FLIGHT1.5.0.2
2024-02-27 16:19:02,032 [WARN] PackLoader:240 - Cannot read IP mode file for STMicroelectronics.X-CUBE-DISPLAY.3.0.0
2024-02-27 16:19:02,054 [WARN] PackLoader:240 - Cannot read IP mode file for STMicroelectronics.X-CUBE-BLE1.7.0.0
2024-02-27 16:19:02,073 [WARN] PackLoader:240 - Cannot read IP mode file for emotas.I-CUBE-CANOPEN.1.3.0
2024-02-27 16:19:02,089 [WARN] PackLoader:240 - Cannot read IP mode file for STMicroelectronics.FP-SNS-SMARTAG2.1.2.0
2024-02-27 16:19:02,104 [INFO] LogOutputStream:77 - [STDOUT_REDIRECT] 1 : Invalid condition id : UX_CORESTACK_Condition cause : null
2024-02-27 16:19:02,105 [INFO] LogOutputStream:77 - [STDOUT_REDIRECT] 1 : Invalid condition id : UX_CORESTACK_Condition cause : null
2024-02-27 16:19:02,105 [INFO] LogOutputStream:77 - [STDOUT_REDIRECT] 1 : Invalid condition id : UX_CORESTACK_Condition cause : null
2024-02-27 16:19:02,106 [INFO] LogOutputStream:77 - [STDOUT_REDIRECT] 1 : Invalid condition id : UX_CORESTACK_Condition cause : null
2024-02-27 16:19:02,107 [INFO] LogOutputStream:77 - [STDOUT_REDIRECT] 1 : Invalid condition id : UX_CORESTACK_Condition cause : null
2024-02-27 16:19:02,118 [WARN] PackLoader:240 - Cannot read IP mode file for STMicroelectronics.X-CUBE-AZRTOS-WL.2.0.0
2024-02-27 16:19:02,145 [WARN] PackLoader:240 - Cannot read IP mode file for WES.I-CUBE-Cesium.1.3.0
2024-02-27 16:19:02,155 [WARN] PackLoader:240 - Cannot read IP mode file for STMicroelectronics.X-CUBE-BLE2.3.3.0
2024-02-27 16:19:02,170 [WARN] PackLoader:240 - Cannot read IP mode file for STMicroelectronics.X-CUBE-ALGOBUILD.1.3.0
2024-02-27 16:19:02,207 [WARN] PackLoader:240 - Cannot read IP mode file for STMicroelectronics.X-CUBE-AZRTOS-G0.1.1.0
2024-02-27 16:19:02,223 [WARN] PackLoader:240 - Cannot read IP mode file for STMicroelectronics.X-CUBE-NFC4.3.0.0
2024-02-27 16:19:02,263 [WARN] PackLoader:240 - Cannot read IP mode file for STMicroelectronics.X-CUBE-BLEMGR.3.0.0
2024-02-27 16:19:02,280 [WARN] PackLoader:240 - Cannot read IP mode file for STMicroelectronics.FP-ATR-SIGFOX1.3.2.0
2024-02-27 16:19:02,290 [WARN] PackLoader:240 - Cannot read IP mode file for STMicroelectronics.X-CUBE-EEPRMA1.5.1.0
2024-02-27 16:19:02,439 [WARN] PackLoader:240 - Cannot read IP mode file for SEGGER.I-CUBE-embOS.1.3.1
2024-02-27 16:19:02,542 [WARN] PackLoader:240 - Cannot read IP mode file for STMicroelectronics.X-CUBE-GNSS1.6.0.0
2024-02-27 16:19:02,577 [WARN] PackLoader:240 - Cannot read IP mode file for STMicroelectronics.X-CUBE-AZRTOS-F4.1.1.0
2024-02-27 16:19:02,590 [WARN] PackLoader:240 - Cannot read IP mode file for wolfSSL.I-CUBE-wolfSSL.5.6.6
2024-02-27 16:19:02,619 [WARN] PackLoader:240 - Cannot read IP mode file for STMicroelectronics.X-CUBE-AZRTOS-L5.2.0.0
2024-02-27 16:19:02,632 [WARN] PackLoader:240 - Cannot read IP mode file for ITTIA_DB.I-CUBE-ITTIADB.8.8.0
2024-02-27 16:19:02,637 [WARN] PackLoader:240 - Cannot read IP mode file for STMicroelectronics.X-CUBE-NFC7.1.0.1
2024-02-27 16:19:02,655 [WARN] PackLoader:240 - Cannot read IP mode file for STMicroelectronics.X-CUBE-NFC6.3.0.0
2024-02-27 16:19:02,668 [WARN] PackLoader:240 - Cannot read IP mode file for STMicroelectronics.X-CUBE-AI.8.1.0
2024-02-27 16:19:02,704 [WARN] ConditionMgr:438 - getConditionDescription Invalid condition id : LAN8742 Phy interface Condition cause : null
2024-02-27 16:19:02,705 [WARN] PackLoader:240 - Cannot read IP mode file for STMicroelectronics.X-CUBE-AZRTOS-L4.2.0.0
2024-02-27 16:19:02,708 [WARN] ConditionMgr:1039 - genDependencies : Invalid condition id : LAN8742 Phy interface Condition cause : null
2024-02-27 16:19:02,708 [WARN] ConditionMgr:1039 - genDependencies : Invalid condition id : LAN8742 Phy interface Condition cause : null
2024-02-27 16:19:02,713 [WARN] ConditionMgr:1039 - genDependencies : Invalid condition id : LAN8742 Phy interface Condition cause : null
2024-02-27 16:19:02,725 [WARN] PackLoader:240 - Cannot read IP mode file for STMicroelectronics.X-CUBE-SFXS2LP1.4.0.0
2024-02-27 16:19:02,739 [WARN] ConditionMgr:438 - getConditionDescription Invalid condition id : UX DEVICE CLASS RTOS Condition cause : null
2024-02-27 16:19:02,739 [WARN] ConditionMgr:438 - getConditionDescription Invalid condition id : UX DEVICE CLASS RTOS Condition cause : null
2024-02-27 16:19:02,742 [WARN] PackLoader:240 - Cannot read IP mode file for STMicroelectronics.X-CUBE-AZRTOS-WB.2.0.0
2024-02-27 16:19:02,743 [WARN] ConditionMgr:1039 - genDependencies : Invalid condition id : UX DEVICE CLASS RTOS Condition cause : null
2024-02-27 16:19:02,743 [WARN] ConditionMgr:1039 - genDependencies : Invalid condition id : UX DEVICE CLASS RTOS Condition cause : null
2024-02-27 16:19:02,744 [WARN] ConditionMgr:1039 - genDependencies : Invalid condition id : UX DEVICE CLASS RTOS Condition cause : null
2024-02-27 16:19:02,744 [WARN] ConditionMgr:1039 - genDependencies : Invalid condition id : UX DEVICE CLASS RTOS Condition cause : null
2024-02-27 16:19:02,744 [WARN] ConditionMgr:1039 - genDependencies : Invalid condition id : UX DEVICE CLASS RTOS Condition cause : null
2024-02-27 16:19:02,755 [WARN] PackLoader:240 - Cannot read IP mode file for STMicroelectronics.X-CUBE-SUBG2.5.0.0
2024-02-27 16:19:02,802 [WARN] PackLoader:240 - Cannot read IP mode file for STMicroelectronics.X-CUBE-AZRTOS-G4.2.0.0
2024-02-27 16:19:02,840 [WARN] PackLoader:240 - Cannot read IP mode file for Infineon.AIROC-Wi-Fi-Bluetooth-STM32.1.5.1
2024-02-27 16:19:02,877 [WARN] PackLoader:240 - Cannot read IP mode file for STMicroelectronics.FP-SNS-MOTENVWB1.1.3.1
2024-02-27 16:19:02,894 [WARN] PackLoader:240 - Cannot read IP mode file for STMicroelectronics.X-CUBE-ISPU.2.0.0
2024-02-27 16:19:02,985 [WARN] PackLoader:240 - Cannot read IP mode file for STMicroelectronics.X-CUBE-MEMS1.10.0.0
2024-02-27 16:19:03,090 [WARN] PackLoader:240 - Cannot read IP mode file for STMicroelectronics.X-CUBE-FREERTOS.1.1.0
2024-02-27 16:19:03,099 [WARN] PackLoader:240 - Cannot read IP mode file for portGmbH.I-Cube-SoM-uGOAL.1.1.0
2024-02-27 16:19:03,104 [WARN] PackLoader:240 - Cannot read IP mode file for STMicroelectronics.X-CUBE-ALS.1.0.1
2024-02-27 16:19:03,107 [WARN] PackLoader:240 - Cannot read IP mode file for STMicroelectronics.FP-ATR-ASTRA1.2.0.0
2024-02-27 16:19:03,120 [WARN] PackLoader:240 - Cannot read IP mode file for STMicroelectronics.X-CUBE-TOF1.3.4.0
2024-02-27 16:19:03,156 [WARN] PackLoader:240 - Cannot read IP mode file for STMicroelectronics.X-CUBE-AZRTOS-H7.3.2.0
2024-02-27 16:19:03,164 [INFO] ThirdParty:978 - Integrity check success = true
2024-02-27 16:19:03,164 [INFO] IntegrityCheckThread:100 - exiting critical section [integrity check]
2024-02-27 16:19:03,164 [INFO] IntegrityCheckThread:103 - End integrity checks thread
2024-02-27 16:19:05,766 [INFO] WebApp:161 - Instantiating new browser for Auth
2024-02-27 16:19:06,802 [INFO] WebApp:780 - Register for checkConnection events
2024-02-27 16:19:06,802 [INFO] WebApp:414 - Apply proxy settings
2024-02-27 16:19:06,808 [INFO] WebApp:459 - Chromium authenticates against Manually configured proxy
2024-02-27 16:19:06,822 [INFO] WebApp:467 - Username used for proxy authentication: 
2024-02-27 16:19:06,933 [INFO] WebApp:192 - Starting web application
2024-02-27 16:19:06,933 [INFO] WebApp:544 - Web application path used /Applications/STM32CubeIDE.app/Contents/Eclipse/plugins/com.st.stm32cube.common.mx_6.10.0.202311202037/db/plugins/mcufinder/reactClient1/index.html
2024-02-27 16:19:08,191 [INFO] McuFinderGlobals:63 - Set McuFinder mode to 2 (CubeIDE integrated)
2024-02-27 16:19:08,197 [INFO] MainUpdater:2873 - connection check result : 10
2024-02-27 16:19:08,200 [INFO] McuFinderGlobals:76 - Set McuFinderConnectedMode to true
2024-02-27 16:19:08,617 [INFO] ServerAccessManage:473 - Download File mcusAds.json._tmp_
2024-02-27 16:19:08,728 [INFO] LoadUrlFilesThread:156 - End of LoadUrlFiles Thread
2024-02-27 16:19:10,029 [INFO] ServerAccessManage:473 - Download File cube-finder-db.zip
2024-02-27 16:19:18,347 [INFO] FileExtend:240 - Unzip File : cube-finder-db.zip
2024-02-27 16:19:18,353 [INFO] FileExtend:255 - Standard Zip Deflate
2024-02-27 16:19:18,853 [INFO] LoadUrlFilesThread:156 - End of LoadUrlFiles Thread
2024-02-27 16:19:20,204 [INFO] ServerAccessManage:473 - Download File crdb.zip
2024-02-27 16:19:28,025 [INFO] FileExtend:240 - Unzip File : crdb.zip
2024-02-27 16:19:28,029 [INFO] FileExtend:255 - Standard Zip Deflate
2024-02-27 16:19:28,035 [ERROR] LogOutputStream:75 - [STDERR_REDIRECT] SLF4J: Failed to load class "org.slf4j.impl.StaticLoggerBinder".
2024-02-27 16:19:28,036 [ERROR] LogOutputStream:75 - [STDERR_REDIRECT] SLF4J: Defaulting to no-operation (NOP) logger implementation
2024-02-27 16:19:28,036 [ERROR] LogOutputStream:75 - [STDERR_REDIRECT] SLF4J: See http://www.slf4j.org/codes.html#StaticLoggerBinder for further details.
2024-02-27 16:19:28,149 [INFO] LoadUrlFilesThread:156 - End of LoadUrlFiles Thread
2024-02-27 16:19:29,850 [INFO] ServerAccessManage:473 - Download File tutoVideoDB.zip
2024-02-27 16:19:30,369 [INFO] FileExtend:240 - Unzip File : tutoVideoDB.zip
2024-02-27 16:19:30,371 [INFO] FileExtend:255 - Standard Zip Deflate
2024-02-27 16:19:30,485 [INFO] LoadUrlFilesThread:156 - End of LoadUrlFiles Thread
2024-02-27 16:19:30,490 [WARN] DbFile:41 - Overriding database path with different value: /Users/chmnku/.stmcufinder/plugins/mcufinder/ => /Users/chmnku/.stmcufinder/plugins/mcufinder
2024-02-27 16:19:30,931 [INFO] ServerAccessManage:473 - Download File api_config.json
2024-02-27 16:19:31,042 [INFO] LoadUrlFilesThread:156 - End of LoadUrlFiles Thread
2024-02-27 16:19:31,045 [INFO] DbMcusAds:53 - JSON generation date=Wed Nov 29 19:52:27 KST 2023 (1701255147349)
2024-02-27 16:19:31,090 [INFO] LoadUrlFilesThread:185 - End of LoadServerUrlFiles without Thread
2024-02-27 16:19:31,090 [INFO] TargetSelectorAdapter:259 - Refresh data is successful
2024-02-27 16:19:31,675 [INFO] ApiDb:581 - Connected to CubeFinder SQLite database (/Users/chmnku/.stmcufinder/plugins/mcufinder/mcu/cube-finder-db.db)
2024-02-27 16:19:31,715 [INFO] ApiDb:668 - CubeFinder database Data Model version=2.1
2024-02-27 16:19:31,715 [INFO] ApiDb:669 - CubeFinder database Configuration version=3.0.39
2024-02-27 16:19:31,715 [INFO] ApiDb:670 - CubeFinder database generation date=2024-01-11 (1704964531)
2024-02-27 16:19:31,716 [INFO] ApiDb:671 - CubeFinder database FW Pack versions=[FP-ATR-ASTRA1_V2.0.0, FP-SNS-FLIGHT1_V5.0.1, FP-SNS-FLIGHT1_V5.0.2, FP-SNS-MOTENV1_V4.3.1, FP-SNS-MOTENV1_V4.3.2, FP-SNS-MOTENVWB1_V1.3.1, FP-SNS-SMARTAG2_V1.2.0, STM32Cube_FW_C0_V1.1.0, STM32Cube_FW_F4_V1.28.0, STM32Cube_FW_F7_V1.17.0, STM32Cube_FW_G0_V1.6.2, STM32Cube_FW_G4_V1.5.2, STM32Cube_FW_H5_V0.5.1, STM32Cube_FW_H5_V1.1.1, STM32Cube_FW_H5_V1.2.0RC2, STM32Cube_FW_H7_V1.11.0, STM32Cube_FW_L0_V1.12.2, STM32Cube_FW_L5_V1.5.0, STM32Cube_FW_U5_V1.3.0RC4, STM32Cube_FW_U5_V1.4.0, STM32Cube_FW_WBA_V1.0.0RC1, STM32Cube_FW_WBA_V1.1.0RC1, STM32Cube_FW_WBA_V1.2.0, STM32Cube_FW_WBA_V1.2.0RC2, STM32Cube_FW_WB_V1.15.0RC1, STM32Cube_FW_WB_V1.16.0, STM32Cube_FW_WB_V1.16.0RC2, STM32Cube_FW_WB_V1.18.0, STM32Cube_FW_WL_V1.3.0, X-CUBE-ALGOBUILD_V1.3.0, X-CUBE-ALS_V1.0.1, X-CUBE-AZRTOS-F4_V1.1.0, X-CUBE-AZRTOS-F7_V1.1.0, X-CUBE-AZRTOS-G0_V1.1.0, X-CUBE-AZRTOS-G4_V2.0.0, X-CUBE-AZRTOS-H7_V3.2.0, X-CUBE-AZRTOS-L4_V1.0.0, X-CUBE-AZRTOS-L4_V2.0.0, X-CUBE-AZRTOS-L5_V1.1.0, X-CUBE-AZRTOS-WB_V2.0.0, X-CUBE-AZRTOS-WL_V2.0.0, X-CUBE-BLE1_V7.0.0, X-CUBE-BLE2_V3.3.0, X-CUBE-BLEMGR_V3.0.0, X-CUBE-EEPRMA1_V4.1.0, X-CUBE-EEPRMA1_V4.2.0, X-CUBE-FREERTOS_V1.1.0, X-CUBE-GNSS1_V6.0.0, X-CUBE-MEMS1_V10.0.0, X-CUBE-MEMS1_V9.1.0, X-CUBE-MEMS1_V9.4.0, X-CUBE-MEMS1_V9.6.0, X-CUBE-NFC4_V3.0.0, X-CUBE-NFC7_V1.0.1, X-CUBE-SFXS2LP1_V4.0.0, X-CUBE-SUBG2_V5.0.0, X-CUBE-TOF1_V3.4.0]
2024-02-27 16:19:32,885 [INFO] ApiDb:240 - Found 371 in-development CPN: [B-G473E-ZEST1S, B-WB1M-WPAN1, B-WL5M-SUBG1, NUCLEO-C031C6, NUCLEO-H503RB, NUCLEO-H563ZI, NUCLEO-U545RE-Q, NUCLEO-U5A5ZJ-Q, NUCLEO-WBA52CG, NUCLEO-WBA55CG, STEVAL-MKBOXPRO, STEVAL-PROTEUS1, STEVAL-STWINBX1, STM320518-EVAL, STM32C0116-DK, STM32C011D6Y3TR, STM32C011D6Y6TR, STM32C011F4P3, STM32C011F4P6, STM32C011F4U3, STM32C011F4U6TR, STM32C011F6P3, STM32C011F6P6, STM32C011F6U3, STM32C011F6U6TR, STM32C011J4M3, STM32C011J4M6, STM32C011J6M3, STM32C011J6M6, STM32C0316-DK, STM32C031C4T3, STM32C031C4T6, STM32C031C4U3, STM32C031C4U6, STM32C031C6T3, STM32C031C6T6, STM32C031C6U3, STM32C031C6U6, STM32C031F4P3, STM32C031F4P6, STM32C031F6P3, STM32C031F6P6, STM32C031G4U3, STM32C031G4U6, STM32C031G6U3, STM32C031G6U6, STM32C031K4T3, STM32C031K4T6, STM32C031K4U3, STM32C031K4U6, STM32C031K6T3, STM32C031K6T6, STM32C031K6U3, STM32C031K6U6, STM32G071K8TXN, STM32G071K8UXN, STM32G081GBU6N, STM32G081KBT6N, STM32G081KBUXN, STM32G0B1CCT6N, STM32G0B1KCT6, STM32G0B1NEY6TR, STM32G0B1RCT6N, STM32G0C1CCT6, STM32G0C1CCT6N, STM32G0C1CCU6N, STM32G0C1CET6N, STM32G0C1CEU6N, STM32G0C1KCT6, STM32G0C1NEY6TR, STM32G0C1RCI6N, STM32G0C1RCT6N, STM32G0C1REI6N, STM32G0C1RET6N, STM32G0C1VCI6, STM32G0C1VEI6, STM32G471CCT6, STM32G471CCU6, STM32G471CET3, STM32G471CET6, STM32G471CEU3, STM32G471CEU6, STM32G471MCT6, STM32G471MET3, STM32G471MET6, STM32G471MEY6TR, STM32G471QCT6, STM32G471QET3, STM32G471RCT6, STM32G471RET3, STM32G471RET6, STM32G471VCH6, STM32G471VCI6, STM32G471VCT6, STM32G471VEH3, STM32G471VEH6, STM32G471VEI3, STM32G471VEI6, STM32G471VET3, STM32G471VET6, STM32G474CCT6, STM32H503CBT6, STM32H503CBU6, STM32H503EBY6TR, STM32H503KBU6, STM32H503RBT6, STM32H562AGI6, STM32H562AII6, STM32H562IGK6, STM32H562IGT6, STM32H562IIK6, STM32H562IIT6, STM32H562RGT6, STM32H562RGV6, STM32H562RIT6, STM32H562RIV6, STM32H562VGT6, STM32H562VIT6, STM32H562ZGT6, STM32H562ZIT6, STM32H563AGI6, STM32H563AII3Q, STM32H563AII6, STM32H563IGK6, STM32H563IGT6, STM32H563IIK3Q, STM32H563IIK6, STM32H563IIT3Q, STM32H563IIT6, STM32H563MIY3QTR, STM32H563RGT6, STM32H563RGV6, STM32H563RIT6, STM32H563RIV6, STM32H563VGT6, STM32H563VIT3Q, STM32H563VIT6, STM32H563ZGT6, STM32H563ZIT3Q, STM32H563ZIT6, STM32H573AII3Q, STM32H573AII6, STM32H573I-DK, STM32H573IIK3Q, STM32H573IIK6, STM32H573IIT3Q, STM32H573IIT6, STM32H573MIY3QTR, STM32H573RIT6, STM32H573RIV6, STM32H573VIT3Q, STM32H573VIT6, STM32H573ZIT3Q, STM32H573ZIT6, STM32L4R5QGI6STR, STM32MP131AAE3, STM32MP131AAF3, STM32MP131AAG3, STM32MP131CAE3, STM32MP131CAF3, STM32MP131CAG3, STM32MP131DAE7, STM32MP131DAF7, STM32MP131DAG7, STM32MP131FAE7, STM32MP131FAF7, STM32MP131FAG7, STM32MP133AAE3, STM32MP133AAF3, STM32MP133AAG3, STM32MP133CAE3, STM32MP133CAF3, STM32MP133CAG3, STM32MP133DAE7, STM32MP133DAF7, STM32MP133DAG7, STM32MP133FAE7, STM32MP133FAF7, STM32MP133FAG7, STM32MP135AAE3, STM32MP135AAF3, STM32MP135AAG3, STM32MP135CAE3, STM32MP135CAF3, STM32MP135CAG3, STM32MP135DAE7, STM32MP135DAF7, STM32MP135DAG7, STM32MP135F-DK, STM32MP135FAE7, STM32MP135FAF7, STM32MP135FAF7T, STM32MP135FAF7U, STM32MP135FAG7, STM32U535CBT6, STM32U535CBT6Q, STM32U535CBU6, STM32U535CBU6Q, STM32U535CCT6, STM32U535CCT6Q, STM32U535CCU6, STM32U535CCU6Q, STM32U535CET6, STM32U535CET6Q, STM32U535CEU6, STM32U535CEU6Q, STM32U535JEY6QTR, STM32U535NCY6QTR, STM32U535NEY6QTR, STM32U535RBI6, STM32U535RBI6Q, STM32U535RBT6, STM32U535RBT6Q, STM32U535RCI6, STM32U535RCI6Q, STM32U535RCT6, STM32U535RCT6Q, STM32U535REI6, STM32U535REI6Q, STM32U535RET6, STM32U535RET6Q, STM32U535VCI6, STM32U535VCI6Q, STM32U535VCT6, STM32U535VCT6Q, STM32U535VEI6, STM32U535VEI6Q, STM32U535VET6, STM32U535VET6Q, STM32U545CET6, STM32U545CET6Q, STM32U545CEU6, STM32U545CEU6Q, STM32U545JEY6QTR, STM32U545NEY6QTR, STM32U545REI6, STM32U545REI6Q, STM32U545RET6, STM32U545RET6Q, STM32U545VEI6, STM32U545VEI6Q, STM32U545VET6, STM32U545VET6Q, STM32U595AIH6, STM32U595AIH6Q, STM32U595AJH6, STM32U595AJH6Q, STM32U595QII6, STM32U595QII6Q, STM32U595QJI6, STM32U595QJI6Q, STM32U595RIT6, STM32U595RIT6Q, STM32U595RJT6, STM32U595RJT6Q, STM32U595VIT6, STM32U595VIT6Q, STM32U595VJT6, STM32U595VJT6Q, STM32U595ZIT6, STM32U595ZIT6Q, STM32U595ZIY6QTR, STM32U595ZJT6, STM32U595ZJT6Q, STM32U595ZJY6QTR, STM32U599BJY6QTR, STM32U599NIH6Q, STM32U599NJH6Q, STM32U599VIT6Q, STM32U599VJT6, STM32U599VJT6Q, STM32U599ZIT6Q, STM32U599ZIY6QTR, STM32U599ZJT6Q, STM32U599ZJY6QTR, STM32U5A5AJH6, STM32U5A5AJH6Q, STM32U5A5QJI6, STM32U5A5QJI6Q, STM32U5A5RJT6, STM32U5A5RJT6Q, STM32U5A5VJT6, STM32U5A5VJT6Q, STM32U5A5ZJT6, STM32U5A5ZJT6Q, STM32U5A5ZJY6QTR, STM32U5A9BJY6QTR, STM32U5A9J-DK, STM32U5A9NJH6Q, STM32U5A9VJT6Q, STM32U5A9ZJT6Q, STM32U5A9ZJY6QTR, STM32U5F7VIT6, STM32U5F7VIT6Q, STM32U5F7VJT6, STM32U5F7VJT6Q, STM32U5F9BJY6QTR, STM32U5F9NJH6Q, STM32U5F9VIT6Q, STM32U5F9VJT6Q, STM32U5F9ZIJ6QTR, STM32U5F9ZIT6Q, STM32U5F9ZJJ6QTR, STM32U5F9ZJT6Q, STM32U5G7VJT6, STM32U5G7VJT6Q, STM32U5G9BJY6QTR, STM32U5G9J-DK1, STM32U5G9J-DK2, STM32U5G9NJH6Q, STM32U5G9VJT6Q, STM32U5G9ZJJ6QTR, STM32U5G9ZJT6Q, STM32WB1MMCH6, STM32WBA50KEU6, STM32WBA50KEU6TR, STM32WBA50KGU6, STM32WBA50KGU6TR, STM32WBA52CEU6, STM32WBA52CEU6TR, STM32WBA52CEU7, STM32WBA52CEU7TR, STM32WBA52CGU6, STM32WBA52CGU6TR, STM32WBA52CGU6U, STM32WBA52CGU7, STM32WBA52CGU7TR, STM32WBA52KEU6, STM32WBA52KEU6TR, STM32WBA52KGU6, STM32WBA52KGU6TR, STM32WBA54CEU6, STM32WBA54CEU6TR, STM32WBA54CEU7, STM32WBA54CEU7TR, STM32WBA54CGU6, STM32WBA54CGU6TR, STM32WBA54CGU7, STM32WBA54CGU7TR, STM32WBA54KEU6, STM32WBA54KEU6TR, STM32WBA54KEU7, STM32WBA54KEU7TR, STM32WBA54KGU6, STM32WBA54KGU6TR, STM32WBA54KGU7, STM32WBA54KGU7TR, STM32WBA55CEU6, STM32WBA55CEU6TR, STM32WBA55CEU7, STM32WBA55CEU7TR, STM32WBA55CGU6, STM32WBA55CGU6TR, STM32WBA55CGU6U, STM32WBA55CGU7, STM32WBA55CGU7TR, STM32WBA55G-DK1, STM32WBA55HEF6, STM32WBA55HEF7, STM32WBA55HGF6, STM32WBA55HGF7, STM32WBA55UEI6, STM32WBA55UEI6TR, STM32WBA55UEI7, STM32WBA55UEI7TR, STM32WBA55UGI6, STM32WBA55UGI6TR, STM32WBA55UGI7, STM32WBA55UGI7TR, STM32WL5MOCH6, STM32WL5MOCH6TR]
2024-02-27 16:19:32,893 [INFO] DbMcus:218 - Found 3930 MCUs, 3930 are supported
2024-02-27 16:19:32,893 [INFO] ApiDb:423 - Load user favorites file /Users/chmnku/.stm32cubeide/favorites.mcus.txt: 0 item(s)
2024-02-27 16:19:32,893 [INFO] ApiDb:427 - User favorites MCUs=[]
2024-02-27 16:19:32,894 [INFO] DbMcus:224 - Set 0 / 0 favorites MCUs
2024-02-27 16:19:33,108 [INFO] ApiDb:668 - CubeFinder database Data Model version=2.1
2024-02-27 16:19:33,108 [INFO] ApiDb:669 - CubeFinder database Configuration version=3.0.39
2024-02-27 16:19:33,109 [INFO] ApiDb:670 - CubeFinder database generation date=2024-01-11 (1704964531)
2024-02-27 16:19:33,109 [INFO] ApiDb:671 - CubeFinder database FW Pack versions=[FP-ATR-ASTRA1_V2.0.0, FP-SNS-FLIGHT1_V5.0.1, FP-SNS-FLIGHT1_V5.0.2, FP-SNS-MOTENV1_V4.3.1, FP-SNS-MOTENV1_V4.3.2, FP-SNS-MOTENVWB1_V1.3.1, FP-SNS-SMARTAG2_V1.2.0, STM32Cube_FW_C0_V1.1.0, STM32Cube_FW_F4_V1.28.0, STM32Cube_FW_F7_V1.17.0, STM32Cube_FW_G0_V1.6.2, STM32Cube_FW_G4_V1.5.2, STM32Cube_FW_H5_V0.5.1, STM32Cube_FW_H5_V1.1.1, STM32Cube_FW_H5_V1.2.0RC2, STM32Cube_FW_H7_V1.11.0, STM32Cube_FW_L0_V1.12.2, STM32Cube_FW_L5_V1.5.0, STM32Cube_FW_U5_V1.3.0RC4, STM32Cube_FW_U5_V1.4.0, STM32Cube_FW_WBA_V1.0.0RC1, STM32Cube_FW_WBA_V1.1.0RC1, STM32Cube_FW_WBA_V1.2.0, STM32Cube_FW_WBA_V1.2.0RC2, STM32Cube_FW_WB_V1.15.0RC1, STM32Cube_FW_WB_V1.16.0, STM32Cube_FW_WB_V1.16.0RC2, STM32Cube_FW_WB_V1.18.0, STM32Cube_FW_WL_V1.3.0, X-CUBE-ALGOBUILD_V1.3.0, X-CUBE-ALS_V1.0.1, X-CUBE-AZRTOS-F4_V1.1.0, X-CUBE-AZRTOS-F7_V1.1.0, X-CUBE-AZRTOS-G0_V1.1.0, X-CUBE-AZRTOS-G4_V2.0.0, X-CUBE-AZRTOS-H7_V3.2.0, X-CUBE-AZRTOS-L4_V1.0.0, X-CUBE-AZRTOS-L4_V2.0.0, X-CUBE-AZRTOS-L5_V1.1.0, X-CUBE-AZRTOS-WB_V2.0.0, X-CUBE-AZRTOS-WL_V2.0.0, X-CUBE-BLE1_V7.0.0, X-CUBE-BLE2_V3.3.0, X-CUBE-BLEMGR_V3.0.0, X-CUBE-EEPRMA1_V4.1.0, X-CUBE-EEPRMA1_V4.2.0, X-CUBE-FREERTOS_V1.1.0, X-CUBE-GNSS1_V6.0.0, X-CUBE-MEMS1_V10.0.0, X-CUBE-MEMS1_V9.1.0, X-CUBE-MEMS1_V9.4.0, X-CUBE-MEMS1_V9.6.0, X-CUBE-NFC4_V3.0.0, X-CUBE-NFC7_V1.0.1, X-CUBE-SFXS2LP1_V4.0.0, X-CUBE-SUBG2_V5.0.0, X-CUBE-TOF1_V3.4.0]
2024-02-27 16:19:33,161 [INFO] DbBoardsSqlite:226 - include board P-NUCLEO-WB55-NUCLEO as a kit item of type 'Nucleo-64'
2024-02-27 16:19:33,163 [INFO] DbBoardsSqlite:226 - include board P-NUCLEO-WB55-USBDONGLE as a kit item of type 'Nucleo USB Dongle'
2024-02-27 16:19:33,163 [INFO] DbBoardsSqlite:226 - include board STEVAL-IDP005V1 as a kit item of type 'Evaluation Board'
2024-02-27 16:19:33,163 [INFO] DbBoardsSqlite:226 - include board STEVAL-IDP005V2 as a kit item of type 'Evaluation Board'
2024-02-27 16:19:33,193 [INFO] ApiDb:240 - Found 371 in-development CPN: [B-G473E-ZEST1S, B-WB1M-WPAN1, B-WL5M-SUBG1, NUCLEO-C031C6, NUCLEO-H503RB, NUCLEO-H563ZI, NUCLEO-U545RE-Q, NUCLEO-U5A5ZJ-Q, NUCLEO-WBA52CG, NUCLEO-WBA55CG, STEVAL-MKBOXPRO, STEVAL-PROTEUS1, STEVAL-STWINBX1, STM320518-EVAL, STM32C0116-DK, STM32C011D6Y3TR, STM32C011D6Y6TR, STM32C011F4P3, STM32C011F4P6, STM32C011F4U3, STM32C011F4U6TR, STM32C011F6P3, STM32C011F6P6, STM32C011F6U3, STM32C011F6U6TR, STM32C011J4M3, STM32C011J4M6, STM32C011J6M3, STM32C011J6M6, STM32C0316-DK, STM32C031C4T3, STM32C031C4T6, STM32C031C4U3, STM32C031C4U6, STM32C031C6T3, STM32C031C6T6, STM32C031C6U3, STM32C031C6U6, STM32C031F4P3, STM32C031F4P6, STM32C031F6P3, STM32C031F6P6, STM32C031G4U3, STM32C031G4U6, STM32C031G6U3, STM32C031G6U6, STM32C031K4T3, STM32C031K4T6, STM32C031K4U3, STM32C031K4U6, STM32C031K6T3, STM32C031K6T6, STM32C031K6U3, STM32C031K6U6, STM32G071K8TXN, STM32G071K8UXN, STM32G081GBU6N, STM32G081KBT6N, STM32G081KBUXN, STM32G0B1CCT6N, STM32G0B1KCT6, STM32G0B1NEY6TR, STM32G0B1RCT6N, STM32G0C1CCT6, STM32G0C1CCT6N, STM32G0C1CCU6N, STM32G0C1CET6N, STM32G0C1CEU6N, STM32G0C1KCT6, STM32G0C1NEY6TR, STM32G0C1RCI6N, STM32G0C1RCT6N, STM32G0C1REI6N, STM32G0C1RET6N, STM32G0C1VCI6, STM32G0C1VEI6, STM32G471CCT6, STM32G471CCU6, STM32G471CET3, STM32G471CET6, STM32G471CEU3, STM32G471CEU6, STM32G471MCT6, STM32G471MET3, STM32G471MET6, STM32G471MEY6TR, STM32G471QCT6, STM32G471QET3, STM32G471RCT6, STM32G471RET3, STM32G471RET6, STM32G471VCH6, STM32G471VCI6, STM32G471VCT6, STM32G471VEH3, STM32G471VEH6, STM32G471VEI3, STM32G471VEI6, STM32G471VET3, STM32G471VET6, STM32G474CCT6, STM32H503CBT6, STM32H503CBU6, STM32H503EBY6TR, STM32H503KBU6, STM32H503RBT6, STM32H562AGI6, STM32H562AII6, STM32H562IGK6, STM32H562IGT6, STM32H562IIK6, STM32H562IIT6, STM32H562RGT6, STM32H562RGV6, STM32H562RIT6, STM32H562RIV6, STM32H562VGT6, STM32H562VIT6, STM32H562ZGT6, STM32H562ZIT6, STM32H563AGI6, STM32H563AII3Q, STM32H563AII6, STM32H563IGK6, STM32H563IGT6, STM32H563IIK3Q, STM32H563IIK6, STM32H563IIT3Q, STM32H563IIT6, STM32H563MIY3QTR, STM32H563RGT6, STM32H563RGV6, STM32H563RIT6, STM32H563RIV6, STM32H563VGT6, STM32H563VIT3Q, STM32H563VIT6, STM32H563ZGT6, STM32H563ZIT3Q, STM32H563ZIT6, STM32H573AII3Q, STM32H573AII6, STM32H573I-DK, STM32H573IIK3Q, STM32H573IIK6, STM32H573IIT3Q, STM32H573IIT6, STM32H573MIY3QTR, STM32H573RIT6, STM32H573RIV6, STM32H573VIT3Q, STM32H573VIT6, STM32H573ZIT3Q, STM32H573ZIT6, STM32L4R5QGI6STR, STM32MP131AAE3, STM32MP131AAF3, STM32MP131AAG3, STM32MP131CAE3, STM32MP131CAF3, STM32MP131CAG3, STM32MP131DAE7, STM32MP131DAF7, STM32MP131DAG7, STM32MP131FAE7, STM32MP131FAF7, STM32MP131FAG7, STM32MP133AAE3, STM32MP133AAF3, STM32MP133AAG3, STM32MP133CAE3, STM32MP133CAF3, STM32MP133CAG3, STM32MP133DAE7, STM32MP133DAF7, STM32MP133DAG7, STM32MP133FAE7, STM32MP133FAF7, STM32MP133FAG7, STM32MP135AAE3, STM32MP135AAF3, STM32MP135AAG3, STM32MP135CAE3, STM32MP135CAF3, STM32MP135CAG3, STM32MP135DAE7, STM32MP135DAF7, STM32MP135DAG7, STM32MP135F-DK, STM32MP135FAE7, STM32MP135FAF7, STM32MP135FAF7T, STM32MP135FAF7U, STM32MP135FAG7, STM32U535CBT6, STM32U535CBT6Q, STM32U535CBU6, STM32U535CBU6Q, STM32U535CCT6, STM32U535CCT6Q, STM32U535CCU6, STM32U535CCU6Q, STM32U535CET6, STM32U535CET6Q, STM32U535CEU6, STM32U535CEU6Q, STM32U535JEY6QTR, STM32U535NCY6QTR, STM32U535NEY6QTR, STM32U535RBI6, STM32U535RBI6Q, STM32U535RBT6, STM32U535RBT6Q, STM32U535RCI6, STM32U535RCI6Q, STM32U535RCT6, STM32U535RCT6Q, STM32U535REI6, STM32U535REI6Q, STM32U535RET6, STM32U535RET6Q, STM32U535VCI6, STM32U535VCI6Q, STM32U535VCT6, STM32U535VCT6Q, STM32U535VEI6, STM32U535VEI6Q, STM32U535VET6, STM32U535VET6Q, STM32U545CET6, STM32U545CET6Q, STM32U545CEU6, STM32U545CEU6Q, STM32U545JEY6QTR, STM32U545NEY6QTR, STM32U545REI6, STM32U545REI6Q, STM32U545RET6, STM32U545RET6Q, STM32U545VEI6, STM32U545VEI6Q, STM32U545VET6, STM32U545VET6Q, STM32U595AIH6, STM32U595AIH6Q, STM32U595AJH6, STM32U595AJH6Q, STM32U595QII6, STM32U595QII6Q, STM32U595QJI6, STM32U595QJI6Q, STM32U595RIT6, STM32U595RIT6Q, STM32U595RJT6, STM32U595RJT6Q, STM32U595VIT6, STM32U595VIT6Q, STM32U595VJT6, STM32U595VJT6Q, STM32U595ZIT6, STM32U595ZIT6Q, STM32U595ZIY6QTR, STM32U595ZJT6, STM32U595ZJT6Q, STM32U595ZJY6QTR, STM32U599BJY6QTR, STM32U599NIH6Q, STM32U599NJH6Q, STM32U599VIT6Q, STM32U599VJT6, STM32U599VJT6Q, STM32U599ZIT6Q, STM32U599ZIY6QTR, STM32U599ZJT6Q, STM32U599ZJY6QTR, STM32U5A5AJH6, STM32U5A5AJH6Q, STM32U5A5QJI6, STM32U5A5QJI6Q, STM32U5A5RJT6, STM32U5A5RJT6Q, STM32U5A5VJT6, STM32U5A5VJT6Q, STM32U5A5ZJT6, STM32U5A5ZJT6Q, STM32U5A5ZJY6QTR, STM32U5A9BJY6QTR, STM32U5A9J-DK, STM32U5A9NJH6Q, STM32U5A9VJT6Q, STM32U5A9ZJT6Q, STM32U5A9ZJY6QTR, STM32U5F7VIT6, STM32U5F7VIT6Q, STM32U5F7VJT6, STM32U5F7VJT6Q, STM32U5F9BJY6QTR, STM32U5F9NJH6Q, STM32U5F9VIT6Q, STM32U5F9VJT6Q, STM32U5F9ZIJ6QTR, STM32U5F9ZIT6Q, STM32U5F9ZJJ6QTR, STM32U5F9ZJT6Q, STM32U5G7VJT6, STM32U5G7VJT6Q, STM32U5G9BJY6QTR, STM32U5G9J-DK1, STM32U5G9J-DK2, STM32U5G9NJH6Q, STM32U5G9VJT6Q, STM32U5G9ZJJ6QTR, STM32U5G9ZJT6Q, STM32WB1MMCH6, STM32WBA50KEU6, STM32WBA50KEU6TR, STM32WBA50KGU6, STM32WBA50KGU6TR, STM32WBA52CEU6, STM32WBA52CEU6TR, STM32WBA52CEU7, STM32WBA52CEU7TR, STM32WBA52CGU6, STM32WBA52CGU6TR, STM32WBA52CGU6U, STM32WBA52CGU7, STM32WBA52CGU7TR, STM32WBA52KEU6, STM32WBA52KEU6TR, STM32WBA52KGU6, STM32WBA52KGU6TR, STM32WBA54CEU6, STM32WBA54CEU6TR, STM32WBA54CEU7, STM32WBA54CEU7TR, STM32WBA54CGU6, STM32WBA54CGU6TR, STM32WBA54CGU7, STM32WBA54CGU7TR, STM32WBA54KEU6, STM32WBA54KEU6TR, STM32WBA54KEU7, STM32WBA54KEU7TR, STM32WBA54KGU6, STM32WBA54KGU6TR, STM32WBA54KGU7, STM32WBA54KGU7TR, STM32WBA55CEU6, STM32WBA55CEU6TR, STM32WBA55CEU7, STM32WBA55CEU7TR, STM32WBA55CGU6, STM32WBA55CGU6TR, STM32WBA55CGU6U, STM32WBA55CGU7, STM32WBA55CGU7TR, STM32WBA55G-DK1, STM32WBA55HEF6, STM32WBA55HEF7, STM32WBA55HGF6, STM32WBA55HGF7, STM32WBA55UEI6, STM32WBA55UEI6TR, STM32WBA55UEI7, STM32WBA55UEI7TR, STM32WBA55UGI6, STM32WBA55UGI6TR, STM32WBA55UGI7, STM32WBA55UGI7TR, STM32WL5MOCH6, STM32WL5MOCH6TR]
2024-02-27 16:19:33,337 [INFO] BoardInfo:889 - No configuration file found for board P-NUCLEO-WB55
2024-02-27 16:19:33,342 [INFO] DbBoards:161 - Kit is not supported: P-NUCLEO-WB55
2024-02-27 16:19:33,346 [INFO] BoardInfo:889 - No configuration file found for board STEVAL-BFA001V1B
2024-02-27 16:19:33,346 [INFO] DbBoards:161 - Kit is not supported: STEVAL-BFA001V1B
2024-02-27 16:19:33,347 [INFO] BoardInfo:889 - No configuration file found for board STEVAL-BFA001V2B
2024-02-27 16:19:33,347 [INFO] DbBoards:161 - Kit is not supported: STEVAL-BFA001V2B
2024-02-27 16:19:33,436 [INFO] DbBoards:168 - Found 193 boards, 190 are supported
2024-02-27 16:19:33,437 [INFO] DbBoards:169 - Found 193 boards, 3 of them is supported for  Bsp
2024-02-27 16:19:33,439 [INFO] ApiDb:414 - User favorites file not found: /Users/chmnku/.stm32cubeide/favorites.boards.txt
2024-02-27 16:19:33,439 [INFO] DbBoards:198 - Set 0 / 0 favorites Boards
2024-02-27 16:19:33,445 [INFO] ApiDb:668 - CubeFinder database Data Model version=2.1
2024-02-27 16:19:33,445 [INFO] ApiDb:669 - CubeFinder database Configuration version=3.0.39
2024-02-27 16:19:33,445 [INFO] ApiDb:670 - CubeFinder database generation date=2024-01-11 (1704964531)
2024-02-27 16:19:33,446 [INFO] ApiDb:671 - CubeFinder database FW Pack versions=[FP-ATR-ASTRA1_V2.0.0, FP-SNS-FLIGHT1_V5.0.1, FP-SNS-FLIGHT1_V5.0.2, FP-SNS-MOTENV1_V4.3.1, FP-SNS-MOTENV1_V4.3.2, FP-SNS-MOTENVWB1_V1.3.1, FP-SNS-SMARTAG2_V1.2.0, STM32Cube_FW_C0_V1.1.0, STM32Cube_FW_F4_V1.28.0, STM32Cube_FW_F7_V1.17.0, STM32Cube_FW_G0_V1.6.2, STM32Cube_FW_G4_V1.5.2, STM32Cube_FW_H5_V0.5.1, STM32Cube_FW_H5_V1.1.1, STM32Cube_FW_H5_V1.2.0RC2, STM32Cube_FW_H7_V1.11.0, STM32Cube_FW_L0_V1.12.2, STM32Cube_FW_L5_V1.5.0, STM32Cube_FW_U5_V1.3.0RC4, STM32Cube_FW_U5_V1.4.0, STM32Cube_FW_WBA_V1.0.0RC1, STM32Cube_FW_WBA_V1.1.0RC1, STM32Cube_FW_WBA_V1.2.0, STM32Cube_FW_WBA_V1.2.0RC2, STM32Cube_FW_WB_V1.15.0RC1, STM32Cube_FW_WB_V1.16.0, STM32Cube_FW_WB_V1.16.0RC2, STM32Cube_FW_WB_V1.18.0, STM32Cube_FW_WL_V1.3.0, X-CUBE-ALGOBUILD_V1.3.0, X-CUBE-ALS_V1.0.1, X-CUBE-AZRTOS-F4_V1.1.0, X-CUBE-AZRTOS-F7_V1.1.0, X-CUBE-AZRTOS-G0_V1.1.0, X-CUBE-AZRTOS-G4_V2.0.0, X-CUBE-AZRTOS-H7_V3.2.0, X-CUBE-AZRTOS-L4_V1.0.0, X-CUBE-AZRTOS-L4_V2.0.0, X-CUBE-AZRTOS-L5_V1.1.0, X-CUBE-AZRTOS-WB_V2.0.0, X-CUBE-AZRTOS-WL_V2.0.0, X-CUBE-BLE1_V7.0.0, X-CUBE-BLE2_V3.3.0, X-CUBE-BLEMGR_V3.0.0, X-CUBE-EEPRMA1_V4.1.0, X-CUBE-EEPRMA1_V4.2.0, X-CUBE-FREERTOS_V1.1.0, X-CUBE-GNSS1_V6.0.0, X-CUBE-MEMS1_V10.0.0, X-CUBE-MEMS1_V9.1.0, X-CUBE-MEMS1_V9.4.0, X-CUBE-MEMS1_V9.6.0, X-CUBE-NFC4_V3.0.0, X-CUBE-NFC7_V1.0.1, X-CUBE-SFXS2LP1_V4.0.0, X-CUBE-SUBG2_V5.0.0, X-CUBE-TOF1_V3.4.0]
2024-02-27 16:19:34,167 [ERROR] DbExamplesSqlite:437 - Missing JSON key: board_cpn
2024-02-27 16:19:34,169 [ERROR] DbExamplesSqlite:437 - Missing JSON key: board_cpn
2024-02-27 16:19:34,169 [ERROR] DbExamplesSqlite:437 - Missing JSON key: board_cpn
2024-02-27 16:19:34,169 [ERROR] DbExamplesSqlite:437 - Missing JSON key: board_cpn
2024-02-27 16:19:34,206 [INFO] DbExamplesSqlite:395 - Ignored 55 examples not supported by CubeIDE
2024-02-27 16:19:34,206 [INFO] DbExamplesSqlite:396 - Found 7560 examples active
2024-02-27 16:19:34,206 [INFO] DbExamplesSqlite:397 - Found 844 examples obsolete
2024-02-27 16:19:34,207 [INFO] DbExamplesSqlite:398 - Found 0 examples under development
2024-02-27 16:19:34,207 [INFO] DbExamplesSqlite:399 - Found 8 examples not building
2024-02-27 16:19:34,210 [INFO] DbExamples:125 - Found 7513 examples
2024-02-27 16:19:34,226 [INFO] DbExamples:222 - Found 95 boards with related examples
2024-02-27 16:19:34,227 [INFO] DbExamples:235 - Found 80 MCUs with related examples
2024-02-27 16:19:34,251 [INFO] ApiDb:414 - User favorites file not found: /Users/chmnku/.stm32cubeide/favorites.examples.txt
2024-02-27 16:19:34,252 [INFO] DbExamples:250 - Set 0 / 0 favorites Examples
2024-02-27 16:19:34,864 [INFO] McuFinderGlobals:76 - Set McuFinderConnectedMode to true
2024-02-27 16:19:34,874 [INFO] MultiScanPanel:200 - Auto-refresh data requested => check proxy status ongoing
2024-02-27 16:19:34,877 [INFO] FinderPluginLoader:95 - Searching for filters in installed packs
2024-02-27 16:19:36,328 [INFO] LoadUrlFilesThread:185 - End of LoadServerUrlFiles without Thread
2024-02-27 16:19:36,344 [INFO] DetailPanel:341 - Set advertising image to /Users/chmnku/STM32Cube/Repository//en.prom-stm32wl3-mcu-finder.jpg
2024-02-27 16:22:35,807 [INFO] McuFinderGlobals:76 - Set McuFinderConnectedMode to true
2024-02-27 16:22:35,816 [INFO] ApiDb:448 - Save user favorites file /Users/chmnku/.stm32cubeide/favorites.mcus.txt: 0 item(s)
2024-02-27 16:22:35,817 [INFO] ApiDb:452 - User favorites MCUs=[]
2024-02-27 16:22:37,637 [ERROR] ConfigurationRetriever:142 - IOException on connection: Read timed out
2024-02-27 22:39:35,489 [ERROR] LogOutputStream:75 - [STDERR_REDIRECT] 
2024-02-27 23:25:56,461 [INFO] Activator:176 - 


2024-02-27 23:25:56,462 [INFO] Activator:177 - !SESSION log4j initialized
2024-02-27 23:26:00,720 [ERROR] LogOutputStream:75 - [STDERR_REDIRECT] 
2024-02-27 23:26:01,367 [INFO] LogOutputStream:77 - [STDOUT_REDIRECT] 
2024-02-27 23:26:02,485 [INFO] LogOutputStream:77 - [STDOUT_REDIRECT] 
2024-02-27 23:26:04,167 [INFO] ApplicationProperties:184 - Using Application install path: /Applications/STM32CubeIDE.app/Contents/Eclipse/plugins/com.st.stm32cube.common.mx_6.10.0.202311202037
2024-02-27 23:26:04,187 [INFO] DbMcusXml:78 - Set database path to: /Applications/STM32CubeIDE.app/Contents/Eclipse/plugins/com.st.stm32cube.common.mx_6.10.0.202311202037//db//mcu/
2024-02-27 23:26:04,187 [INFO] ApiDb:274 - Set plugin database path to: /Applications/STM32CubeIDE.app/Contents/Eclipse/plugins/com.st.stm32cube.common.mx_6.10.0.202311202037//db//plugins/boardmanager/
2024-02-27 23:26:04,188 [WARN] ApiDb:259 - Overriding images path with different value:  => /Applications/STM32CubeIDE.app/Contents/Eclipse/plugins/com.st.stm32cube.common.mx_6.10.0.202311202037//db//plugins/mcufinder/images/
2024-02-27 23:26:04,195 [INFO] ApiDb:250 - Set database path to: /Users/chmnku/.stmcufinder/plugins/mcufinder//mcu/
2024-02-27 23:26:04,196 [INFO] DbMcusAds:125 - Set database path to: /Users/chmnku/.stmcufinder/plugins/mcufinder//mcu/
2024-02-27 23:26:04,197 [INFO] CrossReferenceDbSqlite:203 - Set database path to: /Users/chmnku/.stmcufinder/plugins/mcufinder//mcu/cs/
2024-02-27 23:26:04,212 [ERROR] LogOutputStream:75 - [STDERR_REDIRECT] [Fatal Error] :2:10: DOCTYPE is disallowed when the feature "http://apache.org/xml/features/disallow-doctype-decl" set to true.
2024-02-27 23:26:04,213 [ERROR] LogOutputStream:75 - [STDERR_REDIRECT] 
2024-02-27 23:26:04,294 [INFO] RulesReader:64 - Compatibility file has been processed (297 Rules)
2024-02-27 23:26:04,338 [INFO] DbMcusXml:78 - Set database path to: /Applications/STM32CubeIDE.app/Contents/Eclipse/plugins/com.st.stm32cube.common.mx_6.10.0.202311202037//db//mcu/
2024-02-27 23:26:04,338 [INFO] ApiDb:274 - Set plugin database path to: /Applications/STM32CubeIDE.app/Contents/Eclipse/plugins/com.st.stm32cube.common.mx_6.10.0.202311202037//db//plugins/boardmanager/
2024-02-27 23:26:04,338 [INFO] ApiDb:261 - Set plugin images path to: /Applications/STM32CubeIDE.app/Contents/Eclipse/plugins/com.st.stm32cube.common.mx_6.10.0.202311202037//db//plugins/mcufinder/images/
2024-02-27 23:26:04,338 [WARN] DbFile:41 - Overriding database path with different value: /Users/chmnku/.stmcufinder/plugins/mcufinder/ => /Users/chmnku/.stmcufinder/plugins/mcufinder
2024-02-27 23:26:04,338 [INFO] ApiDb:250 - Set database path to: /Users/chmnku/.stmcufinder/plugins/mcufinder//mcu/
2024-02-27 23:26:04,338 [WARN] DbFile:41 - Overriding database path with different value: /Users/chmnku/.stmcufinder/plugins/mcufinder/ => /Users/chmnku/.stmcufinder/plugins/mcufinder
2024-02-27 23:26:04,338 [INFO] DbMcusAds:125 - Set database path to: /Users/chmnku/.stmcufinder/plugins/mcufinder//mcu/
2024-02-27 23:26:04,339 [WARN] DbFile:41 - Overriding database path with different value: /Users/chmnku/.stmcufinder/plugins/mcufinder/ => /Users/chmnku/.stmcufinder/plugins/mcufinder
2024-02-27 23:26:04,339 [WARN] DbFile:41 - Overriding database path with different value: /Users/chmnku/.stmcufinder/plugins/mcufinder/ => /Users/chmnku/.stmcufinder/plugins/mcufinder
2024-02-27 23:26:04,339 [INFO] CrossReferenceDbSqlite:203 - Set database path to: /Users/chmnku/.stmcufinder/plugins/mcufinder//mcu/cs/
2024-02-27 23:26:04,396 [INFO] MainPanel:264 - HeapMemory: 277872640
2024-02-27 23:26:04,551 [INFO] DbMcusXml:78 - Set database path to: /Applications/STM32CubeIDE.app/Contents/Eclipse/plugins/com.st.stm32cube.common.mx_6.10.0.202311202037//db//mcu/
2024-02-27 23:26:04,552 [INFO] ApiDb:274 - Set plugin database path to: /Applications/STM32CubeIDE.app/Contents/Eclipse/plugins/com.st.stm32cube.common.mx_6.10.0.202311202037//db//plugins/boardmanager/
2024-02-27 23:26:04,553 [INFO] ApiDb:261 - Set plugin images path to: /Applications/STM32CubeIDE.app/Contents/Eclipse/plugins/com.st.stm32cube.common.mx_6.10.0.202311202037//db//plugins/mcufinder/images/
2024-02-27 23:26:04,553 [WARN] DbFile:41 - Overriding database path with different value: /Users/chmnku/.stmcufinder/plugins/mcufinder/ => /Users/chmnku/.stmcufinder/plugins/mcufinder
2024-02-27 23:26:04,553 [INFO] ApiDb:250 - Set database path to: /Users/chmnku/.stmcufinder/plugins/mcufinder//mcu/
2024-02-27 23:26:04,553 [WARN] DbFile:41 - Overriding database path with different value: /Users/chmnku/.stmcufinder/plugins/mcufinder/ => /Users/chmnku/.stmcufinder/plugins/mcufinder
2024-02-27 23:26:04,554 [INFO] DbMcusAds:125 - Set database path to: /Users/chmnku/.stmcufinder/plugins/mcufinder//mcu/
2024-02-27 23:26:04,554 [WARN] DbFile:41 - Overriding database path with different value: /Users/chmnku/.stmcufinder/plugins/mcufinder/ => /Users/chmnku/.stmcufinder/plugins/mcufinder
2024-02-27 23:26:04,554 [WARN] DbFile:41 - Overriding database path with different value: /Users/chmnku/.stmcufinder/plugins/mcufinder/ => /Users/chmnku/.stmcufinder/plugins/mcufinder
2024-02-27 23:26:04,554 [INFO] CrossReferenceDbSqlite:203 - Set database path to: /Users/chmnku/.stmcufinder/plugins/mcufinder//mcu/cs/
2024-02-27 23:26:04,573 [INFO] ApplicationProperties:184 - Using Application install path: /Applications/STM32CubeIDE.app/Contents/Eclipse/plugins/com.st.stm32cube.common.mx_6.10.0.202311202037
2024-02-27 23:26:04,574 [INFO] PluginManage:196 - Search for loadable plugins [exclusion list=, ]
2024-02-27 23:26:04,576 [INFO] PluginManage:310 - Check plugin analytics
2024-02-27 23:26:04,731 [INFO] AnalyticsPlugin:253 - Accepted Software Licenses: STM32CubeMX.6.10.0
2024-02-27 23:26:04,731 [INFO] AnalyticsPlugin:255 - Accepted CMSIS Pack Licenses: 
2024-02-27 23:26:04,731 [INFO] AnalyticsPlugin:257 - Accepted Firmware Licenses: FW.F4.1.28.0
2024-02-27 23:26:04,742 [INFO] PluginManage:359 - Loaded plugin analytics (category:tool,tabindex:-1)
2024-02-27 23:26:04,743 [INFO] PluginManage:310 - Check plugin cadmodel
2024-02-27 23:26:05,137 [INFO] CADModel:105 - Init CAD model plugin
2024-02-27 23:26:05,138 [INFO] PluginManage:359 - Loaded plugin cadmodel (category:power,tabindex:5)
2024-02-27 23:26:05,138 [INFO] PluginManage:310 - Check plugin clock
2024-02-27 23:26:05,145 [INFO] PluginManage:359 - Loaded plugin clock (category:base,tabindex:2)
2024-02-27 23:26:05,145 [INFO] PluginManage:310 - Check plugin ddr
2024-02-27 23:26:05,146 [INFO] PluginManage:359 - Loaded plugin ddr (category:tool,tabindex:6)
2024-02-27 23:26:05,147 [INFO] PluginManage:310 - Check plugin filemanager
2024-02-27 23:26:05,244 [INFO] PluginManage:359 - Loaded plugin filemanager (category:base,tabindex:10)
2024-02-27 23:26:05,244 [INFO] PluginManage:310 - Check plugin ipmanager
2024-02-27 23:26:05,251 [INFO] PluginManage:359 - Loaded plugin ipmanager (category:base,tabindex:5)
2024-02-27 23:26:05,251 [INFO] PluginManage:310 - Check plugin lpbam
2024-02-27 23:26:05,261 [INFO] PluginManage:359 - Loaded plugin lpbam (category:base,tabindex:0)
2024-02-27 23:26:05,261 [INFO] PluginManage:310 - Check plugin memorymap
2024-02-27 23:26:05,269 [INFO] PluginManage:359 - Loaded plugin memorymap (category:base,tabindex:4)
2024-02-27 23:26:05,269 [INFO] PluginManage:310 - Check plugin pinoutandconfiguration
2024-02-27 23:26:05,274 [INFO] PluginManage:359 - Loaded plugin pinoutandconfiguration (category:base,tabindex:1)
2024-02-27 23:26:05,274 [INFO] PluginManage:310 - Check plugin pinoutconfig
2024-02-27 23:26:05,343 [WARN] SupportedApi:132 - Cannot load RTOS API schema: s4s-elt-must-match.1: The content of 'definitions' must match (annotation?, (simpleType | complexType)?, (unique | key | keyref)*)). A problem was found starting at: attribute.
2024-02-27 23:26:05,451 [INFO] PluginManage:359 - Loaded plugin pinoutconfig (category:base,tabindex:0)
2024-02-27 23:26:05,451 [INFO] PluginManage:310 - Check plugin power
2024-02-27 23:26:05,461 [INFO] PluginManage:359 - Loaded plugin power (category:power,tabindex:4)
2024-02-27 23:26:05,461 [INFO] PluginManage:310 - Check plugin projectmanager
2024-02-27 23:26:05,484 [INFO] PluginManage:359 - Loaded plugin projectmanager (category:projectmanager,tabindex:3)
2024-02-27 23:26:05,484 [INFO] PluginManage:310 - Check plugin thirdparty
2024-02-27 23:26:05,589 [INFO] PluginManage:359 - Loaded plugin thirdparty (category:base,tabindex:-1)
2024-02-27 23:26:05,589 [WARN] IntegrityCheckThread:84 - waiting for thirdparty lock release [integrity check]
2024-02-27 23:26:05,589 [INFO] PluginManage:310 - Check plugin tools
2024-02-27 23:26:05,589 [INFO] IntegrityCheckThread:86 - entering critical section [integrity check]
2024-02-27 23:26:05,590 [INFO] ThirdPartyUpdaterWithRetryManager:70 - Updater plugin not ready yet. [1/15]
2024-02-27 23:26:05,591 [INFO] PluginManage:359 - Loaded plugin tools (category:base,tabindex:7)
2024-02-27 23:26:05,591 [INFO] PluginManage:310 - Check plugin tutovideos
2024-02-27 23:26:05,714 [INFO] PluginManage:359 - Loaded plugin tutovideos (category:base,tabindex:-1)
2024-02-27 23:26:05,714 [INFO] PluginManage:310 - Check plugin updater
2024-02-27 23:26:05,723 [INFO] PluginManage:359 - Loaded plugin updater (category:base,tabindex:12)
2024-02-27 23:26:05,723 [INFO] PluginManage:310 - Check plugin userauth
2024-02-27 23:26:05,726 [INFO] UserAuth:114 - Init User Auth plugin
2024-02-27 23:26:05,726 [INFO] PluginManage:359 - Loaded plugin userauth (category:base,tabindex:14)
2024-02-27 23:26:05,727 [INFO] PluginManage:283 - PluginManage : Loaded plugins [17]
2024-02-27 23:26:05,931 [INFO] PinOutPanel:1499 - setPackage(No Configuration,No Configuration)
2024-02-27 23:26:05,993 [INFO] CADModel:165 - CPN selected for project level
2024-02-27 23:26:05,993 [INFO] CADModel:114 - Register for checkConnection events
2024-02-27 23:26:06,004 [INFO] IPUIPlugin:80 - create IPUIPlugin
2024-02-27 23:26:06,004 [INFO] PluginManager:220 - loadIPPluginJar : add mdma
2024-02-27 23:26:06,009 [INFO] IPUIPlugin:80 - create IPUIPlugin
2024-02-27 23:26:06,009 [INFO] PluginManager:220 - loadIPPluginJar : add freertos
2024-02-27 23:26:06,011 [INFO] IPUIPlugin:80 - create IPUIPlugin
2024-02-27 23:26:06,012 [INFO] PluginManager:220 - loadIPPluginJar : add gic
2024-02-27 23:26:06,015 [INFO] IPUIPlugin:80 - create IPUIPlugin
2024-02-27 23:26:06,015 [INFO] PluginManager:220 - loadIPPluginJar : add adc
2024-02-27 23:26:06,017 [INFO] IPUIPlugin:80 - create IPUIPlugin
2024-02-27 23:26:06,017 [INFO] PluginManager:220 - loadIPPluginJar : add gtzc
2024-02-27 23:26:06,018 [INFO] IPUIPlugin:80 - create IPUIPlugin
2024-02-27 23:26:06,018 [INFO] PluginManager:220 - loadIPPluginJar : add quadspi
2024-02-27 23:26:06,019 [INFO] IPUIPlugin:80 - create IPUIPlugin
2024-02-27 23:26:06,019 [INFO] PluginManager:220 - loadIPPluginJar : add aes
2024-02-27 23:26:06,020 [INFO] IPUIPlugin:80 - create IPUIPlugin
2024-02-27 23:26:06,020 [INFO] PluginManager:220 - loadIPPluginJar : add pdm2pcm
2024-02-27 23:26:06,021 [INFO] IPUIPlugin:80 - create IPUIPlugin
2024-02-27 23:26:06,021 [INFO] PluginManager:220 - loadIPPluginJar : add hash
2024-02-27 23:26:06,022 [INFO] IPUIPlugin:80 - create IPUIPlugin
2024-02-27 23:26:06,022 [INFO] PluginManager:220 - loadIPPluginJar : add tim
2024-02-27 23:26:06,023 [INFO] IPUIPlugin:80 - create IPUIPlugin
2024-02-27 23:26:06,023 [INFO] PluginManager:220 - loadIPPluginJar : add tsc
2024-02-27 23:26:06,024 [INFO] IPUIPlugin:80 - create IPUIPlugin
2024-02-27 23:26:06,024 [INFO] PluginManager:220 - loadIPPluginJar : add ts
2024-02-27 23:26:06,026 [INFO] IPUIPlugin:80 - create IPUIPlugin
2024-02-27 23:26:06,026 [INFO] PluginManager:220 - loadIPPluginJar : add can
2024-02-27 23:26:06,027 [INFO] IPUIPlugin:80 - create IPUIPlugin
2024-02-27 23:26:06,027 [INFO] PluginManager:220 - loadIPPluginJar : add dma3
2024-02-27 23:26:06,028 [INFO] IPUIPlugin:80 - create IPUIPlugin
2024-02-27 23:26:06,028 [INFO] PluginManager:220 - loadIPPluginJar : add dfsdm
2024-02-27 23:26:06,029 [INFO] IPUIPlugin:80 - create IPUIPlugin
2024-02-27 23:26:06,029 [INFO] PluginManager:220 - loadIPPluginJar : add spi
2024-02-27 23:26:06,031 [INFO] IPUIPlugin:80 - create IPUIPlugin
2024-02-27 23:26:06,031 [INFO] PluginManager:220 - loadIPPluginJar : add gfxmmu
2024-02-27 23:26:06,031 [INFO] IPUIPlugin:80 - create IPUIPlugin
2024-02-27 23:26:06,031 [INFO] PluginManager:220 - loadIPPluginJar : add genericplugin
2024-02-27 23:26:06,032 [INFO] IPUIPlugin:80 - create IPUIPlugin
2024-02-27 23:26:06,032 [INFO] PluginManager:220 - loadIPPluginJar : add cryp
2024-02-27 23:26:06,033 [INFO] IPUIPlugin:80 - create IPUIPlugin
2024-02-27 23:26:06,033 [INFO] PluginManager:220 - loadIPPluginJar : add gpio
2024-02-27 23:26:06,034 [INFO] IPUIPlugin:80 - create IPUIPlugin
2024-02-27 23:26:06,034 [INFO] PluginManager:220 - loadIPPluginJar : add comp
2024-02-27 23:26:06,035 [INFO] IPUIPlugin:80 - create IPUIPlugin
2024-02-27 23:26:06,035 [INFO] PluginManager:220 - loadIPPluginJar : add tracer_emb
2024-02-27 23:26:06,037 [INFO] IPUIPlugin:80 - create IPUIPlugin
2024-02-27 23:26:06,037 [INFO] PluginManager:220 - loadIPPluginJar : add openamp
2024-02-27 23:26:06,039 [INFO] IPUIPlugin:80 - create IPUIPlugin
2024-02-27 23:26:06,039 [INFO] PluginManager:220 - loadIPPluginJar : add stm32_wpan
2024-02-27 23:26:06,041 [INFO] IPUIPlugin:80 - create IPUIPlugin
2024-02-27 23:26:06,044 [INFO] PluginManager:220 - loadIPPluginJar : add plateformsettings
2024-02-27 23:26:06,045 [INFO] IPUIPlugin:80 - create IPUIPlugin
2024-02-27 23:26:06,045 [INFO] PluginManager:220 - loadIPPluginJar : add ipddr
2024-02-27 23:26:06,047 [INFO] IPUIPlugin:80 - create IPUIPlugin
2024-02-27 23:26:06,047 [INFO] PluginManager:220 - loadIPPluginJar : add usart
2024-02-27 23:26:06,047 [INFO] IPUIPlugin:80 - create IPUIPlugin
2024-02-27 23:26:06,048 [INFO] PluginManager:220 - loadIPPluginJar : add ltdc
2024-02-27 23:26:06,049 [INFO] IPUIPlugin:80 - create IPUIPlugin
2024-02-27 23:26:06,049 [INFO] PluginManager:220 - loadIPPluginJar : add nvic
2024-02-27 23:26:06,049 [INFO] IPUIPlugin:80 - create IPUIPlugin
2024-02-27 23:26:06,049 [INFO] PluginManager:220 - loadIPPluginJar : add fatfs
2024-02-27 23:26:06,052 [INFO] IPUIPlugin:80 - create IPUIPlugin
2024-02-27 23:26:06,052 [INFO] PluginManager:220 - loadIPPluginJar : add linkedlist
2024-02-27 23:26:06,055 [INFO] IPUIPlugin:80 - create IPUIPlugin
2024-02-27 23:26:06,055 [INFO] PluginManager:220 - loadIPPluginJar : add dma
2024-02-27 23:26:06,056 [INFO] IPUIPlugin:80 - create IPUIPlugin
2024-02-27 23:26:06,056 [INFO] PluginManager:220 - loadIPPluginJar : add fmc
2024-02-27 23:26:06,057 [INFO] IPUIPlugin:80 - create IPUIPlugin
2024-02-27 23:26:06,057 [INFO] PluginManager:220 - loadIPPluginJar : add i2s
2024-02-27 23:26:06,058 [INFO] IPUIPlugin:80 - create IPUIPlugin
2024-02-27 23:26:06,058 [INFO] PluginManager:220 - loadIPPluginJar : add ucpd
2024-02-27 23:26:06,059 [INFO] IPUIPlugin:80 - create IPUIPlugin
2024-02-27 23:26:06,059 [INFO] PluginManager:220 - loadIPPluginJar : add lorawan
2024-02-27 23:26:06,060 [INFO] IPUIPlugin:80 - create IPUIPlugin
2024-02-27 23:26:06,060 [INFO] PluginManager:220 - loadIPPluginJar : add opamp
2024-02-27 23:26:06,061 [INFO] IPUIPlugin:80 - create IPUIPlugin
2024-02-27 23:26:06,061 [INFO] PluginManager:220 - loadIPPluginJar : add i3c
2024-02-27 23:26:06,062 [INFO] IPUIPlugin:80 - create IPUIPlugin
2024-02-27 23:26:06,062 [INFO] PluginManager:220 - loadIPPluginJar : add touchsensing
2024-02-27 23:26:06,063 [INFO] IPUIPlugin:80 - create IPUIPlugin
2024-02-27 23:26:06,063 [INFO] PluginManager:220 - loadIPPluginJar : add i2c
2024-02-27 23:26:06,065 [INFO] IPUIPlugin:80 - create IPUIPlugin
2024-02-27 23:26:06,065 [INFO] PluginManager:220 - loadIPPluginJar : add resmgrutility
2024-02-27 23:26:06,066 [INFO] IPUIPlugin:80 - create IPUIPlugin
2024-02-27 23:26:06,066 [INFO] PluginManager:220 - loadIPPluginJar : add sai
2024-02-27 23:26:06,067 [INFO] IPUIPlugin:80 - create IPUIPlugin
2024-02-27 23:26:06,067 [INFO] PluginManager:220 - loadIPPluginJar : add usbx
2024-02-27 23:26:06,178 [INFO] CADModel:165 - CPN selected for project level
2024-02-27 23:26:06,179 [INFO] CADModel:114 - Register for checkConnection events
2024-02-27 23:26:06,180 [FATAL] Updater:308 - Updater called before beeing initialized
2024-02-27 23:26:06,180 [ERROR] CADModel:125 - Updater not yet initialized, retry later 
2024-02-27 23:26:06,460 [INFO] CADModel:165 - CPN selected for project level
2024-02-27 23:26:06,461 [INFO] CADModel:114 - Register for checkConnection events
2024-02-27 23:26:06,461 [FATAL] Updater:308 - Updater called before beeing initialized
2024-02-27 23:26:06,461 [ERROR] CADModel:125 - Updater not yet initialized, retry later 
2024-02-27 23:26:06,463 [FATAL] Updater:308 - Updater called before beeing initialized
2024-02-27 23:26:06,660 [FATAL] Updater:308 - Updater called before beeing initialized
2024-02-27 23:26:06,671 [INFO] DbMcusAds:53 - JSON generation date=Wed Nov 29 19:52:27 KST 2023 (1701255147349)
2024-02-27 23:26:06,672 [FATAL] Updater:308 - Updater called before beeing initialized
2024-02-27 23:26:06,721 [WARN] DetailPanel:346 - Failed to get advertising image, set to default
2024-02-27 23:26:06,777 [FATAL] Updater:308 - Updater called before beeing initialized
2024-02-27 23:26:06,778 [FATAL] Updater:308 - Updater called before beeing initialized
2024-02-27 23:26:06,778 [FATAL] Updater:308 - Updater called before beeing initialized
2024-02-27 23:26:06,778 [WARN] DetailPanel:346 - Failed to get advertising image, set to default
2024-02-27 23:26:06,779 [FATAL] Updater:308 - Updater called before beeing initialized
2024-02-27 23:26:06,847 [ERROR] Updater:1120 - MainUpdater not yet initialized. External WinMGr cannot be set.
2024-02-27 23:26:06,874 [INFO] Updater:1056 - Updater Version found : 6.10.0
2024-02-27 23:26:06,884 [INFO] ApplicationProperties:184 - Using Application install path: /Applications/STM32CubeIDE.app/Contents/Eclipse/plugins/com.st.stm32cube.common.mx_6.10.0.202311202037
2024-02-27 23:26:07,517 [INFO] MainUpdater:2873 - connection check result : 10
2024-02-27 23:26:07,518 [INFO] MainUpdater:290 - Updater Check For Update Now.
2024-02-27 23:26:07,518 [INFO] MicroXplorer:498 - Change Database Version : DB.6.0.100
2024-02-27 23:26:07,527 [INFO] McuFinderGlobals:63 - Set McuFinder mode to 2 (CubeIDE integrated)
2024-02-27 23:26:07,528 [INFO] UserAuth:180 - activating auth plugin
2024-02-27 23:26:07,536 [INFO] UserAuth:404 - Internet connection configuration mode: 1
2024-02-27 23:26:07,547 [INFO] JxBrowserEngine:152 - Initiate JxBrowser Engine with user profile folder
2024-02-27 23:26:07,732 [INFO] CheckServerUpdateThread:120 - End of CheckServer Thread
2024-02-27 23:26:08,697 [WARN] PackLoader:240 - Cannot read IP mode file for STMicroelectronics.X-CUBE-SMBUS.2.1.0
2024-02-27 23:26:08,711 [WARN] PackLoader:240 - Cannot read IP mode file for STMicroelectronics.X-CUBE-TOUCHGFX.4.23.0
2024-02-27 23:26:08,743 [WARN] PackLoader:240 - Cannot read IP mode file for STMicroelectronics.X-CUBE-AZRTOS-F7.1.1.0
2024-02-27 23:26:08,767 [WARN] PackLoader:240 - Cannot read IP mode file for STMicroelectronics.FP-SNS-MOTENV1.4.3.2
2024-02-27 23:26:08,790 [WARN] PackLoader:240 - Cannot read IP mode file for STMicroelectronics.FP-SNS-FLIGHT1.5.0.2
2024-02-27 23:26:08,808 [WARN] PackLoader:240 - Cannot read IP mode file for STMicroelectronics.X-CUBE-DISPLAY.3.0.0
2024-02-27 23:26:08,831 [WARN] PackLoader:240 - Cannot read IP mode file for STMicroelectronics.X-CUBE-BLE1.7.0.0
2024-02-27 23:26:08,845 [WARN] PackLoader:240 - Cannot read IP mode file for emotas.I-CUBE-CANOPEN.1.3.0
2024-02-27 23:26:08,857 [WARN] PackLoader:240 - Cannot read IP mode file for STMicroelectronics.FP-SNS-SMARTAG2.1.2.0
2024-02-27 23:26:08,868 [INFO] LogOutputStream:77 - [STDOUT_REDIRECT] 1 : Invalid condition id : UX_CORESTACK_Condition cause : null
2024-02-27 23:26:08,868 [INFO] LogOutputStream:77 - [STDOUT_REDIRECT] 1 : Invalid condition id : UX_CORESTACK_Condition cause : null
2024-02-27 23:26:08,869 [INFO] LogOutputStream:77 - [STDOUT_REDIRECT] 1 : Invalid condition id : UX_CORESTACK_Condition cause : null
2024-02-27 23:26:08,869 [INFO] LogOutputStream:77 - [STDOUT_REDIRECT] 1 : Invalid condition id : UX_CORESTACK_Condition cause : null
2024-02-27 23:26:08,870 [INFO] LogOutputStream:77 - [STDOUT_REDIRECT] 1 : Invalid condition id : UX_CORESTACK_Condition cause : null
2024-02-27 23:26:08,877 [WARN] PackLoader:240 - Cannot read IP mode file for STMicroelectronics.X-CUBE-AZRTOS-WL.2.0.0
2024-02-27 23:26:08,900 [WARN] PackLoader:240 - Cannot read IP mode file for WES.I-CUBE-Cesium.1.3.0
2024-02-27 23:26:08,919 [WARN] PackLoader:240 - Cannot read IP mode file for STMicroelectronics.X-CUBE-BLE2.3.3.0
2024-02-27 23:26:08,942 [WARN] PackLoader:240 - Cannot read IP mode file for STMicroelectronics.X-CUBE-ALGOBUILD.1.3.0
2024-02-27 23:26:08,974 [WARN] PackLoader:240 - Cannot read IP mode file for STMicroelectronics.X-CUBE-AZRTOS-G0.1.1.0
2024-02-27 23:26:08,987 [WARN] PackLoader:240 - Cannot read IP mode file for STMicroelectronics.X-CUBE-NFC4.3.0.0
2024-02-27 23:26:09,022 [WARN] PackLoader:240 - Cannot read IP mode file for STMicroelectronics.X-CUBE-BLEMGR.3.0.0
2024-02-27 23:26:09,035 [WARN] PackLoader:240 - Cannot read IP mode file for STMicroelectronics.FP-ATR-SIGFOX1.3.2.0
2024-02-27 23:26:09,041 [WARN] PackLoader:240 - Cannot read IP mode file for STMicroelectronics.X-CUBE-EEPRMA1.5.1.0
2024-02-27 23:26:09,139 [WARN] PackLoader:240 - Cannot read IP mode file for SEGGER.I-CUBE-embOS.1.3.1
2024-02-27 23:26:09,209 [WARN] PackLoader:240 - Cannot read IP mode file for STMicroelectronics.X-CUBE-GNSS1.6.0.0
2024-02-27 23:26:09,237 [WARN] PackLoader:240 - Cannot read IP mode file for STMicroelectronics.X-CUBE-AZRTOS-F4.1.1.0
2024-02-27 23:26:09,250 [WARN] PackLoader:240 - Cannot read IP mode file for wolfSSL.I-CUBE-wolfSSL.5.6.6
2024-02-27 23:26:09,277 [WARN] PackLoader:240 - Cannot read IP mode file for STMicroelectronics.X-CUBE-AZRTOS-L5.2.0.0
2024-02-27 23:26:09,288 [WARN] PackLoader:240 - Cannot read IP mode file for ITTIA_DB.I-CUBE-ITTIADB.8.8.0
2024-02-27 23:26:09,292 [WARN] PackLoader:240 - Cannot read IP mode file for STMicroelectronics.X-CUBE-NFC7.1.0.1
2024-02-27 23:26:09,310 [WARN] PackLoader:240 - Cannot read IP mode file for STMicroelectronics.X-CUBE-NFC6.3.0.0
2024-02-27 23:26:09,322 [WARN] PackLoader:240 - Cannot read IP mode file for STMicroelectronics.X-CUBE-AI.8.1.0
2024-02-27 23:26:09,354 [WARN] ConditionMgr:438 - getConditionDescription Invalid condition id : LAN8742 Phy interface Condition cause : null
2024-02-27 23:26:09,355 [WARN] PackLoader:240 - Cannot read IP mode file for STMicroelectronics.X-CUBE-AZRTOS-L4.2.0.0
2024-02-27 23:26:09,359 [WARN] ConditionMgr:1039 - genDependencies : Invalid condition id : LAN8742 Phy interface Condition cause : null
2024-02-27 23:26:09,361 [WARN] ConditionMgr:1039 - genDependencies : Invalid condition id : LAN8742 Phy interface Condition cause : null
2024-02-27 23:26:09,362 [WARN] ConditionMgr:1039 - genDependencies : Invalid condition id : LAN8742 Phy interface Condition cause : null
2024-02-27 23:26:09,372 [WARN] PackLoader:240 - Cannot read IP mode file for STMicroelectronics.X-CUBE-SFXS2LP1.4.0.0
2024-02-27 23:26:09,388 [WARN] ConditionMgr:438 - getConditionDescription Invalid condition id : UX DEVICE CLASS RTOS Condition cause : null
2024-02-27 23:26:09,388 [WARN] ConditionMgr:438 - getConditionDescription Invalid condition id : UX DEVICE CLASS RTOS Condition cause : null
2024-02-27 23:26:09,392 [WARN] PackLoader:240 - Cannot read IP mode file for STMicroelectronics.X-CUBE-AZRTOS-WB.2.0.0
2024-02-27 23:26:09,392 [WARN] ConditionMgr:1039 - genDependencies : Invalid condition id : UX DEVICE CLASS RTOS Condition cause : null
2024-02-27 23:26:09,392 [WARN] ConditionMgr:1039 - genDependencies : Invalid condition id : UX DEVICE CLASS RTOS Condition cause : null
2024-02-27 23:26:09,393 [WARN] ConditionMgr:1039 - genDependencies : Invalid condition id : UX DEVICE CLASS RTOS Condition cause : null
2024-02-27 23:26:09,393 [WARN] ConditionMgr:1039 - genDependencies : Invalid condition id : UX DEVICE CLASS RTOS Condition cause : null
2024-02-27 23:26:09,393 [WARN] ConditionMgr:1039 - genDependencies : Invalid condition id : UX DEVICE CLASS RTOS Condition cause : null
2024-02-27 23:26:09,404 [WARN] PackLoader:240 - Cannot read IP mode file for STMicroelectronics.X-CUBE-SUBG2.5.0.0
2024-02-27 23:26:09,427 [WARN] PackLoader:240 - Cannot read IP mode file for STMicroelectronics.X-CUBE-AZRTOS-G4.2.0.0
2024-02-27 23:26:09,453 [WARN] PackLoader:240 - Cannot read IP mode file for Infineon.AIROC-Wi-Fi-Bluetooth-STM32.1.5.1
2024-02-27 23:26:09,472 [WARN] PackLoader:240 - Cannot read IP mode file for STMicroelectronics.FP-SNS-MOTENVWB1.1.3.1
2024-02-27 23:26:09,477 [WARN] PackLoader:240 - Cannot read IP mode file for STMicroelectronics.X-CUBE-ISPU.2.0.0
2024-02-27 23:26:09,543 [WARN] PackLoader:240 - Cannot read IP mode file for STMicroelectronics.X-CUBE-MEMS1.10.0.0
2024-02-27 23:26:09,634 [WARN] PackLoader:240 - Cannot read IP mode file for STMicroelectronics.X-CUBE-FREERTOS.1.1.0
2024-02-27 23:26:09,647 [WARN] PackLoader:240 - Cannot read IP mode file for portGmbH.I-Cube-SoM-uGOAL.1.1.0
2024-02-27 23:26:09,652 [WARN] PackLoader:240 - Cannot read IP mode file for STMicroelectronics.X-CUBE-ALS.1.0.1
2024-02-27 23:26:09,657 [WARN] PackLoader:240 - Cannot read IP mode file for STMicroelectronics.FP-ATR-ASTRA1.2.0.0
2024-02-27 23:26:09,669 [WARN] PackLoader:240 - Cannot read IP mode file for STMicroelectronics.X-CUBE-TOF1.3.4.0
2024-02-27 23:26:09,698 [WARN] PackLoader:240 - Cannot read IP mode file for STMicroelectronics.X-CUBE-AZRTOS-H7.3.2.0
2024-02-27 23:26:09,707 [INFO] ThirdParty:978 - Integrity check success = true
2024-02-27 23:26:09,707 [INFO] IntegrityCheckThread:100 - exiting critical section [integrity check]
2024-02-27 23:26:09,707 [INFO] IntegrityCheckThread:103 - End integrity checks thread
2024-02-27 23:26:12,203 [INFO] WebApp:161 - Instantiating new browser for Auth
2024-02-27 23:26:13,230 [INFO] WebApp:780 - Register for checkConnection events
2024-02-27 23:26:13,232 [INFO] WebApp:414 - Apply proxy settings
2024-02-27 23:26:13,246 [INFO] WebApp:459 - Chromium authenticates against Manually configured proxy
2024-02-27 23:26:13,262 [INFO] WebApp:467 - Username used for proxy authentication: 
2024-02-27 23:26:13,368 [INFO] WebApp:192 - Starting web application
2024-02-27 23:26:13,368 [INFO] WebApp:544 - Web application path used /Applications/STM32CubeIDE.app/Contents/Eclipse/plugins/com.st.stm32cube.common.mx_6.10.0.202311202037/db/plugins/mcufinder/reactClient1/index.html
2024-02-27 23:26:34,506 [ERROR] LogOutputStream:75 - [STDERR_REDIRECT] SLF4J: Failed to load class "org.slf4j.impl.StaticLoggerBinder".
2024-02-27 23:26:34,511 [ERROR] LogOutputStream:75 - [STDERR_REDIRECT] SLF4J: Defaulting to no-operation (NOP) logger implementation
2024-02-27 23:26:34,512 [ERROR] LogOutputStream:75 - [STDERR_REDIRECT] SLF4J: See http://www.slf4j.org/codes.html#StaticLoggerBinder for further details.
2024-02-27 23:52:23,867 [ERROR] LogOutputStream:75 - [STDERR_REDIRECT] Warning: NLS missing message: GotoMatchingBracket_error_noMatchingBracket in: org.eclipse.ui.internal.genericeditor.messages
2024-02-27 23:52:23,871 [ERROR] LogOutputStream:75 - [STDERR_REDIRECT] Warning: NLS missing message: GotoMatchingBracket_error_bracketOutsideSelectedElement in: org.eclipse.ui.internal.genericeditor.messages
