2024-03-05 05:40:57,003 [INFO] Activator:176 - 


2024-03-05 05:40:57,007 [INFO] Activator:177 - !SESSION log4j initialized
2024-03-05 05:41:04,066 [INFO] LogOutputStream:77 - [STDOUT_REDIRECT] 
2024-03-05 05:41:04,242 [ERROR] LogOutputStream:75 - [STDERR_REDIRECT] 
2024-03-05 05:41:06,407 [ERROR] LogOutputStream:75 - [STDERR_REDIRECT] [Fatal Error] :2:10: DOCTYPE is disallowed when the feature "http://apache.org/xml/features/disallow-doctype-decl" set to true.
2024-03-05 05:41:06,409 [ERROR] LogOutputStream:75 - [STDERR_REDIRECT] 
2024-03-05 05:41:06,674 [INFO] LogOutputStream:77 - [STDOUT_REDIRECT] 
2024-03-05 05:41:08,637 [INFO] ApplicationProperties:184 - Using Application install path: /Applications/STM32CubeIDE.app/Contents/Eclipse/plugins/com.st.stm32cube.common.mx_6.10.0.202311202037
2024-03-05 05:41:08,645 [INFO] DbMcusXml:78 - Set database path to: /Applications/STM32CubeIDE.app/Contents/Eclipse/plugins/com.st.stm32cube.common.mx_6.10.0.202311202037//db//mcu/
2024-03-05 05:41:08,646 [INFO] ApiDb:274 - Set plugin database path to: /Applications/STM32CubeIDE.app/Contents/Eclipse/plugins/com.st.stm32cube.common.mx_6.10.0.202311202037//db//plugins/boardmanager/
2024-03-05 05:41:08,646 [WARN] ApiDb:259 - Overriding images path with different value:  => /Applications/STM32CubeIDE.app/Contents/Eclipse/plugins/com.st.stm32cube.common.mx_6.10.0.202311202037//db//plugins/mcufinder/images/
2024-03-05 05:41:08,652 [INFO] ApiDb:250 - Set database path to: /Users/chmnku/.stmcufinder/plugins/mcufinder//mcu/
2024-03-05 05:41:08,653 [INFO] DbMcusAds:125 - Set database path to: /Users/chmnku/.stmcufinder/plugins/mcufinder//mcu/
2024-03-05 05:41:08,654 [INFO] CrossReferenceDbSqlite:203 - Set database path to: /Users/chmnku/.stmcufinder/plugins/mcufinder//mcu/cs/
2024-03-05 05:41:08,781 [INFO] RulesReader:64 - Compatibility file has been processed (297 Rules)
2024-03-05 05:41:08,824 [INFO] DbMcusXml:78 - Set database path to: /Applications/STM32CubeIDE.app/Contents/Eclipse/plugins/com.st.stm32cube.common.mx_6.10.0.202311202037//db//mcu/
2024-03-05 05:41:08,824 [INFO] ApiDb:274 - Set plugin database path to: /Applications/STM32CubeIDE.app/Contents/Eclipse/plugins/com.st.stm32cube.common.mx_6.10.0.202311202037//db//plugins/boardmanager/
2024-03-05 05:41:08,825 [INFO] ApiDb:261 - Set plugin images path to: /Applications/STM32CubeIDE.app/Contents/Eclipse/plugins/com.st.stm32cube.common.mx_6.10.0.202311202037//db//plugins/mcufinder/images/
2024-03-05 05:41:08,825 [WARN] DbFile:41 - Overriding database path with different value: /Users/chmnku/.stmcufinder/plugins/mcufinder/ => /Users/chmnku/.stmcufinder/plugins/mcufinder
2024-03-05 05:41:08,825 [INFO] ApiDb:250 - Set database path to: /Users/chmnku/.stmcufinder/plugins/mcufinder//mcu/
2024-03-05 05:41:08,825 [WARN] DbFile:41 - Overriding database path with different value: /Users/chmnku/.stmcufinder/plugins/mcufinder/ => /Users/chmnku/.stmcufinder/plugins/mcufinder
2024-03-05 05:41:08,825 [INFO] DbMcusAds:125 - Set database path to: /Users/chmnku/.stmcufinder/plugins/mcufinder//mcu/
2024-03-05 05:41:08,825 [WARN] DbFile:41 - Overriding database path with different value: /Users/chmnku/.stmcufinder/plugins/mcufinder/ => /Users/chmnku/.stmcufinder/plugins/mcufinder
2024-03-05 05:41:08,825 [WARN] DbFile:41 - Overriding database path with different value: /Users/chmnku/.stmcufinder/plugins/mcufinder/ => /Users/chmnku/.stmcufinder/plugins/mcufinder
2024-03-05 05:41:08,826 [INFO] CrossReferenceDbSqlite:203 - Set database path to: /Users/chmnku/.stmcufinder/plugins/mcufinder//mcu/cs/
2024-03-05 05:41:08,889 [INFO] MainPanel:264 - HeapMemory: 300941312
2024-03-05 05:41:08,949 [INFO] DbMcusXml:78 - Set database path to: /Applications/STM32CubeIDE.app/Contents/Eclipse/plugins/com.st.stm32cube.common.mx_6.10.0.202311202037//db//mcu/
2024-03-05 05:41:08,950 [INFO] ApiDb:274 - Set plugin database path to: /Applications/STM32CubeIDE.app/Contents/Eclipse/plugins/com.st.stm32cube.common.mx_6.10.0.202311202037//db//plugins/boardmanager/
2024-03-05 05:41:08,950 [INFO] ApiDb:261 - Set plugin images path to: /Applications/STM32CubeIDE.app/Contents/Eclipse/plugins/com.st.stm32cube.common.mx_6.10.0.202311202037//db//plugins/mcufinder/images/
2024-03-05 05:41:08,950 [WARN] DbFile:41 - Overriding database path with different value: /Users/chmnku/.stmcufinder/plugins/mcufinder/ => /Users/chmnku/.stmcufinder/plugins/mcufinder
2024-03-05 05:41:08,950 [INFO] ApiDb:250 - Set database path to: /Users/chmnku/.stmcufinder/plugins/mcufinder//mcu/
2024-03-05 05:41:08,950 [WARN] DbFile:41 - Overriding database path with different value: /Users/chmnku/.stmcufinder/plugins/mcufinder/ => /Users/chmnku/.stmcufinder/plugins/mcufinder
2024-03-05 05:41:08,950 [INFO] DbMcusAds:125 - Set database path to: /Users/chmnku/.stmcufinder/plugins/mcufinder//mcu/
2024-03-05 05:41:08,950 [WARN] DbFile:41 - Overriding database path with different value: /Users/chmnku/.stmcufinder/plugins/mcufinder/ => /Users/chmnku/.stmcufinder/plugins/mcufinder
2024-03-05 05:41:08,950 [WARN] DbFile:41 - Overriding database path with different value: /Users/chmnku/.stmcufinder/plugins/mcufinder/ => /Users/chmnku/.stmcufinder/plugins/mcufinder
2024-03-05 05:41:08,950 [INFO] CrossReferenceDbSqlite:203 - Set database path to: /Users/chmnku/.stmcufinder/plugins/mcufinder//mcu/cs/
2024-03-05 05:41:08,965 [INFO] ApplicationProperties:184 - Using Application install path: /Applications/STM32CubeIDE.app/Contents/Eclipse/plugins/com.st.stm32cube.common.mx_6.10.0.202311202037
2024-03-05 05:41:08,965 [INFO] PluginManage:196 - Search for loadable plugins [exclusion list=, ]
2024-03-05 05:41:08,967 [INFO] PluginManage:310 - Check plugin analytics
2024-03-05 05:41:09,146 [INFO] AnalyticsPlugin:253 - Accepted Software Licenses: STM32CubeMX.6.10.0
2024-03-05 05:41:09,147 [INFO] AnalyticsPlugin:255 - Accepted CMSIS Pack Licenses: 
2024-03-05 05:41:09,147 [INFO] AnalyticsPlugin:257 - Accepted Firmware Licenses: FW.F4.1.28.0
2024-03-05 05:41:09,153 [INFO] PluginManage:359 - Loaded plugin analytics (category:tool,tabindex:-1)
2024-03-05 05:41:09,154 [INFO] PluginManage:310 - Check plugin cadmodel
2024-03-05 05:41:09,524 [INFO] CADModel:105 - Init CAD model plugin
2024-03-05 05:41:09,524 [INFO] PluginManage:359 - Loaded plugin cadmodel (category:power,tabindex:5)
2024-03-05 05:41:09,525 [INFO] PluginManage:310 - Check plugin clock
2024-03-05 05:41:09,532 [INFO] PluginManage:359 - Loaded plugin clock (category:base,tabindex:2)
2024-03-05 05:41:09,532 [INFO] PluginManage:310 - Check plugin ddr
2024-03-05 05:41:09,534 [INFO] PluginManage:359 - Loaded plugin ddr (category:tool,tabindex:6)
2024-03-05 05:41:09,535 [INFO] PluginManage:310 - Check plugin filemanager
2024-03-05 05:41:09,637 [INFO] PluginManage:359 - Loaded plugin filemanager (category:base,tabindex:10)
2024-03-05 05:41:09,637 [INFO] PluginManage:310 - Check plugin ipmanager
2024-03-05 05:41:09,643 [INFO] PluginManage:359 - Loaded plugin ipmanager (category:base,tabindex:5)
2024-03-05 05:41:09,643 [INFO] PluginManage:310 - Check plugin lpbam
2024-03-05 05:41:09,650 [INFO] PluginManage:359 - Loaded plugin lpbam (category:base,tabindex:0)
2024-03-05 05:41:09,650 [INFO] PluginManage:310 - Check plugin memorymap
2024-03-05 05:41:09,656 [INFO] PluginManage:359 - Loaded plugin memorymap (category:base,tabindex:4)
2024-03-05 05:41:09,656 [INFO] PluginManage:310 - Check plugin pinoutandconfiguration
2024-03-05 05:41:09,659 [INFO] PluginManage:359 - Loaded plugin pinoutandconfiguration (category:base,tabindex:1)
2024-03-05 05:41:09,660 [INFO] PluginManage:310 - Check plugin pinoutconfig
2024-03-05 05:41:09,724 [WARN] SupportedApi:132 - Cannot load RTOS API schema: s4s-elt-must-match.1: The content of 'definitions' must match (annotation?, (simpleType | complexType)?, (unique | key | keyref)*)). A problem was found starting at: attribute.
2024-03-05 05:41:09,835 [INFO] PluginManage:359 - Loaded plugin pinoutconfig (category:base,tabindex:0)
2024-03-05 05:41:09,835 [INFO] PluginManage:310 - Check plugin power
2024-03-05 05:41:09,845 [INFO] PluginManage:359 - Loaded plugin power (category:power,tabindex:4)
2024-03-05 05:41:09,846 [INFO] PluginManage:310 - Check plugin projectmanager
2024-03-05 05:41:09,878 [INFO] PluginManage:359 - Loaded plugin projectmanager (category:projectmanager,tabindex:3)
2024-03-05 05:41:09,878 [INFO] PluginManage:310 - Check plugin thirdparty
2024-03-05 05:41:10,009 [INFO] PluginManage:359 - Loaded plugin thirdparty (category:base,tabindex:-1)
2024-03-05 05:41:10,009 [WARN] IntegrityCheckThread:84 - waiting for thirdparty lock release [integrity check]
2024-03-05 05:41:10,009 [INFO] IntegrityCheckThread:86 - entering critical section [integrity check]
2024-03-05 05:41:10,009 [INFO] PluginManage:310 - Check plugin tools
2024-03-05 05:41:10,010 [INFO] ThirdPartyUpdaterWithRetryManager:70 - Updater plugin not ready yet. [1/15]
2024-03-05 05:41:10,012 [INFO] PluginManage:359 - Loaded plugin tools (category:base,tabindex:7)
2024-03-05 05:41:10,012 [INFO] PluginManage:310 - Check plugin tutovideos
2024-03-05 05:41:10,236 [INFO] PluginManage:359 - Loaded plugin tutovideos (category:base,tabindex:-1)
2024-03-05 05:41:10,237 [INFO] PluginManage:310 - Check plugin updater
2024-03-05 05:41:10,252 [INFO] PluginManage:359 - Loaded plugin updater (category:base,tabindex:12)
2024-03-05 05:41:10,252 [INFO] PluginManage:310 - Check plugin userauth
2024-03-05 05:41:10,256 [INFO] UserAuth:114 - Init User Auth plugin
2024-03-05 05:41:10,257 [INFO] PluginManage:359 - Loaded plugin userauth (category:base,tabindex:14)
2024-03-05 05:41:10,257 [INFO] PluginManage:283 - PluginManage : Loaded plugins [17]
2024-03-05 05:41:10,441 [INFO] PinOutPanel:1499 - setPackage(No Configuration,No Configuration)
2024-03-05 05:41:10,487 [INFO] CADModel:165 - CPN selected for project level
2024-03-05 05:41:10,487 [INFO] CADModel:114 - Register for checkConnection events
2024-03-05 05:41:10,494 [INFO] IPUIPlugin:80 - create IPUIPlugin
2024-03-05 05:41:10,494 [INFO] PluginManager:220 - loadIPPluginJar : add mdma
2024-03-05 05:41:10,498 [INFO] IPUIPlugin:80 - create IPUIPlugin
2024-03-05 05:41:10,498 [INFO] PluginManager:220 - loadIPPluginJar : add freertos
2024-03-05 05:41:10,499 [INFO] IPUIPlugin:80 - create IPUIPlugin
2024-03-05 05:41:10,499 [INFO] PluginManager:220 - loadIPPluginJar : add gic
2024-03-05 05:41:10,503 [INFO] IPUIPlugin:80 - create IPUIPlugin
2024-03-05 05:41:10,503 [INFO] PluginManager:220 - loadIPPluginJar : add adc
2024-03-05 05:41:10,504 [INFO] IPUIPlugin:80 - create IPUIPlugin
2024-03-05 05:41:10,505 [INFO] PluginManager:220 - loadIPPluginJar : add gtzc
2024-03-05 05:41:10,505 [INFO] IPUIPlugin:80 - create IPUIPlugin
2024-03-05 05:41:10,505 [INFO] PluginManager:220 - loadIPPluginJar : add quadspi
2024-03-05 05:41:10,506 [INFO] IPUIPlugin:80 - create IPUIPlugin
2024-03-05 05:41:10,506 [INFO] PluginManager:220 - loadIPPluginJar : add aes
2024-03-05 05:41:10,507 [INFO] IPUIPlugin:80 - create IPUIPlugin
2024-03-05 05:41:10,507 [INFO] PluginManager:220 - loadIPPluginJar : add pdm2pcm
2024-03-05 05:41:10,508 [INFO] IPUIPlugin:80 - create IPUIPlugin
2024-03-05 05:41:10,508 [INFO] PluginManager:220 - loadIPPluginJar : add hash
2024-03-05 05:41:10,510 [INFO] IPUIPlugin:80 - create IPUIPlugin
2024-03-05 05:41:10,510 [INFO] PluginManager:220 - loadIPPluginJar : add tim
2024-03-05 05:41:10,511 [INFO] IPUIPlugin:80 - create IPUIPlugin
2024-03-05 05:41:10,511 [INFO] PluginManager:220 - loadIPPluginJar : add tsc
2024-03-05 05:41:10,512 [INFO] IPUIPlugin:80 - create IPUIPlugin
2024-03-05 05:41:10,512 [INFO] PluginManager:220 - loadIPPluginJar : add ts
2024-03-05 05:41:10,513 [INFO] IPUIPlugin:80 - create IPUIPlugin
2024-03-05 05:41:10,513 [INFO] PluginManager:220 - loadIPPluginJar : add can
2024-03-05 05:41:10,515 [INFO] IPUIPlugin:80 - create IPUIPlugin
2024-03-05 05:41:10,515 [INFO] PluginManager:220 - loadIPPluginJar : add dma3
2024-03-05 05:41:10,515 [INFO] IPUIPlugin:80 - create IPUIPlugin
2024-03-05 05:41:10,516 [INFO] PluginManager:220 - loadIPPluginJar : add dfsdm
2024-03-05 05:41:10,516 [INFO] IPUIPlugin:80 - create IPUIPlugin
2024-03-05 05:41:10,516 [INFO] PluginManager:220 - loadIPPluginJar : add spi
2024-03-05 05:41:10,517 [INFO] IPUIPlugin:80 - create IPUIPlugin
2024-03-05 05:41:10,517 [INFO] PluginManager:220 - loadIPPluginJar : add gfxmmu
2024-03-05 05:41:10,518 [INFO] IPUIPlugin:80 - create IPUIPlugin
2024-03-05 05:41:10,518 [INFO] PluginManager:220 - loadIPPluginJar : add genericplugin
2024-03-05 05:41:10,518 [INFO] IPUIPlugin:80 - create IPUIPlugin
2024-03-05 05:41:10,518 [INFO] PluginManager:220 - loadIPPluginJar : add cryp
2024-03-05 05:41:10,520 [INFO] IPUIPlugin:80 - create IPUIPlugin
2024-03-05 05:41:10,520 [INFO] PluginManager:220 - loadIPPluginJar : add gpio
2024-03-05 05:41:10,521 [INFO] IPUIPlugin:80 - create IPUIPlugin
2024-03-05 05:41:10,522 [INFO] PluginManager:220 - loadIPPluginJar : add comp
2024-03-05 05:41:10,523 [INFO] IPUIPlugin:80 - create IPUIPlugin
2024-03-05 05:41:10,523 [INFO] PluginManager:220 - loadIPPluginJar : add tracer_emb
2024-03-05 05:41:10,525 [INFO] IPUIPlugin:80 - create IPUIPlugin
2024-03-05 05:41:10,525 [INFO] PluginManager:220 - loadIPPluginJar : add openamp
2024-03-05 05:41:10,527 [INFO] IPUIPlugin:80 - create IPUIPlugin
2024-03-05 05:41:10,527 [INFO] PluginManager:220 - loadIPPluginJar : add stm32_wpan
2024-03-05 05:41:10,530 [INFO] IPUIPlugin:80 - create IPUIPlugin
2024-03-05 05:41:10,531 [INFO] PluginManager:220 - loadIPPluginJar : add plateformsettings
2024-03-05 05:41:10,534 [INFO] IPUIPlugin:80 - create IPUIPlugin
2024-03-05 05:41:10,534 [INFO] PluginManager:220 - loadIPPluginJar : add ipddr
2024-03-05 05:41:10,535 [INFO] IPUIPlugin:80 - create IPUIPlugin
2024-03-05 05:41:10,535 [INFO] PluginManager:220 - loadIPPluginJar : add usart
2024-03-05 05:41:10,536 [INFO] IPUIPlugin:80 - create IPUIPlugin
2024-03-05 05:41:10,536 [INFO] PluginManager:220 - loadIPPluginJar : add ltdc
2024-03-05 05:41:10,538 [INFO] IPUIPlugin:80 - create IPUIPlugin
2024-03-05 05:41:10,538 [INFO] PluginManager:220 - loadIPPluginJar : add nvic
2024-03-05 05:41:10,538 [INFO] IPUIPlugin:80 - create IPUIPlugin
2024-03-05 05:41:10,538 [INFO] PluginManager:220 - loadIPPluginJar : add fatfs
2024-03-05 05:41:10,542 [INFO] IPUIPlugin:80 - create IPUIPlugin
2024-03-05 05:41:10,542 [INFO] PluginManager:220 - loadIPPluginJar : add linkedlist
2024-03-05 05:41:10,545 [INFO] IPUIPlugin:80 - create IPUIPlugin
2024-03-05 05:41:10,545 [INFO] PluginManager:220 - loadIPPluginJar : add dma
2024-03-05 05:41:10,546 [INFO] IPUIPlugin:80 - create IPUIPlugin
2024-03-05 05:41:10,546 [INFO] PluginManager:220 - loadIPPluginJar : add fmc
2024-03-05 05:41:10,547 [INFO] IPUIPlugin:80 - create IPUIPlugin
2024-03-05 05:41:10,547 [INFO] PluginManager:220 - loadIPPluginJar : add i2s
2024-03-05 05:41:10,548 [INFO] IPUIPlugin:80 - create IPUIPlugin
2024-03-05 05:41:10,548 [INFO] PluginManager:220 - loadIPPluginJar : add ucpd
2024-03-05 05:41:10,549 [INFO] IPUIPlugin:80 - create IPUIPlugin
2024-03-05 05:41:10,549 [INFO] PluginManager:220 - loadIPPluginJar : add lorawan
2024-03-05 05:41:10,550 [INFO] IPUIPlugin:80 - create IPUIPlugin
2024-03-05 05:41:10,550 [INFO] PluginManager:220 - loadIPPluginJar : add opamp
2024-03-05 05:41:10,551 [INFO] IPUIPlugin:80 - create IPUIPlugin
2024-03-05 05:41:10,551 [INFO] PluginManager:220 - loadIPPluginJar : add i3c
2024-03-05 05:41:10,552 [INFO] IPUIPlugin:80 - create IPUIPlugin
2024-03-05 05:41:10,552 [INFO] PluginManager:220 - loadIPPluginJar : add touchsensing
2024-03-05 05:41:10,553 [INFO] IPUIPlugin:80 - create IPUIPlugin
2024-03-05 05:41:10,553 [INFO] PluginManager:220 - loadIPPluginJar : add i2c
2024-03-05 05:41:10,554 [INFO] IPUIPlugin:80 - create IPUIPlugin
2024-03-05 05:41:10,555 [INFO] PluginManager:220 - loadIPPluginJar : add resmgrutility
2024-03-05 05:41:10,557 [INFO] IPUIPlugin:80 - create IPUIPlugin
2024-03-05 05:41:10,557 [INFO] PluginManager:220 - loadIPPluginJar : add sai
2024-03-05 05:41:10,559 [INFO] IPUIPlugin:80 - create IPUIPlugin
2024-03-05 05:41:10,559 [INFO] PluginManager:220 - loadIPPluginJar : add usbx
2024-03-05 05:41:10,666 [INFO] CADModel:165 - CPN selected for project level
2024-03-05 05:41:10,666 [INFO] CADModel:114 - Register for checkConnection events
2024-03-05 05:41:10,666 [FATAL] Updater:308 - Updater called before beeing initialized
2024-03-05 05:41:10,666 [ERROR] CADModel:125 - Updater not yet initialized, retry later 
2024-03-05 05:41:10,847 [INFO] CADModel:165 - CPN selected for project level
2024-03-05 05:41:10,848 [INFO] CADModel:114 - Register for checkConnection events
2024-03-05 05:41:10,848 [FATAL] Updater:308 - Updater called before beeing initialized
2024-03-05 05:41:10,848 [ERROR] CADModel:125 - Updater not yet initialized, retry later 
2024-03-05 05:41:10,849 [FATAL] Updater:308 - Updater called before beeing initialized
2024-03-05 05:41:10,957 [FATAL] Updater:308 - Updater called before beeing initialized
2024-03-05 05:41:10,962 [INFO] DbMcusAds:53 - JSON generation date=Wed Nov 29 19:52:27 KST 2023 (1701255147349)
2024-03-05 05:41:10,962 [FATAL] Updater:308 - Updater called before beeing initialized
2024-03-05 05:41:11,648 [WARN] DetailPanel:346 - Failed to get advertising image, set to default
2024-03-05 05:41:11,698 [FATAL] Updater:308 - Updater called before beeing initialized
2024-03-05 05:41:11,699 [FATAL] Updater:308 - Updater called before beeing initialized
2024-03-05 05:41:11,699 [FATAL] Updater:308 - Updater called before beeing initialized
2024-03-05 05:41:11,699 [WARN] DetailPanel:346 - Failed to get advertising image, set to default
2024-03-05 05:41:11,700 [FATAL] Updater:308 - Updater called before beeing initialized
2024-03-05 05:41:11,802 [ERROR] Updater:1120 - MainUpdater not yet initialized. External WinMGr cannot be set.
2024-03-05 05:41:11,839 [INFO] Updater:1056 - Updater Version found : 6.10.0
2024-03-05 05:41:11,852 [INFO] ApplicationProperties:184 - Using Application install path: /Applications/STM32CubeIDE.app/Contents/Eclipse/plugins/com.st.stm32cube.common.mx_6.10.0.202311202037
2024-03-05 05:41:13,017 [INFO] ThirdPartyUpdaterWithRetryManager:70 - Updater plugin not ready yet. [2/15]
2024-03-05 05:41:13,140 [INFO] MainUpdater:2873 - connection check result : 10
2024-03-05 05:41:13,144 [INFO] MainUpdater:290 - Updater Check For Update Now.
2024-03-05 05:41:13,145 [INFO] MicroXplorer:498 - Change Database Version : DB.6.0.100
2024-03-05 05:41:13,153 [INFO] McuFinderGlobals:63 - Set McuFinder mode to 2 (CubeIDE integrated)
2024-03-05 05:41:13,153 [INFO] UserAuth:180 - activating auth plugin
2024-03-05 05:41:13,166 [INFO] UserAuth:404 - Internet connection configuration mode: 1
2024-03-05 05:41:13,178 [INFO] JxBrowserEngine:152 - Initiate JxBrowser Engine with user profile folder
2024-03-05 05:41:13,388 [INFO] CheckServerUpdateThread:120 - End of CheckServer Thread
2024-03-05 05:41:16,123 [WARN] PackLoader:240 - Cannot read IP mode file for STMicroelectronics.X-CUBE-SMBUS.2.1.0
2024-03-05 05:41:16,141 [WARN] PackLoader:240 - Cannot read IP mode file for STMicroelectronics.X-CUBE-TOUCHGFX.4.23.0
2024-03-05 05:41:16,203 [WARN] PackLoader:240 - Cannot read IP mode file for STMicroelectronics.X-CUBE-AZRTOS-F7.1.1.0
2024-03-05 05:41:16,260 [WARN] PackLoader:240 - Cannot read IP mode file for STMicroelectronics.FP-SNS-MOTENV1.4.3.2
2024-03-05 05:41:16,310 [WARN] PackLoader:240 - Cannot read IP mode file for STMicroelectronics.FP-SNS-FLIGHT1.5.0.2
2024-03-05 05:41:16,352 [WARN] PackLoader:240 - Cannot read IP mode file for STMicroelectronics.X-CUBE-DISPLAY.3.0.0
2024-03-05 05:41:16,416 [WARN] PackLoader:240 - Cannot read IP mode file for STMicroelectronics.X-CUBE-BLE1.7.0.0
2024-03-05 05:41:16,439 [WARN] PackLoader:240 - Cannot read IP mode file for emotas.I-CUBE-CANOPEN.1.3.0
2024-03-05 05:41:16,467 [WARN] PackLoader:240 - Cannot read IP mode file for STMicroelectronics.X-CUBE-BLEMGR.3.1.0
2024-03-05 05:41:16,480 [WARN] PackLoader:240 - Cannot read IP mode file for STMicroelectronics.FP-SNS-SMARTAG2.1.2.0
2024-03-05 05:41:16,498 [INFO] LogOutputStream:77 - [STDOUT_REDIRECT] 1 : Invalid condition id : UX_CORESTACK_Condition cause : null
2024-03-05 05:41:16,500 [INFO] LogOutputStream:77 - [STDOUT_REDIRECT] 1 : Invalid condition id : UX_CORESTACK_Condition cause : null
2024-03-05 05:41:16,501 [INFO] LogOutputStream:77 - [STDOUT_REDIRECT] 1 : Invalid condition id : UX_CORESTACK_Condition cause : null
2024-03-05 05:41:16,501 [INFO] LogOutputStream:77 - [STDOUT_REDIRECT] 1 : Invalid condition id : UX_CORESTACK_Condition cause : null
2024-03-05 05:41:16,501 [INFO] LogOutputStream:77 - [STDOUT_REDIRECT] 1 : Invalid condition id : UX_CORESTACK_Condition cause : null
2024-03-05 05:41:16,506 [WARN] PackLoader:240 - Cannot read IP mode file for STMicroelectronics.X-CUBE-AZRTOS-WL.2.0.0
2024-03-05 05:41:16,524 [WARN] PackLoader:240 - Cannot read IP mode file for WES.I-CUBE-Cesium.1.3.0
2024-03-05 05:41:16,536 [WARN] PackLoader:240 - Cannot read IP mode file for STMicroelectronics.X-CUBE-BLE2.3.3.0
2024-03-05 05:41:16,554 [WARN] PackLoader:240 - Cannot read IP mode file for STMicroelectronics.X-CUBE-ALGOBUILD.1.3.0
2024-03-05 05:41:16,598 [WARN] PackLoader:240 - Cannot read IP mode file for STMicroelectronics.X-CUBE-AZRTOS-G0.1.1.0
2024-03-05 05:41:16,622 [WARN] PackLoader:240 - Cannot read IP mode file for STMicroelectronics.X-CUBE-NFC4.3.0.0
2024-03-05 05:41:16,639 [WARN] PackLoader:240 - Cannot read IP mode file for STMicroelectronics.X-CUBE-BLEMGR.3.0.0
2024-03-05 05:41:16,646 [WARN] PackLoader:240 - Cannot read IP mode file for STMicroelectronics.FP-ATR-SIGFOX1.3.2.0
2024-03-05 05:41:16,667 [WARN] PackLoader:240 - Cannot read IP mode file for STMicroelectronics.X-CUBE-EEPRMA1.5.1.0
2024-03-05 05:41:16,729 [WARN] PackLoader:240 - Cannot read IP mode file for SEGGER.I-CUBE-embOS.1.3.1
2024-03-05 05:41:16,790 [WARN] PackLoader:240 - Cannot read IP mode file for STMicroelectronics.X-CUBE-GNSS1.6.0.0
2024-03-05 05:41:16,825 [WARN] PackLoader:240 - Cannot read IP mode file for STMicroelectronics.X-CUBE-AZRTOS-F4.1.1.0
2024-03-05 05:41:16,848 [WARN] PackLoader:240 - Cannot read IP mode file for wolfSSL.I-CUBE-wolfSSL.5.6.6
2024-03-05 05:41:16,871 [WARN] PackLoader:240 - Cannot read IP mode file for STMicroelectronics.X-CUBE-AZRTOS-L5.2.0.0
2024-03-05 05:41:16,880 [WARN] PackLoader:240 - Cannot read IP mode file for ITTIA_DB.I-CUBE-ITTIADB.8.8.0
2024-03-05 05:41:16,885 [WARN] PackLoader:240 - Cannot read IP mode file for STMicroelectronics.X-CUBE-NFC7.1.0.1
2024-03-05 05:41:16,899 [WARN] PackLoader:240 - Cannot read IP mode file for STMicroelectronics.X-CUBE-NFC6.3.0.0
2024-03-05 05:41:16,905 [WARN] PackLoader:240 - Cannot read IP mode file for STMicroelectronics.X-CUBE-AI.8.1.0
2024-03-05 05:41:16,925 [WARN] ConditionMgr:438 - getConditionDescription Invalid condition id : LAN8742 Phy interface Condition cause : null
2024-03-05 05:41:16,926 [WARN] PackLoader:240 - Cannot read IP mode file for STMicroelectronics.X-CUBE-AZRTOS-L4.2.0.0
2024-03-05 05:41:16,931 [WARN] ConditionMgr:1039 - genDependencies : Invalid condition id : LAN8742 Phy interface Condition cause : null
2024-03-05 05:41:16,932 [WARN] ConditionMgr:1039 - genDependencies : Invalid condition id : LAN8742 Phy interface Condition cause : null
2024-03-05 05:41:16,937 [WARN] ConditionMgr:1039 - genDependencies : Invalid condition id : LAN8742 Phy interface Condition cause : null
2024-03-05 05:41:16,953 [WARN] PackLoader:240 - Cannot read IP mode file for STMicroelectronics.X-CUBE-SFXS2LP1.4.0.0
2024-03-05 05:41:16,973 [WARN] ConditionMgr:438 - getConditionDescription Invalid condition id : UX DEVICE CLASS RTOS Condition cause : null
2024-03-05 05:41:16,973 [WARN] ConditionMgr:438 - getConditionDescription Invalid condition id : UX DEVICE CLASS RTOS Condition cause : null
2024-03-05 05:41:16,977 [WARN] PackLoader:240 - Cannot read IP mode file for STMicroelectronics.X-CUBE-AZRTOS-WB.2.0.0
2024-03-05 05:41:16,980 [WARN] ConditionMgr:1039 - genDependencies : Invalid condition id : UX DEVICE CLASS RTOS Condition cause : null
2024-03-05 05:41:16,980 [WARN] ConditionMgr:1039 - genDependencies : Invalid condition id : UX DEVICE CLASS RTOS Condition cause : null
2024-03-05 05:41:16,981 [WARN] ConditionMgr:1039 - genDependencies : Invalid condition id : UX DEVICE CLASS RTOS Condition cause : null
2024-03-05 05:41:16,981 [WARN] ConditionMgr:1039 - genDependencies : Invalid condition id : UX DEVICE CLASS RTOS Condition cause : null
2024-03-05 05:41:16,981 [WARN] ConditionMgr:1039 - genDependencies : Invalid condition id : UX DEVICE CLASS RTOS Condition cause : null
2024-03-05 05:41:17,000 [WARN] PackLoader:240 - Cannot read IP mode file for STMicroelectronics.X-CUBE-SUBG2.5.0.0
2024-03-05 05:41:17,023 [WARN] PackLoader:240 - Cannot read IP mode file for STMicroelectronics.X-CUBE-AZRTOS-G4.2.0.0
2024-03-05 05:41:17,037 [WARN] PackLoader:240 - Cannot read IP mode file for Infineon.AIROC-Wi-Fi-Bluetooth-STM32.1.5.1
2024-03-05 05:41:17,051 [WARN] PackLoader:240 - Cannot read IP mode file for STMicroelectronics.FP-SNS-MOTENVWB1.1.3.1
2024-03-05 05:41:17,058 [WARN] PackLoader:240 - Cannot read IP mode file for STMicroelectronics.X-CUBE-ISPU.2.0.0
2024-03-05 05:41:17,109 [WARN] PackLoader:240 - Cannot read IP mode file for STMicroelectronics.X-CUBE-MEMS1.10.0.0
2024-03-05 05:41:17,221 [WARN] PackLoader:240 - Cannot read IP mode file for STMicroelectronics.X-CUBE-FREERTOS.1.1.0
2024-03-05 05:41:17,229 [WARN] PackLoader:240 - Cannot read IP mode file for portGmbH.I-Cube-SoM-uGOAL.1.1.0
2024-03-05 05:41:17,237 [WARN] PackLoader:240 - Cannot read IP mode file for STMicroelectronics.X-CUBE-ALS.1.0.1
2024-03-05 05:41:17,244 [WARN] PackLoader:240 - Cannot read IP mode file for STMicroelectronics.FP-ATR-ASTRA1.2.0.0
2024-03-05 05:41:17,254 [WARN] PackLoader:240 - Cannot read IP mode file for STMicroelectronics.X-CUBE-TOF1.3.4.0
2024-03-05 05:41:17,285 [WARN] PackLoader:240 - Cannot read IP mode file for STMicroelectronics.X-CUBE-AZRTOS-H7.3.2.0
2024-03-05 05:41:17,292 [INFO] ThirdParty:978 - Integrity check success = true
2024-03-05 05:41:17,293 [INFO] IntegrityCheckThread:100 - exiting critical section [integrity check]
2024-03-05 05:41:17,293 [INFO] IntegrityCheckThread:103 - End integrity checks thread
2024-03-05 05:41:19,485 [INFO] WebApp:161 - Instantiating new browser for Auth
2024-03-05 05:41:20,395 [INFO] WebApp:780 - Register for checkConnection events
2024-03-05 05:41:20,397 [INFO] WebApp:414 - Apply proxy settings
2024-03-05 05:41:20,412 [INFO] WebApp:459 - Chromium authenticates against Manually configured proxy
2024-03-05 05:41:20,429 [INFO] WebApp:467 - Username used for proxy authentication: 
2024-03-05 05:41:20,538 [INFO] WebApp:192 - Starting web application
2024-03-05 05:41:20,539 [INFO] WebApp:544 - Web application path used /Applications/STM32CubeIDE.app/Contents/Eclipse/plugins/com.st.stm32cube.common.mx_6.10.0.202311202037/db/plugins/mcufinder/reactClient1/index.html
2024-03-05 05:41:32,024 [ERROR] LogOutputStream:75 - [STDERR_REDIRECT] Warning: NLS missing message: GotoMatchingBracket_error_noMatchingBracket in: org.eclipse.ui.internal.genericeditor.messages
2024-03-05 05:41:32,025 [ERROR] LogOutputStream:75 - [STDERR_REDIRECT] Warning: NLS missing message: GotoMatchingBracket_error_bracketOutsideSelectedElement in: org.eclipse.ui.internal.genericeditor.messages
2024-03-05 05:41:41,932 [ERROR] LogOutputStream:75 - [STDERR_REDIRECT] SLF4J: Failed to load class "org.slf4j.impl.StaticLoggerBinder".
2024-03-05 05:41:41,934 [ERROR] LogOutputStream:75 - [STDERR_REDIRECT] SLF4J: Defaulting to no-operation (NOP) logger implementation
2024-03-05 05:41:41,934 [ERROR] LogOutputStream:75 - [STDERR_REDIRECT] SLF4J: See http://www.slf4j.org/codes.html#StaticLoggerBinder for further details.
